[2024-01-14T21:45:18.471+0000] {taskinstance.py:1957} INFO - Dependencies all met for dep_context=non-requeueable deps ti=<TaskInstance: test_workflow_tft.tft_pipeline scheduled__2024-01-13T00:00:00+00:00 [queued]>
[2024-01-14T21:45:18.477+0000] {taskinstance.py:1957} INFO - Dependencies all met for dep_context=requeueable deps ti=<TaskInstance: test_workflow_tft.tft_pipeline scheduled__2024-01-13T00:00:00+00:00 [queued]>
[2024-01-14T21:45:18.477+0000] {taskinstance.py:2171} INFO - Starting attempt 1 of 1
[2024-01-14T21:45:18.487+0000] {taskinstance.py:2192} INFO - Executing <Task(PythonOperator): tft_pipeline> on 2024-01-13 00:00:00+00:00
[2024-01-14T21:45:18.489+0000] {standard_task_runner.py:60} INFO - Started process 319 to run task
[2024-01-14T21:45:18.491+0000] {standard_task_runner.py:87} INFO - Running: ['***', 'tasks', 'run', 'test_workflow_tft', 'tft_pipeline', 'scheduled__2024-01-13T00:00:00+00:00', '--job-id', '36', '--raw', '--subdir', 'DAGS_FOLDER/test_workflow_tft.py', '--cfg-path', '/tmp/tmpa9xhq9p3']
[2024-01-14T21:45:18.492+0000] {standard_task_runner.py:88} INFO - Job 36: Subtask tft_pipeline
[2024-01-14T21:45:18.529+0000] {task_command.py:423} INFO - Running <TaskInstance: test_workflow_tft.tft_pipeline scheduled__2024-01-13T00:00:00+00:00 [running]> on host 78bb24a4dd2e
[2024-01-14T21:45:18.685+0000] {taskinstance.py:2481} INFO - Exporting env vars: AIRFLOW_CTX_DAG_OWNER='Andres Medina' AIRFLOW_CTX_DAG_ID='test_workflow_tft' AIRFLOW_CTX_TASK_ID='tft_pipeline' AIRFLOW_CTX_EXECUTION_DATE='2024-01-13T00:00:00+00:00' AIRFLOW_CTX_TRY_NUMBER='1' AIRFLOW_CTX_DAG_RUN_ID='scheduled__2024-01-13T00:00:00+00:00'
[2024-01-14T21:45:18.876+0000] {Limits.py:87} INFO - rate limit changed from 0/0s to 20/1s
[2024-01-14T21:45:18.876+0000] {Limits.py:87} INFO - rate limit changed from 0/0s to 100/120s
[2024-01-14T21:45:18.876+0000] {Limits.py:87} INFO - rate limit changed from 0/0s to 2000/60s
[2024-01-14T21:45:19.073+0000] {Limits.py:87} INFO - rate limit changed from 0/0s to 20/1s
[2024-01-14T21:45:19.074+0000] {Limits.py:87} INFO - rate limit changed from 0/0s to 100/120s
[2024-01-14T21:45:19.074+0000] {Limits.py:87} INFO - rate limit changed from 0/0s to 400/10s
[2024-01-14T21:45:19.146+0000] {Limits.py:87} INFO - rate limit changed from 0/0s to 200/10s
[2024-01-14T21:45:19.835+0000] {OopsRateLimiter.py:41} INFO - hit 429 from "application" limit! retrying after 1 seconds
[2024-01-14T21:45:19.836+0000] {taskinstance.py:2699} ERROR - Task failed with exception
Traceback (most recent call last):
  File "/home/airflow/.local/lib/python3.8/site-packages/riotwatcher/Handlers/ThrowOnErrorHandler.py", line 18, in after_request
    response.raise_for_status()
  File "/home/airflow/.local/lib/python3.8/site-packages/requests/models.py", line 1021, in raise_for_status
    raise HTTPError(http_error_msg, response=self)
requests.exceptions.HTTPError: 429 Client Error: Too Many Requests for url: https://europe.api.riotgames.com/tft/match/v1/matches/EUW1_6764546455

During handling of the above exception, another exception occurred:

Traceback (most recent call last):
  File "/home/airflow/.local/lib/python3.8/site-packages/airflow/models/taskinstance.py", line 433, in _execute_task
    result = execute_callable(context=context, **execute_callable_kwargs)
  File "/home/airflow/.local/lib/python3.8/site-packages/airflow/operators/python.py", line 199, in execute
    return_value = self.execute_callable()
  File "/home/airflow/.local/lib/python3.8/site-packages/airflow/operators/python.py", line 216, in execute_callable
    return self.python_callable(*self.op_args, **self.op_kwargs)
  File "/opt/airflow/dags/tft_project.py", line 20, in tft_pipeline
    matches = [watcher.match.by_id(my_region, item) for item in matches_ids]
  File "/opt/airflow/dags/tft_project.py", line 20, in <listcomp>
    matches = [watcher.match.by_id(my_region, item) for item in matches_ids]
  File "/home/airflow/.local/lib/python3.8/site-packages/riotwatcher/_apis/helpers.py", line 37, in remapper
    return api_call(*nargs, **kwargs)
  File "/home/airflow/.local/lib/python3.8/site-packages/riotwatcher/_apis/team_fight_tactics/MatchApi.py", line 75, in by_id
    return self._request_endpoint(
  File "/home/airflow/.local/lib/python3.8/site-packages/riotwatcher/_apis/NamedEndpoint.py", line 36, in _request_endpoint
    return self._base_api.raw_request(
  File "/home/airflow/.local/lib/python3.8/site-packages/riotwatcher/_apis/BaseApi.py", line 51, in raw_request
    mod = handler.after_request(
  File "/home/airflow/.local/lib/python3.8/site-packages/riotwatcher/Handlers/ThrowOnErrorHandler.py", line 20, in after_request
    raise ApiError(*err.args, request=err.request, response=err.response)
requests.exceptions.HTTPError: 429 Client Error: Too Many Requests for url: https://europe.api.riotgames.com/tft/match/v1/matches/EUW1_6764546455
[2024-01-14T21:45:19.853+0000] {taskinstance.py:1138} INFO - Marking task as FAILED. dag_id=test_workflow_tft, task_id=tft_pipeline, execution_date=20240113T000000, start_date=20240114T214518, end_date=20240114T214519
[2024-01-14T21:45:19.864+0000] {standard_task_runner.py:107} ERROR - Failed to execute job 36 for task tft_pipeline (429 Client Error: Too Many Requests for url: https://europe.api.riotgames.com/tft/match/v1/matches/EUW1_6764546455; 319)
[2024-01-14T21:45:19.906+0000] {local_task_job_runner.py:234} INFO - Task exited with return code 1
[2024-01-14T21:45:19.920+0000] {taskinstance.py:3281} INFO - 0 downstream tasks scheduled from follow-on schedule check
[2024-01-14T21:49:34.677+0000] {taskinstance.py:1957} INFO - Dependencies all met for dep_context=non-requeueable deps ti=<TaskInstance: test_workflow_tft.tft_pipeline scheduled__2024-01-13T00:00:00+00:00 [queued]>
[2024-01-14T21:49:34.684+0000] {taskinstance.py:1957} INFO - Dependencies all met for dep_context=requeueable deps ti=<TaskInstance: test_workflow_tft.tft_pipeline scheduled__2024-01-13T00:00:00+00:00 [queued]>
[2024-01-14T21:49:34.685+0000] {taskinstance.py:2171} INFO - Starting attempt 1 of 1
[2024-01-14T21:49:34.694+0000] {taskinstance.py:2192} INFO - Executing <Task(PythonOperator): tft_pipeline> on 2024-01-13 00:00:00+00:00
[2024-01-14T21:49:34.698+0000] {standard_task_runner.py:60} INFO - Started process 376 to run task
[2024-01-14T21:49:34.699+0000] {standard_task_runner.py:87} INFO - Running: ['***', 'tasks', 'run', 'test_workflow_tft', 'tft_pipeline', 'scheduled__2024-01-13T00:00:00+00:00', '--job-id', '37', '--raw', '--subdir', 'DAGS_FOLDER/test_workflow_tft.py', '--cfg-path', '/tmp/tmpoka__plk']
[2024-01-14T21:49:34.700+0000] {standard_task_runner.py:88} INFO - Job 37: Subtask tft_pipeline
[2024-01-14T21:49:34.738+0000] {task_command.py:423} INFO - Running <TaskInstance: test_workflow_tft.tft_pipeline scheduled__2024-01-13T00:00:00+00:00 [running]> on host 78bb24a4dd2e
[2024-01-14T21:49:34.901+0000] {taskinstance.py:2481} INFO - Exporting env vars: AIRFLOW_CTX_DAG_OWNER='Andres Medina' AIRFLOW_CTX_DAG_ID='test_workflow_tft' AIRFLOW_CTX_TASK_ID='tft_pipeline' AIRFLOW_CTX_EXECUTION_DATE='2024-01-13T00:00:00+00:00' AIRFLOW_CTX_TRY_NUMBER='1' AIRFLOW_CTX_DAG_RUN_ID='scheduled__2024-01-13T00:00:00+00:00'
[2024-01-14T21:49:35.091+0000] {Limits.py:87} INFO - rate limit changed from 0/0s to 20/1s
[2024-01-14T21:49:35.091+0000] {Limits.py:87} INFO - rate limit changed from 0/0s to 100/120s
[2024-01-14T21:49:35.091+0000] {Limits.py:87} INFO - rate limit changed from 0/0s to 2000/60s
[2024-01-14T21:49:35.246+0000] {Limits.py:87} INFO - rate limit changed from 0/0s to 20/1s
[2024-01-14T21:49:35.247+0000] {Limits.py:87} INFO - rate limit changed from 0/0s to 100/120s
[2024-01-14T21:49:35.247+0000] {Limits.py:87} INFO - rate limit changed from 0/0s to 400/10s
[2024-01-14T21:49:35.390+0000] {Limits.py:87} INFO - rate limit changed from 0/0s to 200/10s
[2024-01-14T21:49:37.129+0000] {logging_mixin.py:188} INFO -                                              augments  ...  level
0   [_Vampirism, _SpellweaverHalftimeShow, Command...  ...      8
1          [PhreakyFriday, RadiantRelics, OneTwoFive]  ...      9
2               [EscortQuest, Keepers1, YouHaveMyBow]  ...      9
3          [JeweledLotus, _Bedazzled, _LittleBuddies]  ...      9
4   [_VampirismPlus, RadiantRelics, PortableForgeP...  ...     10
5          [IronAssets, YouHaveMySword, YouHaveMyBow]  ...      9
6   [ClutteredMind, Commander_RollingForDays, _Exe...  ...      8
7    [ItemGrabBag1, PortableForgePlus, ForceOfNature]  ...      8
8        [SalvageBin, TwoHealthy, StationarySupport2]  ...      9
9   [CyberneticBulk1, Commander_RollingForDays, St...  ...      8
10             [ClearMind, LastStand, _DoubleTheFunk]  ...      8
11  [_TwinTerror2, ImpenetrableBulwark, Cybernetic...  ...      7
12         [BardPlaybook2, ArmyBuilding, TonsOfStats]  ...      8
13  [YouHaveMySword, YoungAndWildAndFree, JeweledL...  ...      6
14  [RichGetRicher, GreaterJeweledLotus, _CrashTes...  ...      8
15    [StationarySupport2, Martyr, _CrashTestDummies]  ...      9
16  [Idealism, Commander_RollingForDays, PortableF...  ...      8
17  [DravenSpoilsOfWar3, LuckyGlovesPlus, Portable...  ...      7
18       [_Vampirism, _HeroicGrabBag, _RampingRhythm]  ...      7
19  [YouHaveMyBow, _InspiringEpitaph, BalancedBudg...  ...      9

[20 rows x 4 columns]
[2024-01-14T21:49:37.168+0000] {python.py:201} INFO - Done. Returned value was: None
[2024-01-14T21:49:37.178+0000] {taskinstance.py:1138} INFO - Marking task as SUCCESS. dag_id=test_workflow_tft, task_id=tft_pipeline, execution_date=20240113T000000, start_date=20240114T214934, end_date=20240114T214937
[2024-01-14T21:49:37.198+0000] {local_task_job_runner.py:234} INFO - Task exited with return code 0
[2024-01-14T21:49:37.212+0000] {taskinstance.py:3281} INFO - 0 downstream tasks scheduled from follow-on schedule check
[2024-01-14T22:19:58.622+0000] {taskinstance.py:1957} INFO - Dependencies all met for dep_context=non-requeueable deps ti=<TaskInstance: test_workflow_tft.tft_pipeline scheduled__2024-01-13T00:00:00+00:00 [queued]>
[2024-01-14T22:19:58.629+0000] {taskinstance.py:1957} INFO - Dependencies all met for dep_context=requeueable deps ti=<TaskInstance: test_workflow_tft.tft_pipeline scheduled__2024-01-13T00:00:00+00:00 [queued]>
[2024-01-14T22:19:58.629+0000] {taskinstance.py:2171} INFO - Starting attempt 1 of 1
[2024-01-14T22:19:58.639+0000] {taskinstance.py:2192} INFO - Executing <Task(PythonOperator): tft_pipeline> on 2024-01-13 00:00:00+00:00
[2024-01-14T22:19:58.643+0000] {standard_task_runner.py:60} INFO - Started process 742 to run task
[2024-01-14T22:19:58.644+0000] {standard_task_runner.py:87} INFO - Running: ['***', 'tasks', 'run', 'test_workflow_tft', 'tft_pipeline', 'scheduled__2024-01-13T00:00:00+00:00', '--job-id', '39', '--raw', '--subdir', 'DAGS_FOLDER/test_workflow_tft.py', '--cfg-path', '/tmp/tmpqttx2cqx']
[2024-01-14T22:19:58.645+0000] {standard_task_runner.py:88} INFO - Job 39: Subtask tft_pipeline
[2024-01-14T22:19:58.687+0000] {task_command.py:423} INFO - Running <TaskInstance: test_workflow_tft.tft_pipeline scheduled__2024-01-13T00:00:00+00:00 [running]> on host 78bb24a4dd2e
[2024-01-14T22:19:58.878+0000] {taskinstance.py:2481} INFO - Exporting env vars: AIRFLOW_CTX_DAG_OWNER='Andres Medina' AIRFLOW_CTX_DAG_ID='test_workflow_tft' AIRFLOW_CTX_TASK_ID='tft_pipeline' AIRFLOW_CTX_EXECUTION_DATE='2024-01-13T00:00:00+00:00' AIRFLOW_CTX_TRY_NUMBER='1' AIRFLOW_CTX_DAG_RUN_ID='scheduled__2024-01-13T00:00:00+00:00'
[2024-01-14T22:19:59.028+0000] {Limits.py:87} INFO - rate limit changed from 0/0s to 20/1s
[2024-01-14T22:19:59.028+0000] {Limits.py:87} INFO - rate limit changed from 0/0s to 100/120s
[2024-01-14T22:19:59.028+0000] {Limits.py:87} INFO - rate limit changed from 0/0s to 2000/60s
[2024-01-14T22:19:59.176+0000] {Limits.py:87} INFO - rate limit changed from 0/0s to 20/1s
[2024-01-14T22:19:59.176+0000] {Limits.py:87} INFO - rate limit changed from 0/0s to 100/120s
[2024-01-14T22:19:59.176+0000] {Limits.py:87} INFO - rate limit changed from 0/0s to 400/10s
[2024-01-14T22:19:59.246+0000] {Limits.py:87} INFO - rate limit changed from 0/0s to 200/10s
[2024-01-14T22:20:01.199+0000] {logging_mixin.py:188} INFO -                                              augments  ...  level
0   [_Vampirism, _SpellweaverHalftimeShow, Command...  ...      8
1          [PhreakyFriday, RadiantRelics, OneTwoFive]  ...      9
2               [EscortQuest, Keepers1, YouHaveMyBow]  ...      9
3          [JeweledLotus, _Bedazzled, _LittleBuddies]  ...      9
4   [_VampirismPlus, RadiantRelics, PortableForgeP...  ...     10
5          [IronAssets, YouHaveMySword, YouHaveMyBow]  ...      9
6   [ClutteredMind, Commander_RollingForDays, _Exe...  ...      8
7    [ItemGrabBag1, PortableForgePlus, ForceOfNature]  ...      8
8        [SalvageBin, TwoHealthy, StationarySupport2]  ...      9
9   [CyberneticBulk1, Commander_RollingForDays, St...  ...      8
10             [ClearMind, LastStand, _DoubleTheFunk]  ...      8
11  [_TwinTerror2, ImpenetrableBulwark, Cybernetic...  ...      7
12         [BardPlaybook2, ArmyBuilding, TonsOfStats]  ...      8
13  [YouHaveMySword, YoungAndWildAndFree, JeweledL...  ...      6
14  [RichGetRicher, GreaterJeweledLotus, _CrashTes...  ...      8
15    [StationarySupport2, Martyr, _CrashTestDummies]  ...      9
16  [Idealism, Commander_RollingForDays, PortableF...  ...      8
17  [DravenSpoilsOfWar3, LuckyGlovesPlus, Portable...  ...      7
18       [_Vampirism, _HeroicGrabBag, _RampingRhythm]  ...      7
19  [YouHaveMyBow, _InspiringEpitaph, BalancedBudg...  ...      9

[20 rows x 4 columns]
[2024-01-14T22:20:01.251+0000] {python.py:201} INFO - Done. Returned value was: None
[2024-01-14T22:20:01.265+0000] {taskinstance.py:1138} INFO - Marking task as SUCCESS. dag_id=test_workflow_tft, task_id=tft_pipeline, execution_date=20240113T000000, start_date=20240114T221958, end_date=20240114T222001
[2024-01-14T22:20:01.306+0000] {local_task_job_runner.py:234} INFO - Task exited with return code 0
[2024-01-14T22:20:01.322+0000] {taskinstance.py:3281} INFO - 0 downstream tasks scheduled from follow-on schedule check
