[2024-02-02T15:50:30.834+0000] {processor.py:161} INFO - Started process (PID=71) to work on /opt/airflow/dags/tft_sp_stats.py
[2024-02-02T15:50:30.835+0000] {processor.py:830} INFO - Processing file /opt/airflow/dags/tft_sp_stats.py for tasks to queue
[2024-02-02T15:50:30.836+0000] {logging_mixin.py:188} INFO - [2024-02-02T15:50:30.836+0000] {dagbag.py:538} INFO - Filling up the DagBag from /opt/airflow/dags/tft_sp_stats.py
[2024-02-02T15:50:31.458+0000] {logging_mixin.py:188} INFO - [2024-02-02T15:50:31.457+0000] {Limits.py:87} INFO - rate limit changed from 0/0s to 20/1s
[2024-02-02T15:50:31.458+0000] {logging_mixin.py:188} INFO - [2024-02-02T15:50:31.458+0000] {Limits.py:87} INFO - rate limit changed from 0/0s to 100/120s
[2024-02-02T15:50:31.459+0000] {logging_mixin.py:188} INFO - [2024-02-02T15:50:31.458+0000] {Limits.py:87} INFO - rate limit changed from 0/0s to 2000/60s
[2024-02-02T15:50:31.905+0000] {logging_mixin.py:188} INFO - [2024-02-02T15:50:31.905+0000] {Limits.py:87} INFO - rate limit changed from 0/0s to 20/1s
[2024-02-02T15:50:31.906+0000] {logging_mixin.py:188} INFO - [2024-02-02T15:50:31.905+0000] {Limits.py:87} INFO - rate limit changed from 0/0s to 100/120s
[2024-02-02T15:50:31.906+0000] {logging_mixin.py:188} INFO - [2024-02-02T15:50:31.906+0000] {Limits.py:87} INFO - rate limit changed from 0/0s to 400/10s
[2024-02-02T15:50:32.013+0000] {logging_mixin.py:188} INFO - [2024-02-02T15:50:32.013+0000] {Limits.py:87} INFO - rate limit changed from 0/0s to 200/10s
[2024-02-02T15:50:34.524+0000] {logging_mixin.py:188} INFO - augments     object
placement     int64
units        object
level         int64
dtype: object
[2024-02-02T15:50:34.887+0000] {processor.py:840} INFO - DAG(s) 'tft_pipeline' retrieved from /opt/airflow/dags/tft_sp_stats.py
[2024-02-02T15:50:35.024+0000] {logging_mixin.py:188} INFO - [2024-02-02T15:50:35.024+0000] {dag.py:3036} INFO - Sync 1 DAGs
[2024-02-02T15:50:35.040+0000] {logging_mixin.py:188} INFO - [2024-02-02T15:50:35.040+0000] {dag.py:3823} INFO - Setting next_dagrun for tft_pipeline to 2024-02-02 00:00:00+00:00, run_after=2024-02-03 00:00:00+00:00
[2024-02-02T15:50:35.054+0000] {processor.py:183} INFO - Processing /opt/airflow/dags/tft_sp_stats.py took 4.222 seconds
[2024-02-02T15:53:31.337+0000] {processor.py:161} INFO - Started process (PID=59) to work on /opt/airflow/dags/tft_sp_stats.py
[2024-02-02T15:53:31.337+0000] {processor.py:830} INFO - Processing file /opt/airflow/dags/tft_sp_stats.py for tasks to queue
[2024-02-02T15:53:31.338+0000] {logging_mixin.py:188} INFO - [2024-02-02T15:53:31.338+0000] {dagbag.py:538} INFO - Filling up the DagBag from /opt/airflow/dags/tft_sp_stats.py
[2024-02-02T15:53:31.703+0000] {logging_mixin.py:188} INFO - [2024-02-02T15:53:31.703+0000] {Limits.py:87} INFO - rate limit changed from 0/0s to 20/1s
[2024-02-02T15:53:31.704+0000] {logging_mixin.py:188} INFO - [2024-02-02T15:53:31.704+0000] {Limits.py:87} INFO - rate limit changed from 0/0s to 100/120s
[2024-02-02T15:53:31.704+0000] {logging_mixin.py:188} INFO - [2024-02-02T15:53:31.704+0000] {Limits.py:87} INFO - rate limit changed from 0/0s to 2000/60s
[2024-02-02T15:53:31.891+0000] {logging_mixin.py:188} INFO - [2024-02-02T15:53:31.890+0000] {Limits.py:87} INFO - rate limit changed from 0/0s to 20/1s
[2024-02-02T15:53:31.891+0000] {logging_mixin.py:188} INFO - [2024-02-02T15:53:31.891+0000] {Limits.py:87} INFO - rate limit changed from 0/0s to 100/120s
[2024-02-02T15:53:31.891+0000] {logging_mixin.py:188} INFO - [2024-02-02T15:53:31.891+0000] {Limits.py:87} INFO - rate limit changed from 0/0s to 400/10s
[2024-02-02T15:53:31.975+0000] {logging_mixin.py:188} INFO - [2024-02-02T15:53:31.974+0000] {Limits.py:87} INFO - rate limit changed from 0/0s to 200/10s
[2024-02-02T15:53:34.060+0000] {logging_mixin.py:188} INFO - augments     object
placement     int64
units        object
level         int64
dtype: object
[2024-02-02T15:53:34.248+0000] {processor.py:840} INFO - DAG(s) 'tft_pipeline' retrieved from /opt/airflow/dags/tft_sp_stats.py
[2024-02-02T15:53:34.372+0000] {logging_mixin.py:188} INFO - [2024-02-02T15:53:34.372+0000] {dag.py:3036} INFO - Sync 1 DAGs
[2024-02-02T15:53:34.387+0000] {logging_mixin.py:188} INFO - [2024-02-02T15:53:34.387+0000] {dag.py:3823} INFO - Setting next_dagrun for tft_pipeline to 2024-02-02 00:00:00+00:00, run_after=2024-02-03 00:00:00+00:00
[2024-02-02T15:53:34.400+0000] {processor.py:183} INFO - Processing /opt/airflow/dags/tft_sp_stats.py took 3.064 seconds
[2024-02-02T15:54:04.448+0000] {processor.py:161} INFO - Started process (PID=138) to work on /opt/airflow/dags/tft_sp_stats.py
[2024-02-02T15:54:04.449+0000] {processor.py:830} INFO - Processing file /opt/airflow/dags/tft_sp_stats.py for tasks to queue
[2024-02-02T15:54:04.450+0000] {logging_mixin.py:188} INFO - [2024-02-02T15:54:04.450+0000] {dagbag.py:538} INFO - Filling up the DagBag from /opt/airflow/dags/tft_sp_stats.py
[2024-02-02T15:54:04.875+0000] {logging_mixin.py:188} INFO - [2024-02-02T15:54:04.875+0000] {Limits.py:87} INFO - rate limit changed from 0/0s to 20/1s
[2024-02-02T15:54:04.876+0000] {logging_mixin.py:188} INFO - [2024-02-02T15:54:04.876+0000] {Limits.py:87} INFO - rate limit changed from 0/0s to 100/120s
[2024-02-02T15:54:04.876+0000] {logging_mixin.py:188} INFO - [2024-02-02T15:54:04.876+0000] {Limits.py:87} INFO - rate limit changed from 0/0s to 2000/60s
[2024-02-02T15:54:05.090+0000] {logging_mixin.py:188} INFO - [2024-02-02T15:54:05.089+0000] {Limits.py:87} INFO - rate limit changed from 0/0s to 20/1s
[2024-02-02T15:54:05.090+0000] {logging_mixin.py:188} INFO - [2024-02-02T15:54:05.090+0000] {Limits.py:87} INFO - rate limit changed from 0/0s to 100/120s
[2024-02-02T15:54:05.090+0000] {logging_mixin.py:188} INFO - [2024-02-02T15:54:05.090+0000] {Limits.py:87} INFO - rate limit changed from 0/0s to 400/10s
[2024-02-02T15:54:05.223+0000] {logging_mixin.py:188} INFO - [2024-02-02T15:54:05.223+0000] {Limits.py:87} INFO - rate limit changed from 0/0s to 200/10s
[2024-02-02T15:54:07.228+0000] {logging_mixin.py:188} INFO - augments     object
placement     int64
units        object
level         int64
dtype: object
[2024-02-02T15:54:07.309+0000] {processor.py:840} INFO - DAG(s) 'tft_pipeline' retrieved from /opt/airflow/dags/tft_sp_stats.py
[2024-02-02T15:54:07.329+0000] {logging_mixin.py:188} INFO - [2024-02-02T15:54:07.328+0000] {dag.py:3036} INFO - Sync 1 DAGs
[2024-02-02T15:54:07.345+0000] {logging_mixin.py:188} INFO - [2024-02-02T15:54:07.345+0000] {dag.py:3823} INFO - Setting next_dagrun for tft_pipeline to 2024-02-02 00:00:00+00:00, run_after=2024-02-03 00:00:00+00:00
[2024-02-02T15:54:07.363+0000] {processor.py:183} INFO - Processing /opt/airflow/dags/tft_sp_stats.py took 2.916 seconds
[2024-02-02T15:54:37.509+0000] {processor.py:161} INFO - Started process (PID=226) to work on /opt/airflow/dags/tft_sp_stats.py
[2024-02-02T15:54:37.509+0000] {processor.py:830} INFO - Processing file /opt/airflow/dags/tft_sp_stats.py for tasks to queue
[2024-02-02T15:54:37.510+0000] {logging_mixin.py:188} INFO - [2024-02-02T15:54:37.510+0000] {dagbag.py:538} INFO - Filling up the DagBag from /opt/airflow/dags/tft_sp_stats.py
[2024-02-02T15:54:37.958+0000] {logging_mixin.py:188} INFO - [2024-02-02T15:54:37.957+0000] {Limits.py:87} INFO - rate limit changed from 0/0s to 20/1s
[2024-02-02T15:54:37.958+0000] {logging_mixin.py:188} INFO - [2024-02-02T15:54:37.958+0000] {Limits.py:87} INFO - rate limit changed from 0/0s to 100/120s
[2024-02-02T15:54:37.958+0000] {logging_mixin.py:188} INFO - [2024-02-02T15:54:37.958+0000] {Limits.py:87} INFO - rate limit changed from 0/0s to 2000/60s
[2024-02-02T15:54:38.253+0000] {logging_mixin.py:188} INFO - [2024-02-02T15:54:38.252+0000] {Limits.py:87} INFO - rate limit changed from 0/0s to 20/1s
[2024-02-02T15:54:38.253+0000] {logging_mixin.py:188} INFO - [2024-02-02T15:54:38.253+0000] {Limits.py:87} INFO - rate limit changed from 0/0s to 100/120s
[2024-02-02T15:54:38.253+0000] {logging_mixin.py:188} INFO - [2024-02-02T15:54:38.253+0000] {Limits.py:87} INFO - rate limit changed from 0/0s to 400/10s
[2024-02-02T15:54:38.380+0000] {logging_mixin.py:188} INFO - [2024-02-02T15:54:38.380+0000] {Limits.py:87} INFO - rate limit changed from 0/0s to 200/10s
[2024-02-02T15:54:40.316+0000] {logging_mixin.py:188} INFO - augments     object
placement     int64
units        object
level         int64
dtype: object
[2024-02-02T15:54:40.396+0000] {processor.py:840} INFO - DAG(s) 'tft_pipeline' retrieved from /opt/airflow/dags/tft_sp_stats.py
[2024-02-02T15:54:40.416+0000] {logging_mixin.py:188} INFO - [2024-02-02T15:54:40.416+0000] {dag.py:3036} INFO - Sync 1 DAGs
[2024-02-02T15:54:40.432+0000] {logging_mixin.py:188} INFO - [2024-02-02T15:54:40.432+0000] {dag.py:3823} INFO - Setting next_dagrun for tft_pipeline to 2024-02-02 00:00:00+00:00, run_after=2024-02-03 00:00:00+00:00
[2024-02-02T15:54:40.444+0000] {processor.py:183} INFO - Processing /opt/airflow/dags/tft_sp_stats.py took 2.937 seconds
[2024-02-02T15:55:11.084+0000] {processor.py:161} INFO - Started process (PID=290) to work on /opt/airflow/dags/tft_sp_stats.py
[2024-02-02T15:55:11.084+0000] {processor.py:830} INFO - Processing file /opt/airflow/dags/tft_sp_stats.py for tasks to queue
[2024-02-02T15:55:11.085+0000] {logging_mixin.py:188} INFO - [2024-02-02T15:55:11.085+0000] {dagbag.py:538} INFO - Filling up the DagBag from /opt/airflow/dags/tft_sp_stats.py
[2024-02-02T15:55:11.494+0000] {logging_mixin.py:188} INFO - [2024-02-02T15:55:11.494+0000] {Limits.py:87} INFO - rate limit changed from 0/0s to 20/1s
[2024-02-02T15:55:11.495+0000] {logging_mixin.py:188} INFO - [2024-02-02T15:55:11.495+0000] {Limits.py:87} INFO - rate limit changed from 0/0s to 100/120s
[2024-02-02T15:55:11.495+0000] {logging_mixin.py:188} INFO - [2024-02-02T15:55:11.495+0000] {Limits.py:87} INFO - rate limit changed from 0/0s to 2000/60s
[2024-02-02T15:55:11.650+0000] {logging_mixin.py:188} INFO - [2024-02-02T15:55:11.650+0000] {Limits.py:87} INFO - rate limit changed from 0/0s to 20/1s
[2024-02-02T15:55:11.651+0000] {logging_mixin.py:188} INFO - [2024-02-02T15:55:11.650+0000] {Limits.py:87} INFO - rate limit changed from 0/0s to 100/120s
[2024-02-02T15:55:11.651+0000] {logging_mixin.py:188} INFO - [2024-02-02T15:55:11.651+0000] {Limits.py:87} INFO - rate limit changed from 0/0s to 400/10s
[2024-02-02T15:55:11.735+0000] {logging_mixin.py:188} INFO - [2024-02-02T15:55:11.734+0000] {Limits.py:87} INFO - rate limit changed from 0/0s to 200/10s
[2024-02-02T15:55:13.509+0000] {logging_mixin.py:188} INFO - augments     object
placement     int64
units        object
level         int64
dtype: object
[2024-02-02T15:55:13.613+0000] {processor.py:840} INFO - DAG(s) 'tft_pipeline' retrieved from /opt/airflow/dags/tft_sp_stats.py
[2024-02-02T15:55:13.635+0000] {logging_mixin.py:188} INFO - [2024-02-02T15:55:13.635+0000] {dag.py:3036} INFO - Sync 1 DAGs
[2024-02-02T15:55:13.653+0000] {logging_mixin.py:188} INFO - [2024-02-02T15:55:13.653+0000] {dag.py:3823} INFO - Setting next_dagrun for tft_pipeline to 2024-02-02 00:00:00+00:00, run_after=2024-02-03 00:00:00+00:00
[2024-02-02T15:55:13.667+0000] {processor.py:183} INFO - Processing /opt/airflow/dags/tft_sp_stats.py took 2.585 seconds
[2024-02-02T15:55:44.507+0000] {processor.py:161} INFO - Started process (PID=349) to work on /opt/airflow/dags/tft_sp_stats.py
[2024-02-02T15:55:44.508+0000] {processor.py:830} INFO - Processing file /opt/airflow/dags/tft_sp_stats.py for tasks to queue
[2024-02-02T15:55:44.508+0000] {logging_mixin.py:188} INFO - [2024-02-02T15:55:44.508+0000] {dagbag.py:538} INFO - Filling up the DagBag from /opt/airflow/dags/tft_sp_stats.py
[2024-02-02T15:55:44.980+0000] {logging_mixin.py:188} INFO - [2024-02-02T15:55:44.980+0000] {Limits.py:87} INFO - rate limit changed from 0/0s to 20/1s
[2024-02-02T15:55:44.980+0000] {logging_mixin.py:188} INFO - [2024-02-02T15:55:44.980+0000] {Limits.py:87} INFO - rate limit changed from 0/0s to 100/120s
[2024-02-02T15:55:44.980+0000] {logging_mixin.py:188} INFO - [2024-02-02T15:55:44.980+0000] {Limits.py:87} INFO - rate limit changed from 0/0s to 2000/60s
[2024-02-02T15:55:45.165+0000] {logging_mixin.py:188} INFO - [2024-02-02T15:55:45.164+0000] {Limits.py:87} INFO - rate limit changed from 0/0s to 20/1s
[2024-02-02T15:55:45.165+0000] {logging_mixin.py:188} INFO - [2024-02-02T15:55:45.165+0000] {Limits.py:87} INFO - rate limit changed from 0/0s to 100/120s
[2024-02-02T15:55:45.165+0000] {logging_mixin.py:188} INFO - [2024-02-02T15:55:45.165+0000] {Limits.py:87} INFO - rate limit changed from 0/0s to 400/10s
[2024-02-02T15:55:45.230+0000] {logging_mixin.py:188} INFO - [2024-02-02T15:55:45.230+0000] {Limits.py:87} INFO - rate limit changed from 0/0s to 200/10s
[2024-02-02T15:55:46.840+0000] {logging_mixin.py:188} INFO - augments     object
placement     int64
units        object
level         int64
dtype: object
[2024-02-02T15:55:46.950+0000] {processor.py:840} INFO - DAG(s) 'tft_pipeline' retrieved from /opt/airflow/dags/tft_sp_stats.py
[2024-02-02T15:55:46.978+0000] {logging_mixin.py:188} INFO - [2024-02-02T15:55:46.978+0000] {dag.py:3036} INFO - Sync 1 DAGs
[2024-02-02T15:55:47.013+0000] {logging_mixin.py:188} INFO - [2024-02-02T15:55:47.012+0000] {dag.py:3823} INFO - Setting next_dagrun for tft_pipeline to 2024-02-02 00:00:00+00:00, run_after=2024-02-03 00:00:00+00:00
[2024-02-02T15:55:47.025+0000] {processor.py:183} INFO - Processing /opt/airflow/dags/tft_sp_stats.py took 2.520 seconds
[2024-02-02T15:57:00.254+0000] {processor.py:161} INFO - Started process (PID=59) to work on /opt/airflow/dags/tft_sp_stats.py
[2024-02-02T15:57:00.255+0000] {processor.py:830} INFO - Processing file /opt/airflow/dags/tft_sp_stats.py for tasks to queue
[2024-02-02T15:57:00.256+0000] {logging_mixin.py:188} INFO - [2024-02-02T15:57:00.256+0000] {dagbag.py:538} INFO - Filling up the DagBag from /opt/airflow/dags/tft_sp_stats.py
[2024-02-02T15:57:00.604+0000] {logging_mixin.py:188} INFO - [2024-02-02T15:57:00.604+0000] {Limits.py:87} INFO - rate limit changed from 0/0s to 20/1s
[2024-02-02T15:57:00.605+0000] {logging_mixin.py:188} INFO - [2024-02-02T15:57:00.605+0000] {Limits.py:87} INFO - rate limit changed from 0/0s to 100/120s
[2024-02-02T15:57:00.605+0000] {logging_mixin.py:188} INFO - [2024-02-02T15:57:00.605+0000] {Limits.py:87} INFO - rate limit changed from 0/0s to 2000/60s
[2024-02-02T15:57:00.770+0000] {logging_mixin.py:188} INFO - [2024-02-02T15:57:00.770+0000] {Limits.py:87} INFO - rate limit changed from 0/0s to 20/1s
[2024-02-02T15:57:00.771+0000] {logging_mixin.py:188} INFO - [2024-02-02T15:57:00.771+0000] {Limits.py:87} INFO - rate limit changed from 0/0s to 100/120s
[2024-02-02T15:57:00.771+0000] {logging_mixin.py:188} INFO - [2024-02-02T15:57:00.771+0000] {Limits.py:87} INFO - rate limit changed from 0/0s to 400/10s
[2024-02-02T15:57:00.838+0000] {logging_mixin.py:188} INFO - [2024-02-02T15:57:00.838+0000] {Limits.py:87} INFO - rate limit changed from 0/0s to 200/10s
[2024-02-02T15:57:02.473+0000] {logging_mixin.py:188} INFO - augments     object
placement     int64
units        object
level         int64
dtype: object
[2024-02-02T15:57:02.732+0000] {processor.py:840} INFO - DAG(s) 'tft_pipeline' retrieved from /opt/airflow/dags/tft_sp_stats.py
[2024-02-02T15:57:02.928+0000] {logging_mixin.py:188} INFO - [2024-02-02T15:57:02.928+0000] {dag.py:3036} INFO - Sync 1 DAGs
[2024-02-02T15:57:02.945+0000] {logging_mixin.py:188} INFO - [2024-02-02T15:57:02.945+0000] {dag.py:3823} INFO - Setting next_dagrun for tft_pipeline to 2024-02-02 00:00:00+00:00, run_after=2024-02-03 00:00:00+00:00
[2024-02-02T15:57:02.963+0000] {processor.py:183} INFO - Processing /opt/airflow/dags/tft_sp_stats.py took 2.710 seconds
[2024-02-02T15:57:33.040+0000] {processor.py:161} INFO - Started process (PID=150) to work on /opt/airflow/dags/tft_sp_stats.py
[2024-02-02T15:57:33.040+0000] {processor.py:830} INFO - Processing file /opt/airflow/dags/tft_sp_stats.py for tasks to queue
[2024-02-02T15:57:33.042+0000] {logging_mixin.py:188} INFO - [2024-02-02T15:57:33.041+0000] {dagbag.py:538} INFO - Filling up the DagBag from /opt/airflow/dags/tft_sp_stats.py
[2024-02-02T15:57:33.474+0000] {logging_mixin.py:188} INFO - [2024-02-02T15:57:33.474+0000] {Limits.py:87} INFO - rate limit changed from 0/0s to 20/1s
[2024-02-02T15:57:33.475+0000] {logging_mixin.py:188} INFO - [2024-02-02T15:57:33.475+0000] {Limits.py:87} INFO - rate limit changed from 0/0s to 100/120s
[2024-02-02T15:57:33.475+0000] {logging_mixin.py:188} INFO - [2024-02-02T15:57:33.475+0000] {Limits.py:87} INFO - rate limit changed from 0/0s to 2000/60s
[2024-02-02T15:57:33.626+0000] {logging_mixin.py:188} INFO - [2024-02-02T15:57:33.626+0000] {Limits.py:87} INFO - rate limit changed from 0/0s to 20/1s
[2024-02-02T15:57:33.626+0000] {logging_mixin.py:188} INFO - [2024-02-02T15:57:33.626+0000] {Limits.py:87} INFO - rate limit changed from 0/0s to 100/120s
[2024-02-02T15:57:33.627+0000] {logging_mixin.py:188} INFO - [2024-02-02T15:57:33.627+0000] {Limits.py:87} INFO - rate limit changed from 0/0s to 400/10s
[2024-02-02T15:57:33.700+0000] {logging_mixin.py:188} INFO - [2024-02-02T15:57:33.699+0000] {Limits.py:87} INFO - rate limit changed from 0/0s to 200/10s
[2024-02-02T15:57:35.546+0000] {logging_mixin.py:188} INFO - augments     object
placement     int64
units        object
level         int64
dtype: object
[2024-02-02T15:57:35.637+0000] {processor.py:840} INFO - DAG(s) 'tft_pipeline' retrieved from /opt/airflow/dags/tft_sp_stats.py
[2024-02-02T15:57:35.656+0000] {logging_mixin.py:188} INFO - [2024-02-02T15:57:35.656+0000] {dag.py:3036} INFO - Sync 1 DAGs
[2024-02-02T15:57:35.671+0000] {logging_mixin.py:188} INFO - [2024-02-02T15:57:35.671+0000] {dag.py:3823} INFO - Setting next_dagrun for tft_pipeline to 2024-02-02 00:00:00+00:00, run_after=2024-02-03 00:00:00+00:00
[2024-02-02T15:57:35.686+0000] {processor.py:183} INFO - Processing /opt/airflow/dags/tft_sp_stats.py took 2.649 seconds
[2024-02-02T15:58:05.847+0000] {processor.py:161} INFO - Started process (PID=235) to work on /opt/airflow/dags/tft_sp_stats.py
[2024-02-02T15:58:05.848+0000] {processor.py:830} INFO - Processing file /opt/airflow/dags/tft_sp_stats.py for tasks to queue
[2024-02-02T15:58:05.849+0000] {logging_mixin.py:188} INFO - [2024-02-02T15:58:05.848+0000] {dagbag.py:538} INFO - Filling up the DagBag from /opt/airflow/dags/tft_sp_stats.py
[2024-02-02T15:58:06.296+0000] {logging_mixin.py:188} INFO - [2024-02-02T15:58:06.296+0000] {Limits.py:87} INFO - rate limit changed from 0/0s to 20/1s
[2024-02-02T15:58:06.297+0000] {logging_mixin.py:188} INFO - [2024-02-02T15:58:06.297+0000] {Limits.py:87} INFO - rate limit changed from 0/0s to 100/120s
[2024-02-02T15:58:06.297+0000] {logging_mixin.py:188} INFO - [2024-02-02T15:58:06.297+0000] {Limits.py:87} INFO - rate limit changed from 0/0s to 2000/60s
[2024-02-02T15:58:06.472+0000] {logging_mixin.py:188} INFO - [2024-02-02T15:58:06.472+0000] {Limits.py:87} INFO - rate limit changed from 0/0s to 20/1s
[2024-02-02T15:58:06.472+0000] {logging_mixin.py:188} INFO - [2024-02-02T15:58:06.472+0000] {Limits.py:87} INFO - rate limit changed from 0/0s to 100/120s
[2024-02-02T15:58:06.473+0000] {logging_mixin.py:188} INFO - [2024-02-02T15:58:06.472+0000] {Limits.py:87} INFO - rate limit changed from 0/0s to 400/10s
[2024-02-02T15:58:06.574+0000] {logging_mixin.py:188} INFO - [2024-02-02T15:58:06.574+0000] {Limits.py:87} INFO - rate limit changed from 0/0s to 200/10s
[2024-02-02T15:58:08.222+0000] {logging_mixin.py:188} INFO - augments     object
placement     int64
units        object
level         int64
dtype: object
[2024-02-02T15:58:08.304+0000] {processor.py:840} INFO - DAG(s) 'tft_pipeline' retrieved from /opt/airflow/dags/tft_sp_stats.py
[2024-02-02T15:58:08.323+0000] {logging_mixin.py:188} INFO - [2024-02-02T15:58:08.323+0000] {dag.py:3036} INFO - Sync 1 DAGs
[2024-02-02T15:58:08.339+0000] {logging_mixin.py:188} INFO - [2024-02-02T15:58:08.339+0000] {dag.py:3823} INFO - Setting next_dagrun for tft_pipeline to 2024-02-02 00:00:00+00:00, run_after=2024-02-03 00:00:00+00:00
[2024-02-02T15:58:08.351+0000] {processor.py:183} INFO - Processing /opt/airflow/dags/tft_sp_stats.py took 2.505 seconds
[2024-02-02T15:58:38.918+0000] {processor.py:161} INFO - Started process (PID=294) to work on /opt/airflow/dags/tft_sp_stats.py
[2024-02-02T15:58:38.918+0000] {processor.py:830} INFO - Processing file /opt/airflow/dags/tft_sp_stats.py for tasks to queue
[2024-02-02T15:58:38.920+0000] {logging_mixin.py:188} INFO - [2024-02-02T15:58:38.919+0000] {dagbag.py:538} INFO - Filling up the DagBag from /opt/airflow/dags/tft_sp_stats.py
[2024-02-02T15:58:39.388+0000] {logging_mixin.py:188} INFO - [2024-02-02T15:58:39.388+0000] {Limits.py:87} INFO - rate limit changed from 0/0s to 20/1s
[2024-02-02T15:58:39.388+0000] {logging_mixin.py:188} INFO - [2024-02-02T15:58:39.388+0000] {Limits.py:87} INFO - rate limit changed from 0/0s to 100/120s
[2024-02-02T15:58:39.389+0000] {logging_mixin.py:188} INFO - [2024-02-02T15:58:39.388+0000] {Limits.py:87} INFO - rate limit changed from 0/0s to 2000/60s
[2024-02-02T15:58:39.544+0000] {logging_mixin.py:188} INFO - [2024-02-02T15:58:39.544+0000] {Limits.py:87} INFO - rate limit changed from 0/0s to 20/1s
[2024-02-02T15:58:39.545+0000] {logging_mixin.py:188} INFO - [2024-02-02T15:58:39.545+0000] {Limits.py:87} INFO - rate limit changed from 0/0s to 100/120s
[2024-02-02T15:58:39.545+0000] {logging_mixin.py:188} INFO - [2024-02-02T15:58:39.545+0000] {Limits.py:87} INFO - rate limit changed from 0/0s to 400/10s
[2024-02-02T15:58:39.613+0000] {logging_mixin.py:188} INFO - [2024-02-02T15:58:39.613+0000] {Limits.py:87} INFO - rate limit changed from 0/0s to 200/10s
[2024-02-02T15:58:41.643+0000] {logging_mixin.py:188} INFO - augments     object
placement     int64
units        object
level         int64
dtype: object
[2024-02-02T15:58:41.731+0000] {processor.py:840} INFO - DAG(s) 'tft_pipeline' retrieved from /opt/airflow/dags/tft_sp_stats.py
[2024-02-02T15:58:41.751+0000] {logging_mixin.py:188} INFO - [2024-02-02T15:58:41.751+0000] {dag.py:3036} INFO - Sync 1 DAGs
[2024-02-02T15:58:41.768+0000] {logging_mixin.py:188} INFO - [2024-02-02T15:58:41.768+0000] {dag.py:3823} INFO - Setting next_dagrun for tft_pipeline to 2024-02-02 00:00:00+00:00, run_after=2024-02-03 00:00:00+00:00
[2024-02-02T15:58:41.781+0000] {processor.py:183} INFO - Processing /opt/airflow/dags/tft_sp_stats.py took 2.865 seconds
[2024-02-02T15:59:12.178+0000] {processor.py:161} INFO - Started process (PID=353) to work on /opt/airflow/dags/tft_sp_stats.py
[2024-02-02T15:59:12.179+0000] {processor.py:830} INFO - Processing file /opt/airflow/dags/tft_sp_stats.py for tasks to queue
[2024-02-02T15:59:12.180+0000] {logging_mixin.py:188} INFO - [2024-02-02T15:59:12.180+0000] {dagbag.py:538} INFO - Filling up the DagBag from /opt/airflow/dags/tft_sp_stats.py
[2024-02-02T15:59:12.615+0000] {logging_mixin.py:188} INFO - [2024-02-02T15:59:12.615+0000] {Limits.py:87} INFO - rate limit changed from 0/0s to 20/1s
[2024-02-02T15:59:12.615+0000] {logging_mixin.py:188} INFO - [2024-02-02T15:59:12.615+0000] {Limits.py:87} INFO - rate limit changed from 0/0s to 100/120s
[2024-02-02T15:59:12.616+0000] {logging_mixin.py:188} INFO - [2024-02-02T15:59:12.616+0000] {Limits.py:87} INFO - rate limit changed from 0/0s to 2000/60s
[2024-02-02T15:59:12.806+0000] {logging_mixin.py:188} INFO - [2024-02-02T15:59:12.806+0000] {Limits.py:87} INFO - rate limit changed from 0/0s to 20/1s
[2024-02-02T15:59:12.807+0000] {logging_mixin.py:188} INFO - [2024-02-02T15:59:12.807+0000] {Limits.py:87} INFO - rate limit changed from 0/0s to 100/120s
[2024-02-02T15:59:12.807+0000] {logging_mixin.py:188} INFO - [2024-02-02T15:59:12.807+0000] {Limits.py:87} INFO - rate limit changed from 0/0s to 400/10s
[2024-02-02T15:59:12.877+0000] {logging_mixin.py:188} INFO - [2024-02-02T15:59:12.877+0000] {Limits.py:87} INFO - rate limit changed from 0/0s to 200/10s
[2024-02-02T15:59:14.339+0000] {logging_mixin.py:188} INFO - augments     object
placement     int64
units        object
level         int64
dtype: object
[2024-02-02T15:59:14.420+0000] {processor.py:840} INFO - DAG(s) 'tft_pipeline' retrieved from /opt/airflow/dags/tft_sp_stats.py
[2024-02-02T15:59:14.441+0000] {logging_mixin.py:188} INFO - [2024-02-02T15:59:14.440+0000] {dag.py:3036} INFO - Sync 1 DAGs
[2024-02-02T15:59:14.458+0000] {logging_mixin.py:188} INFO - [2024-02-02T15:59:14.457+0000] {dag.py:3823} INFO - Setting next_dagrun for tft_pipeline to 2024-02-02 00:00:00+00:00, run_after=2024-02-03 00:00:00+00:00
[2024-02-02T15:59:14.470+0000] {processor.py:183} INFO - Processing /opt/airflow/dags/tft_sp_stats.py took 2.293 seconds
[2024-02-02T15:59:44.669+0000] {processor.py:161} INFO - Started process (PID=412) to work on /opt/airflow/dags/tft_sp_stats.py
[2024-02-02T15:59:44.669+0000] {processor.py:830} INFO - Processing file /opt/airflow/dags/tft_sp_stats.py for tasks to queue
[2024-02-02T15:59:44.670+0000] {logging_mixin.py:188} INFO - [2024-02-02T15:59:44.670+0000] {dagbag.py:538} INFO - Filling up the DagBag from /opt/airflow/dags/tft_sp_stats.py
[2024-02-02T15:59:45.078+0000] {logging_mixin.py:188} INFO - [2024-02-02T15:59:45.078+0000] {Limits.py:87} INFO - rate limit changed from 0/0s to 20/1s
[2024-02-02T15:59:45.078+0000] {logging_mixin.py:188} INFO - [2024-02-02T15:59:45.078+0000] {Limits.py:87} INFO - rate limit changed from 0/0s to 100/120s
[2024-02-02T15:59:45.079+0000] {logging_mixin.py:188} INFO - [2024-02-02T15:59:45.079+0000] {Limits.py:87} INFO - rate limit changed from 0/0s to 2000/60s
[2024-02-02T15:59:45.241+0000] {logging_mixin.py:188} INFO - [2024-02-02T15:59:45.241+0000] {Limits.py:87} INFO - rate limit changed from 0/0s to 20/1s
[2024-02-02T15:59:45.242+0000] {logging_mixin.py:188} INFO - [2024-02-02T15:59:45.242+0000] {Limits.py:87} INFO - rate limit changed from 0/0s to 100/120s
[2024-02-02T15:59:45.242+0000] {logging_mixin.py:188} INFO - [2024-02-02T15:59:45.242+0000] {Limits.py:87} INFO - rate limit changed from 0/0s to 400/10s
[2024-02-02T15:59:45.306+0000] {logging_mixin.py:188} INFO - [2024-02-02T15:59:45.305+0000] {Limits.py:87} INFO - rate limit changed from 0/0s to 200/10s
[2024-02-02T15:59:46.942+0000] {logging_mixin.py:188} INFO - augments     object
placement     int64
units        object
level         int64
dtype: object
[2024-02-02T15:59:47.031+0000] {processor.py:840} INFO - DAG(s) 'tft_pipeline' retrieved from /opt/airflow/dags/tft_sp_stats.py
[2024-02-02T15:59:47.052+0000] {logging_mixin.py:188} INFO - [2024-02-02T15:59:47.052+0000] {dag.py:3036} INFO - Sync 1 DAGs
[2024-02-02T15:59:47.068+0000] {logging_mixin.py:188} INFO - [2024-02-02T15:59:47.068+0000] {dag.py:3823} INFO - Setting next_dagrun for tft_pipeline to 2024-02-02 00:00:00+00:00, run_after=2024-02-03 00:00:00+00:00
[2024-02-02T15:59:47.080+0000] {processor.py:183} INFO - Processing /opt/airflow/dags/tft_sp_stats.py took 2.413 seconds
[2024-02-02T16:00:17.639+0000] {processor.py:161} INFO - Started process (PID=471) to work on /opt/airflow/dags/tft_sp_stats.py
[2024-02-02T16:00:17.640+0000] {processor.py:830} INFO - Processing file /opt/airflow/dags/tft_sp_stats.py for tasks to queue
[2024-02-02T16:00:17.641+0000] {logging_mixin.py:188} INFO - [2024-02-02T16:00:17.641+0000] {dagbag.py:538} INFO - Filling up the DagBag from /opt/airflow/dags/tft_sp_stats.py
[2024-02-02T16:00:18.084+0000] {logging_mixin.py:188} INFO - [2024-02-02T16:00:18.084+0000] {Limits.py:87} INFO - rate limit changed from 0/0s to 20/1s
[2024-02-02T16:00:18.085+0000] {logging_mixin.py:188} INFO - [2024-02-02T16:00:18.084+0000] {Limits.py:87} INFO - rate limit changed from 0/0s to 100/120s
[2024-02-02T16:00:18.085+0000] {logging_mixin.py:188} INFO - [2024-02-02T16:00:18.085+0000] {Limits.py:87} INFO - rate limit changed from 0/0s to 2000/60s
[2024-02-02T16:00:18.247+0000] {logging_mixin.py:188} INFO - [2024-02-02T16:00:18.247+0000] {Limits.py:87} INFO - rate limit changed from 0/0s to 20/1s
[2024-02-02T16:00:18.248+0000] {logging_mixin.py:188} INFO - [2024-02-02T16:00:18.247+0000] {Limits.py:87} INFO - rate limit changed from 0/0s to 100/120s
[2024-02-02T16:00:18.248+0000] {logging_mixin.py:188} INFO - [2024-02-02T16:00:18.248+0000] {Limits.py:87} INFO - rate limit changed from 0/0s to 400/10s
[2024-02-02T16:00:18.315+0000] {logging_mixin.py:188} INFO - [2024-02-02T16:00:18.314+0000] {Limits.py:87} INFO - rate limit changed from 0/0s to 200/10s
[2024-02-02T16:00:19.960+0000] {logging_mixin.py:188} INFO - augments     object
placement     int64
units        object
level         int64
dtype: object
[2024-02-02T16:00:20.050+0000] {processor.py:840} INFO - DAG(s) 'tft_pipeline' retrieved from /opt/airflow/dags/tft_sp_stats.py
[2024-02-02T16:00:20.070+0000] {logging_mixin.py:188} INFO - [2024-02-02T16:00:20.070+0000] {dag.py:3036} INFO - Sync 1 DAGs
[2024-02-02T16:00:20.086+0000] {logging_mixin.py:188} INFO - [2024-02-02T16:00:20.086+0000] {dag.py:3823} INFO - Setting next_dagrun for tft_pipeline to 2024-02-02 00:00:00+00:00, run_after=2024-02-03 00:00:00+00:00
[2024-02-02T16:00:20.098+0000] {processor.py:183} INFO - Processing /opt/airflow/dags/tft_sp_stats.py took 2.460 seconds
[2024-02-02T16:00:50.196+0000] {processor.py:161} INFO - Started process (PID=530) to work on /opt/airflow/dags/tft_sp_stats.py
[2024-02-02T16:00:50.197+0000] {processor.py:830} INFO - Processing file /opt/airflow/dags/tft_sp_stats.py for tasks to queue
[2024-02-02T16:00:50.198+0000] {logging_mixin.py:188} INFO - [2024-02-02T16:00:50.198+0000] {dagbag.py:538} INFO - Filling up the DagBag from /opt/airflow/dags/tft_sp_stats.py
[2024-02-02T16:00:50.605+0000] {logging_mixin.py:188} INFO - [2024-02-02T16:00:50.605+0000] {Limits.py:87} INFO - rate limit changed from 0/0s to 20/1s
[2024-02-02T16:00:50.605+0000] {logging_mixin.py:188} INFO - [2024-02-02T16:00:50.605+0000] {Limits.py:87} INFO - rate limit changed from 0/0s to 100/120s
[2024-02-02T16:00:50.606+0000] {logging_mixin.py:188} INFO - [2024-02-02T16:00:50.606+0000] {Limits.py:87} INFO - rate limit changed from 0/0s to 2000/60s
[2024-02-02T16:00:50.758+0000] {logging_mixin.py:188} INFO - [2024-02-02T16:00:50.758+0000] {Limits.py:87} INFO - rate limit changed from 0/0s to 20/1s
[2024-02-02T16:00:50.758+0000] {logging_mixin.py:188} INFO - [2024-02-02T16:00:50.758+0000] {Limits.py:87} INFO - rate limit changed from 0/0s to 100/120s
[2024-02-02T16:00:50.759+0000] {logging_mixin.py:188} INFO - [2024-02-02T16:00:50.759+0000] {Limits.py:87} INFO - rate limit changed from 0/0s to 400/10s
[2024-02-02T16:00:50.832+0000] {logging_mixin.py:188} INFO - [2024-02-02T16:00:50.832+0000] {Limits.py:87} INFO - rate limit changed from 0/0s to 200/10s
[2024-02-02T16:00:52.745+0000] {logging_mixin.py:188} INFO - augments     object
placement     int64
units        object
level         int64
dtype: object
[2024-02-02T16:00:52.835+0000] {processor.py:840} INFO - DAG(s) 'tft_pipeline' retrieved from /opt/airflow/dags/tft_sp_stats.py
[2024-02-02T16:00:52.855+0000] {logging_mixin.py:188} INFO - [2024-02-02T16:00:52.854+0000] {dag.py:3036} INFO - Sync 1 DAGs
[2024-02-02T16:00:52.873+0000] {logging_mixin.py:188} INFO - [2024-02-02T16:00:52.873+0000] {dag.py:3823} INFO - Setting next_dagrun for tft_pipeline to 2024-02-02 00:00:00+00:00, run_after=2024-02-03 00:00:00+00:00
[2024-02-02T16:00:52.888+0000] {processor.py:183} INFO - Processing /opt/airflow/dags/tft_sp_stats.py took 2.693 seconds
[2024-02-02T16:01:23.211+0000] {processor.py:161} INFO - Started process (PID=589) to work on /opt/airflow/dags/tft_sp_stats.py
[2024-02-02T16:01:23.212+0000] {processor.py:830} INFO - Processing file /opt/airflow/dags/tft_sp_stats.py for tasks to queue
[2024-02-02T16:01:23.213+0000] {logging_mixin.py:188} INFO - [2024-02-02T16:01:23.212+0000] {dagbag.py:538} INFO - Filling up the DagBag from /opt/airflow/dags/tft_sp_stats.py
[2024-02-02T16:01:23.664+0000] {logging_mixin.py:188} INFO - [2024-02-02T16:01:23.663+0000] {Limits.py:87} INFO - rate limit changed from 0/0s to 20/1s
[2024-02-02T16:01:23.664+0000] {logging_mixin.py:188} INFO - [2024-02-02T16:01:23.664+0000] {Limits.py:87} INFO - rate limit changed from 0/0s to 100/120s
[2024-02-02T16:01:23.664+0000] {logging_mixin.py:188} INFO - [2024-02-02T16:01:23.664+0000] {Limits.py:87} INFO - rate limit changed from 0/0s to 2000/60s
[2024-02-02T16:01:23.829+0000] {logging_mixin.py:188} INFO - [2024-02-02T16:01:23.829+0000] {Limits.py:87} INFO - rate limit changed from 0/0s to 20/1s
[2024-02-02T16:01:23.829+0000] {logging_mixin.py:188} INFO - [2024-02-02T16:01:23.829+0000] {Limits.py:87} INFO - rate limit changed from 0/0s to 100/120s
[2024-02-02T16:01:23.830+0000] {logging_mixin.py:188} INFO - [2024-02-02T16:01:23.829+0000] {Limits.py:87} INFO - rate limit changed from 0/0s to 400/10s
[2024-02-02T16:01:23.920+0000] {logging_mixin.py:188} INFO - [2024-02-02T16:01:23.920+0000] {Limits.py:87} INFO - rate limit changed from 0/0s to 200/10s
[2024-02-02T16:01:25.553+0000] {logging_mixin.py:188} INFO - augments     object
placement     int64
units        object
level         int64
dtype: object
[2024-02-02T16:01:25.632+0000] {processor.py:840} INFO - DAG(s) 'tft_pipeline' retrieved from /opt/airflow/dags/tft_sp_stats.py
[2024-02-02T16:01:25.651+0000] {logging_mixin.py:188} INFO - [2024-02-02T16:01:25.651+0000] {dag.py:3036} INFO - Sync 1 DAGs
[2024-02-02T16:01:25.666+0000] {logging_mixin.py:188} INFO - [2024-02-02T16:01:25.666+0000] {dag.py:3823} INFO - Setting next_dagrun for tft_pipeline to 2024-02-02 00:00:00+00:00, run_after=2024-02-03 00:00:00+00:00
[2024-02-02T16:01:25.679+0000] {processor.py:183} INFO - Processing /opt/airflow/dags/tft_sp_stats.py took 2.470 seconds
[2024-02-02T16:01:55.814+0000] {processor.py:161} INFO - Started process (PID=656) to work on /opt/airflow/dags/tft_sp_stats.py
[2024-02-02T16:01:55.814+0000] {processor.py:830} INFO - Processing file /opt/airflow/dags/tft_sp_stats.py for tasks to queue
[2024-02-02T16:01:55.815+0000] {logging_mixin.py:188} INFO - [2024-02-02T16:01:55.815+0000] {dagbag.py:538} INFO - Filling up the DagBag from /opt/airflow/dags/tft_sp_stats.py
[2024-02-02T16:01:56.245+0000] {logging_mixin.py:188} INFO - [2024-02-02T16:01:56.245+0000] {Limits.py:87} INFO - rate limit changed from 0/0s to 20/1s
[2024-02-02T16:01:56.245+0000] {logging_mixin.py:188} INFO - [2024-02-02T16:01:56.245+0000] {Limits.py:87} INFO - rate limit changed from 0/0s to 100/120s
[2024-02-02T16:01:56.245+0000] {logging_mixin.py:188} INFO - [2024-02-02T16:01:56.245+0000] {Limits.py:87} INFO - rate limit changed from 0/0s to 2000/60s
[2024-02-02T16:01:56.402+0000] {logging_mixin.py:188} INFO - [2024-02-02T16:01:56.402+0000] {Limits.py:87} INFO - rate limit changed from 0/0s to 20/1s
[2024-02-02T16:01:56.402+0000] {logging_mixin.py:188} INFO - [2024-02-02T16:01:56.402+0000] {Limits.py:87} INFO - rate limit changed from 0/0s to 100/120s
[2024-02-02T16:01:56.403+0000] {logging_mixin.py:188} INFO - [2024-02-02T16:01:56.403+0000] {Limits.py:87} INFO - rate limit changed from 0/0s to 400/10s
[2024-02-02T16:01:56.471+0000] {logging_mixin.py:188} INFO - [2024-02-02T16:01:56.471+0000] {Limits.py:87} INFO - rate limit changed from 0/0s to 200/10s
[2024-02-02T16:01:57.856+0000] {logging_mixin.py:188} INFO - augments     object
placement     int64
units        object
level         int64
dtype: object
[2024-02-02T16:01:57.969+0000] {processor.py:840} INFO - DAG(s) 'tft_pipeline' retrieved from /opt/airflow/dags/tft_sp_stats.py
[2024-02-02T16:01:57.992+0000] {logging_mixin.py:188} INFO - [2024-02-02T16:01:57.992+0000] {dag.py:3036} INFO - Sync 1 DAGs
[2024-02-02T16:01:58.016+0000] {logging_mixin.py:188} INFO - [2024-02-02T16:01:58.015+0000] {dag.py:3823} INFO - Setting next_dagrun for tft_pipeline to 2024-02-02 00:00:00+00:00, run_after=2024-02-03 00:00:00+00:00
[2024-02-02T16:01:58.034+0000] {processor.py:183} INFO - Processing /opt/airflow/dags/tft_sp_stats.py took 2.221 seconds
[2024-02-02T16:02:28.337+0000] {processor.py:161} INFO - Started process (PID=715) to work on /opt/airflow/dags/tft_sp_stats.py
[2024-02-02T16:02:28.337+0000] {processor.py:830} INFO - Processing file /opt/airflow/dags/tft_sp_stats.py for tasks to queue
[2024-02-02T16:02:28.338+0000] {logging_mixin.py:188} INFO - [2024-02-02T16:02:28.338+0000] {dagbag.py:538} INFO - Filling up the DagBag from /opt/airflow/dags/tft_sp_stats.py
[2024-02-02T16:02:50.299+0000] {logging_mixin.py:188} INFO - [2024-02-02T16:02:50.284+0000] {dagbag.py:348} ERROR - Failed to import: /opt/airflow/dags/tft_sp_stats.py
Traceback (most recent call last):
  File "/home/airflow/.local/lib/python3.8/site-packages/urllib3/connectionpool.py", line 715, in urlopen
    httplib_response = self._make_request(
  File "/home/airflow/.local/lib/python3.8/site-packages/urllib3/connectionpool.py", line 404, in _make_request
    self._validate_conn(conn)
  File "/home/airflow/.local/lib/python3.8/site-packages/urllib3/connectionpool.py", line 1058, in _validate_conn
    conn.connect()
  File "/home/airflow/.local/lib/python3.8/site-packages/urllib3/connection.py", line 419, in connect
    self.sock = ssl_wrap_socket(
  File "/home/airflow/.local/lib/python3.8/site-packages/urllib3/util/ssl_.py", line 449, in ssl_wrap_socket
    ssl_sock = _ssl_wrap_socket_impl(
  File "/home/airflow/.local/lib/python3.8/site-packages/urllib3/util/ssl_.py", line 493, in _ssl_wrap_socket_impl
    return ssl_context.wrap_socket(sock, server_hostname=server_hostname)
  File "/usr/local/lib/python3.8/ssl.py", line 500, in wrap_socket
    return self.sslsocket_class._create(
  File "/usr/local/lib/python3.8/ssl.py", line 1073, in _create
    self.do_handshake()
  File "/usr/local/lib/python3.8/ssl.py", line 1342, in do_handshake
    self._sslobj.do_handshake()
ssl.SSLZeroReturnError: TLS/SSL connection has been closed (EOF) (_ssl.c:1131)

During handling of the above exception, another exception occurred:

Traceback (most recent call last):
  File "/home/airflow/.local/lib/python3.8/site-packages/requests/adapters.py", line 486, in send
    resp = conn.urlopen(
  File "/home/airflow/.local/lib/python3.8/site-packages/urllib3/connectionpool.py", line 799, in urlopen
    retries = retries.increment(
  File "/home/airflow/.local/lib/python3.8/site-packages/urllib3/util/retry.py", line 592, in increment
    raise MaxRetryError(_pool, url, error or ResponseError(cause))
urllib3.exceptions.MaxRetryError: HTTPSConnectionPool(host='euw1.api.riotgames.com', port=443): Max retries exceeded with url: /tft/summoner/v1/summoners/by-name/Arpeggito (Caused by SSLError(SSLZeroReturnError(6, 'TLS/SSL connection has been closed (EOF) (_ssl.c:1131)')))

During handling of the above exception, another exception occurred:

Traceback (most recent call last):
  File "/home/airflow/.local/lib/python3.8/site-packages/airflow/models/dagbag.py", line 344, in parse
    loader.exec_module(new_module)
  File "<frozen importlib._bootstrap_external>", line 843, in exec_module
  File "<frozen importlib._bootstrap>", line 219, in _call_with_frames_removed
  File "/opt/airflow/dags/tft_sp_stats.py", line 92, in <module>
    tft_dag = tft_pipeline()
  File "/home/airflow/.local/lib/python3.8/site-packages/airflow/models/dag.py", line 3944, in factory
    f(**f_kwargs)
  File "/opt/airflow/dags/tft_sp_stats.py", line 29, in tft_pipeline
    me = watcher.summoner.by_name(my_region, summoner_name)
  File "/home/airflow/.local/lib/python3.8/site-packages/riotwatcher/_apis/team_fight_tactics/SummonerApi.py", line 40, in by_name
    return self._request_endpoint(
  File "/home/airflow/.local/lib/python3.8/site-packages/riotwatcher/_apis/NamedEndpoint.py", line 36, in _request_endpoint
    return self._base_api.raw_request(
  File "/home/airflow/.local/lib/python3.8/site-packages/riotwatcher/_apis/BaseApi.py", line 42, in raw_request
    response = self._session.get(
  File "/home/airflow/.local/lib/python3.8/site-packages/requests/sessions.py", line 602, in get
    return self.request("GET", url, **kwargs)
  File "/home/airflow/.local/lib/python3.8/site-packages/requests/sessions.py", line 589, in request
    resp = self.send(prep, **send_kwargs)
  File "/home/airflow/.local/lib/python3.8/site-packages/requests/sessions.py", line 703, in send
    r = adapter.send(request, **kwargs)
  File "/home/airflow/.local/lib/python3.8/site-packages/requests/adapters.py", line 517, in send
    raise SSLError(e, request=request)
requests.exceptions.SSLError: HTTPSConnectionPool(host='euw1.api.riotgames.com', port=443): Max retries exceeded with url: /tft/summoner/v1/summoners/by-name/Arpeggito (Caused by SSLError(SSLZeroReturnError(6, 'TLS/SSL connection has been closed (EOF) (_ssl.c:1131)')))
[2024-02-02T16:02:50.300+0000] {processor.py:842} WARNING - No viable dags retrieved from /opt/airflow/dags/tft_sp_stats.py
[2024-02-02T16:02:50.333+0000] {processor.py:183} INFO - Processing /opt/airflow/dags/tft_sp_stats.py took 21.998 seconds
[2024-02-02T16:03:33.235+0000] {processor.py:161} INFO - Started process (PID=59) to work on /opt/airflow/dags/tft_sp_stats.py
[2024-02-02T16:03:33.236+0000] {processor.py:830} INFO - Processing file /opt/airflow/dags/tft_sp_stats.py for tasks to queue
[2024-02-02T16:03:33.237+0000] {logging_mixin.py:188} INFO - [2024-02-02T16:03:33.236+0000] {dagbag.py:538} INFO - Filling up the DagBag from /opt/airflow/dags/tft_sp_stats.py
[2024-02-02T16:03:33.608+0000] {logging_mixin.py:188} INFO - [2024-02-02T16:03:33.608+0000] {Limits.py:87} INFO - rate limit changed from 0/0s to 20/1s
[2024-02-02T16:03:33.608+0000] {logging_mixin.py:188} INFO - [2024-02-02T16:03:33.608+0000] {Limits.py:87} INFO - rate limit changed from 0/0s to 100/120s
[2024-02-02T16:03:33.608+0000] {logging_mixin.py:188} INFO - [2024-02-02T16:03:33.608+0000] {Limits.py:87} INFO - rate limit changed from 0/0s to 2000/60s
[2024-02-02T16:03:33.779+0000] {logging_mixin.py:188} INFO - [2024-02-02T16:03:33.778+0000] {Limits.py:87} INFO - rate limit changed from 0/0s to 20/1s
[2024-02-02T16:03:33.779+0000] {logging_mixin.py:188} INFO - [2024-02-02T16:03:33.779+0000] {Limits.py:87} INFO - rate limit changed from 0/0s to 100/120s
[2024-02-02T16:03:33.780+0000] {logging_mixin.py:188} INFO - [2024-02-02T16:03:33.779+0000] {Limits.py:87} INFO - rate limit changed from 0/0s to 400/10s
[2024-02-02T16:03:33.883+0000] {logging_mixin.py:188} INFO - [2024-02-02T16:03:33.883+0000] {Limits.py:87} INFO - rate limit changed from 0/0s to 200/10s
[2024-02-02T16:03:35.368+0000] {logging_mixin.py:188} INFO - augments     object
placement     int64
units        object
level         int64
dtype: object
[2024-02-02T16:03:35.450+0000] {processor.py:840} INFO - DAG(s) 'tft_pipeline' retrieved from /opt/airflow/dags/tft_sp_stats.py
[2024-02-02T16:03:35.628+0000] {logging_mixin.py:188} INFO - [2024-02-02T16:03:35.628+0000] {dag.py:3036} INFO - Sync 1 DAGs
[2024-02-02T16:03:35.643+0000] {logging_mixin.py:188} INFO - [2024-02-02T16:03:35.642+0000] {dag.py:3823} INFO - Setting next_dagrun for tft_pipeline to 2024-02-02 00:00:00+00:00, run_after=2024-02-03 00:00:00+00:00
[2024-02-02T16:03:35.656+0000] {processor.py:183} INFO - Processing /opt/airflow/dags/tft_sp_stats.py took 2.422 seconds
[2024-02-02T16:04:05.830+0000] {processor.py:161} INFO - Started process (PID=144) to work on /opt/airflow/dags/tft_sp_stats.py
[2024-02-02T16:04:05.830+0000] {processor.py:830} INFO - Processing file /opt/airflow/dags/tft_sp_stats.py for tasks to queue
[2024-02-02T16:04:05.831+0000] {logging_mixin.py:188} INFO - [2024-02-02T16:04:05.831+0000] {dagbag.py:538} INFO - Filling up the DagBag from /opt/airflow/dags/tft_sp_stats.py
[2024-02-02T16:04:06.455+0000] {logging_mixin.py:188} INFO - [2024-02-02T16:04:06.455+0000] {Limits.py:87} INFO - rate limit changed from 0/0s to 20/1s
[2024-02-02T16:04:06.456+0000] {logging_mixin.py:188} INFO - [2024-02-02T16:04:06.456+0000] {Limits.py:87} INFO - rate limit changed from 0/0s to 100/120s
[2024-02-02T16:04:06.456+0000] {logging_mixin.py:188} INFO - [2024-02-02T16:04:06.456+0000] {Limits.py:87} INFO - rate limit changed from 0/0s to 2000/60s
[2024-02-02T16:04:06.612+0000] {logging_mixin.py:188} INFO - [2024-02-02T16:04:06.612+0000] {Limits.py:87} INFO - rate limit changed from 0/0s to 20/1s
[2024-02-02T16:04:06.613+0000] {logging_mixin.py:188} INFO - [2024-02-02T16:04:06.613+0000] {Limits.py:87} INFO - rate limit changed from 0/0s to 100/120s
[2024-02-02T16:04:06.613+0000] {logging_mixin.py:188} INFO - [2024-02-02T16:04:06.613+0000] {Limits.py:87} INFO - rate limit changed from 0/0s to 400/10s
[2024-02-02T16:04:06.693+0000] {logging_mixin.py:188} INFO - [2024-02-02T16:04:06.692+0000] {Limits.py:87} INFO - rate limit changed from 0/0s to 200/10s
[2024-02-02T16:04:08.268+0000] {logging_mixin.py:188} INFO - augments     object
placement     int64
units        object
level         int64
dtype: object
[2024-02-02T16:04:08.347+0000] {processor.py:840} INFO - DAG(s) 'tft_pipeline' retrieved from /opt/airflow/dags/tft_sp_stats.py
[2024-02-02T16:04:08.366+0000] {logging_mixin.py:188} INFO - [2024-02-02T16:04:08.366+0000] {dag.py:3036} INFO - Sync 1 DAGs
[2024-02-02T16:04:08.380+0000] {logging_mixin.py:188} INFO - [2024-02-02T16:04:08.380+0000] {dag.py:3823} INFO - Setting next_dagrun for tft_pipeline to 2024-02-02 00:00:00+00:00, run_after=2024-02-03 00:00:00+00:00
[2024-02-02T16:04:08.396+0000] {processor.py:183} INFO - Processing /opt/airflow/dags/tft_sp_stats.py took 2.568 seconds
[2024-02-02T16:04:59.376+0000] {processor.py:161} INFO - Started process (PID=59) to work on /opt/airflow/dags/tft_sp_stats.py
[2024-02-02T16:04:59.376+0000] {processor.py:830} INFO - Processing file /opt/airflow/dags/tft_sp_stats.py for tasks to queue
[2024-02-02T16:04:59.377+0000] {logging_mixin.py:188} INFO - [2024-02-02T16:04:59.377+0000] {dagbag.py:538} INFO - Filling up the DagBag from /opt/airflow/dags/tft_sp_stats.py
[2024-02-02T16:04:59.739+0000] {logging_mixin.py:188} INFO - [2024-02-02T16:04:59.738+0000] {Limits.py:87} INFO - rate limit changed from 0/0s to 20/1s
[2024-02-02T16:04:59.739+0000] {logging_mixin.py:188} INFO - [2024-02-02T16:04:59.739+0000] {Limits.py:87} INFO - rate limit changed from 0/0s to 100/120s
[2024-02-02T16:04:59.739+0000] {logging_mixin.py:188} INFO - [2024-02-02T16:04:59.739+0000] {Limits.py:87} INFO - rate limit changed from 0/0s to 2000/60s
[2024-02-02T16:04:59.909+0000] {logging_mixin.py:188} INFO - [2024-02-02T16:04:59.909+0000] {Limits.py:87} INFO - rate limit changed from 0/0s to 20/1s
[2024-02-02T16:04:59.910+0000] {logging_mixin.py:188} INFO - [2024-02-02T16:04:59.910+0000] {Limits.py:87} INFO - rate limit changed from 0/0s to 100/120s
[2024-02-02T16:04:59.910+0000] {logging_mixin.py:188} INFO - [2024-02-02T16:04:59.910+0000] {Limits.py:87} INFO - rate limit changed from 0/0s to 400/10s
[2024-02-02T16:04:59.983+0000] {logging_mixin.py:188} INFO - [2024-02-02T16:04:59.983+0000] {Limits.py:87} INFO - rate limit changed from 0/0s to 200/10s
[2024-02-02T16:05:01.651+0000] {logging_mixin.py:188} INFO - augments     object
placement     int64
units        object
level         int64
dtype: object
[2024-02-02T16:05:01.732+0000] {processor.py:840} INFO - DAG(s) 'tft_pipeline' retrieved from /opt/airflow/dags/tft_sp_stats.py
[2024-02-02T16:05:01.855+0000] {logging_mixin.py:188} INFO - [2024-02-02T16:05:01.855+0000] {dag.py:3036} INFO - Sync 1 DAGs
[2024-02-02T16:05:01.869+0000] {logging_mixin.py:188} INFO - [2024-02-02T16:05:01.869+0000] {dag.py:3823} INFO - Setting next_dagrun for tft_pipeline to 2024-02-02 00:00:00+00:00, run_after=2024-02-03 00:00:00+00:00
[2024-02-02T16:05:01.881+0000] {processor.py:183} INFO - Processing /opt/airflow/dags/tft_sp_stats.py took 2.507 seconds
[2024-02-02T16:05:31.976+0000] {processor.py:161} INFO - Started process (PID=141) to work on /opt/airflow/dags/tft_sp_stats.py
[2024-02-02T16:05:31.977+0000] {processor.py:830} INFO - Processing file /opt/airflow/dags/tft_sp_stats.py for tasks to queue
[2024-02-02T16:05:31.978+0000] {logging_mixin.py:188} INFO - [2024-02-02T16:05:31.978+0000] {dagbag.py:538} INFO - Filling up the DagBag from /opt/airflow/dags/tft_sp_stats.py
[2024-02-02T16:05:32.393+0000] {logging_mixin.py:188} INFO - [2024-02-02T16:05:32.393+0000] {Limits.py:87} INFO - rate limit changed from 0/0s to 20/1s
[2024-02-02T16:05:32.393+0000] {logging_mixin.py:188} INFO - [2024-02-02T16:05:32.393+0000] {Limits.py:87} INFO - rate limit changed from 0/0s to 100/120s
[2024-02-02T16:05:32.394+0000] {logging_mixin.py:188} INFO - [2024-02-02T16:05:32.394+0000] {Limits.py:87} INFO - rate limit changed from 0/0s to 2000/60s
[2024-02-02T16:05:32.712+0000] {logging_mixin.py:188} INFO - [2024-02-02T16:05:32.712+0000] {Limits.py:87} INFO - rate limit changed from 0/0s to 20/1s
[2024-02-02T16:05:32.713+0000] {logging_mixin.py:188} INFO - [2024-02-02T16:05:32.713+0000] {Limits.py:87} INFO - rate limit changed from 0/0s to 100/120s
[2024-02-02T16:05:32.714+0000] {logging_mixin.py:188} INFO - [2024-02-02T16:05:32.714+0000] {Limits.py:87} INFO - rate limit changed from 0/0s to 400/10s
[2024-02-02T16:05:32.782+0000] {logging_mixin.py:188} INFO - [2024-02-02T16:05:32.782+0000] {Limits.py:87} INFO - rate limit changed from 0/0s to 200/10s
[2024-02-02T16:05:34.484+0000] {logging_mixin.py:188} INFO - augments     object
placement     int64
units        object
level         int64
dtype: object
[2024-02-02T16:05:34.575+0000] {processor.py:840} INFO - DAG(s) 'tft_pipeline' retrieved from /opt/airflow/dags/tft_sp_stats.py
[2024-02-02T16:05:34.595+0000] {logging_mixin.py:188} INFO - [2024-02-02T16:05:34.595+0000] {dag.py:3036} INFO - Sync 1 DAGs
[2024-02-02T16:05:34.611+0000] {logging_mixin.py:188} INFO - [2024-02-02T16:05:34.611+0000] {dag.py:3823} INFO - Setting next_dagrun for tft_pipeline to 2024-02-02 00:00:00+00:00, run_after=2024-02-03 00:00:00+00:00
[2024-02-02T16:05:34.627+0000] {processor.py:183} INFO - Processing /opt/airflow/dags/tft_sp_stats.py took 2.652 seconds
[2024-02-02T16:06:05.241+0000] {processor.py:161} INFO - Started process (PID=227) to work on /opt/airflow/dags/tft_sp_stats.py
[2024-02-02T16:06:05.241+0000] {processor.py:830} INFO - Processing file /opt/airflow/dags/tft_sp_stats.py for tasks to queue
[2024-02-02T16:06:05.242+0000] {logging_mixin.py:188} INFO - [2024-02-02T16:06:05.242+0000] {dagbag.py:538} INFO - Filling up the DagBag from /opt/airflow/dags/tft_sp_stats.py
[2024-02-02T16:06:05.756+0000] {logging_mixin.py:188} INFO - [2024-02-02T16:06:05.756+0000] {Limits.py:87} INFO - rate limit changed from 0/0s to 20/1s
[2024-02-02T16:06:05.757+0000] {logging_mixin.py:188} INFO - [2024-02-02T16:06:05.756+0000] {Limits.py:87} INFO - rate limit changed from 0/0s to 100/120s
[2024-02-02T16:06:05.757+0000] {logging_mixin.py:188} INFO - [2024-02-02T16:06:05.757+0000] {Limits.py:87} INFO - rate limit changed from 0/0s to 2000/60s
[2024-02-02T16:06:05.919+0000] {logging_mixin.py:188} INFO - [2024-02-02T16:06:05.919+0000] {Limits.py:87} INFO - rate limit changed from 0/0s to 20/1s
[2024-02-02T16:06:05.920+0000] {logging_mixin.py:188} INFO - [2024-02-02T16:06:05.920+0000] {Limits.py:87} INFO - rate limit changed from 0/0s to 100/120s
[2024-02-02T16:06:05.920+0000] {logging_mixin.py:188} INFO - [2024-02-02T16:06:05.920+0000] {Limits.py:87} INFO - rate limit changed from 0/0s to 400/10s
[2024-02-02T16:06:06.192+0000] {logging_mixin.py:188} INFO - [2024-02-02T16:06:06.192+0000] {Limits.py:87} INFO - rate limit changed from 0/0s to 200/10s
[2024-02-02T16:06:07.838+0000] {logging_mixin.py:188} INFO - augments     object
placement     int64
units        object
level         int64
dtype: object
[2024-02-02T16:06:07.917+0000] {processor.py:840} INFO - DAG(s) 'tft_pipeline' retrieved from /opt/airflow/dags/tft_sp_stats.py
[2024-02-02T16:06:07.937+0000] {logging_mixin.py:188} INFO - [2024-02-02T16:06:07.936+0000] {dag.py:3036} INFO - Sync 1 DAGs
[2024-02-02T16:06:07.951+0000] {logging_mixin.py:188} INFO - [2024-02-02T16:06:07.951+0000] {dag.py:3823} INFO - Setting next_dagrun for tft_pipeline to 2024-02-02 00:00:00+00:00, run_after=2024-02-03 00:00:00+00:00
[2024-02-02T16:06:07.965+0000] {processor.py:183} INFO - Processing /opt/airflow/dags/tft_sp_stats.py took 2.726 seconds
[2024-02-02T16:06:38.431+0000] {processor.py:161} INFO - Started process (PID=286) to work on /opt/airflow/dags/tft_sp_stats.py
[2024-02-02T16:06:38.431+0000] {processor.py:830} INFO - Processing file /opt/airflow/dags/tft_sp_stats.py for tasks to queue
[2024-02-02T16:06:38.432+0000] {logging_mixin.py:188} INFO - [2024-02-02T16:06:38.432+0000] {dagbag.py:538} INFO - Filling up the DagBag from /opt/airflow/dags/tft_sp_stats.py
[2024-02-02T16:06:38.836+0000] {logging_mixin.py:188} INFO - [2024-02-02T16:06:38.836+0000] {Limits.py:87} INFO - rate limit changed from 0/0s to 20/1s
[2024-02-02T16:06:38.837+0000] {logging_mixin.py:188} INFO - [2024-02-02T16:06:38.837+0000] {Limits.py:87} INFO - rate limit changed from 0/0s to 100/120s
[2024-02-02T16:06:38.837+0000] {logging_mixin.py:188} INFO - [2024-02-02T16:06:38.837+0000] {Limits.py:87} INFO - rate limit changed from 0/0s to 2000/60s
[2024-02-02T16:06:38.996+0000] {logging_mixin.py:188} INFO - [2024-02-02T16:06:38.996+0000] {Limits.py:87} INFO - rate limit changed from 0/0s to 20/1s
[2024-02-02T16:06:38.997+0000] {logging_mixin.py:188} INFO - [2024-02-02T16:06:38.997+0000] {Limits.py:87} INFO - rate limit changed from 0/0s to 100/120s
[2024-02-02T16:06:38.997+0000] {logging_mixin.py:188} INFO - [2024-02-02T16:06:38.997+0000] {Limits.py:87} INFO - rate limit changed from 0/0s to 400/10s
[2024-02-02T16:06:39.068+0000] {logging_mixin.py:188} INFO - [2024-02-02T16:06:39.068+0000] {Limits.py:87} INFO - rate limit changed from 0/0s to 200/10s
[2024-02-02T16:06:40.740+0000] {logging_mixin.py:188} INFO - augments     object
placement     int64
units        object
level         int64
dtype: object
[2024-02-02T16:06:40.871+0000] {processor.py:840} INFO - DAG(s) 'tft_pipeline' retrieved from /opt/airflow/dags/tft_sp_stats.py
[2024-02-02T16:06:40.898+0000] {logging_mixin.py:188} INFO - [2024-02-02T16:06:40.898+0000] {dag.py:3036} INFO - Sync 1 DAGs
[2024-02-02T16:06:40.919+0000] {logging_mixin.py:188} INFO - [2024-02-02T16:06:40.918+0000] {dag.py:3823} INFO - Setting next_dagrun for tft_pipeline to 2024-02-02 00:00:00+00:00, run_after=2024-02-03 00:00:00+00:00
[2024-02-02T16:06:40.939+0000] {processor.py:183} INFO - Processing /opt/airflow/dags/tft_sp_stats.py took 2.510 seconds
[2024-02-02T16:07:03.995+0000] {processor.py:161} INFO - Started process (PID=59) to work on /opt/airflow/dags/tft_sp_stats.py
[2024-02-02T16:07:03.996+0000] {processor.py:830} INFO - Processing file /opt/airflow/dags/tft_sp_stats.py for tasks to queue
[2024-02-02T16:07:03.997+0000] {logging_mixin.py:188} INFO - [2024-02-02T16:07:03.997+0000] {dagbag.py:538} INFO - Filling up the DagBag from /opt/airflow/dags/tft_sp_stats.py
[2024-02-02T16:07:04.311+0000] {logging_mixin.py:188} INFO - [2024-02-02T16:07:04.311+0000] {Limits.py:87} INFO - rate limit changed from 0/0s to 20/1s
[2024-02-02T16:07:04.311+0000] {logging_mixin.py:188} INFO - [2024-02-02T16:07:04.311+0000] {Limits.py:87} INFO - rate limit changed from 0/0s to 100/120s
[2024-02-02T16:07:04.312+0000] {logging_mixin.py:188} INFO - [2024-02-02T16:07:04.312+0000] {Limits.py:87} INFO - rate limit changed from 0/0s to 2000/60s
[2024-02-02T16:07:04.470+0000] {logging_mixin.py:188} INFO - [2024-02-02T16:07:04.469+0000] {Limits.py:87} INFO - rate limit changed from 0/0s to 20/1s
[2024-02-02T16:07:04.470+0000] {logging_mixin.py:188} INFO - [2024-02-02T16:07:04.470+0000] {Limits.py:87} INFO - rate limit changed from 0/0s to 100/120s
[2024-02-02T16:07:04.470+0000] {logging_mixin.py:188} INFO - [2024-02-02T16:07:04.470+0000] {Limits.py:87} INFO - rate limit changed from 0/0s to 400/10s
[2024-02-02T16:07:04.539+0000] {logging_mixin.py:188} INFO - [2024-02-02T16:07:04.539+0000] {Limits.py:87} INFO - rate limit changed from 0/0s to 200/10s
[2024-02-02T16:07:06.031+0000] {logging_mixin.py:188} INFO - augments     object
placement     int64
units        object
level         int64
dtype: object
[2024-02-02T16:07:06.117+0000] {processor.py:840} INFO - DAG(s) 'tft_pipeline' retrieved from /opt/airflow/dags/tft_sp_stats.py
[2024-02-02T16:07:06.253+0000] {logging_mixin.py:188} INFO - [2024-02-02T16:07:06.253+0000] {dag.py:3036} INFO - Sync 1 DAGs
[2024-02-02T16:07:06.270+0000] {logging_mixin.py:188} INFO - [2024-02-02T16:07:06.270+0000] {dag.py:3823} INFO - Setting next_dagrun for tft_pipeline to 2024-02-02 00:00:00+00:00, run_after=2024-02-03 00:00:00+00:00
[2024-02-02T16:07:06.283+0000] {processor.py:183} INFO - Processing /opt/airflow/dags/tft_sp_stats.py took 2.289 seconds
[2024-02-02T16:07:36.613+0000] {processor.py:161} INFO - Started process (PID=140) to work on /opt/airflow/dags/tft_sp_stats.py
[2024-02-02T16:07:36.613+0000] {processor.py:830} INFO - Processing file /opt/airflow/dags/tft_sp_stats.py for tasks to queue
[2024-02-02T16:07:36.614+0000] {logging_mixin.py:188} INFO - [2024-02-02T16:07:36.614+0000] {dagbag.py:538} INFO - Filling up the DagBag from /opt/airflow/dags/tft_sp_stats.py
[2024-02-02T16:07:37.061+0000] {logging_mixin.py:188} INFO - [2024-02-02T16:07:37.060+0000] {Limits.py:87} INFO - rate limit changed from 0/0s to 20/1s
[2024-02-02T16:07:37.061+0000] {logging_mixin.py:188} INFO - [2024-02-02T16:07:37.061+0000] {Limits.py:87} INFO - rate limit changed from 0/0s to 100/120s
[2024-02-02T16:07:37.061+0000] {logging_mixin.py:188} INFO - [2024-02-02T16:07:37.061+0000] {Limits.py:87} INFO - rate limit changed from 0/0s to 2000/60s
[2024-02-02T16:07:37.232+0000] {logging_mixin.py:188} INFO - [2024-02-02T16:07:37.232+0000] {Limits.py:87} INFO - rate limit changed from 0/0s to 20/1s
[2024-02-02T16:07:37.233+0000] {logging_mixin.py:188} INFO - [2024-02-02T16:07:37.232+0000] {Limits.py:87} INFO - rate limit changed from 0/0s to 100/120s
[2024-02-02T16:07:37.233+0000] {logging_mixin.py:188} INFO - [2024-02-02T16:07:37.233+0000] {Limits.py:87} INFO - rate limit changed from 0/0s to 400/10s
[2024-02-02T16:07:37.352+0000] {logging_mixin.py:188} INFO - [2024-02-02T16:07:37.352+0000] {Limits.py:87} INFO - rate limit changed from 0/0s to 200/10s
[2024-02-02T16:07:39.028+0000] {logging_mixin.py:188} INFO - augments     object
placement     int64
units        object
level         int64
dtype: object
[2024-02-02T16:07:39.124+0000] {processor.py:840} INFO - DAG(s) 'tft_pipeline' retrieved from /opt/airflow/dags/tft_sp_stats.py
[2024-02-02T16:07:39.146+0000] {logging_mixin.py:188} INFO - [2024-02-02T16:07:39.145+0000] {dag.py:3036} INFO - Sync 1 DAGs
[2024-02-02T16:07:39.162+0000] {logging_mixin.py:188} INFO - [2024-02-02T16:07:39.162+0000] {dag.py:3823} INFO - Setting next_dagrun for tft_pipeline to 2024-02-02 00:00:00+00:00, run_after=2024-02-03 00:00:00+00:00
[2024-02-02T16:07:39.180+0000] {processor.py:183} INFO - Processing /opt/airflow/dags/tft_sp_stats.py took 2.569 seconds
[2024-02-02T16:08:09.796+0000] {processor.py:161} INFO - Started process (PID=227) to work on /opt/airflow/dags/tft_sp_stats.py
[2024-02-02T16:08:09.796+0000] {processor.py:830} INFO - Processing file /opt/airflow/dags/tft_sp_stats.py for tasks to queue
[2024-02-02T16:08:09.797+0000] {logging_mixin.py:188} INFO - [2024-02-02T16:08:09.797+0000] {dagbag.py:538} INFO - Filling up the DagBag from /opt/airflow/dags/tft_sp_stats.py
[2024-02-02T16:08:10.190+0000] {logging_mixin.py:188} INFO - [2024-02-02T16:08:10.189+0000] {Limits.py:87} INFO - rate limit changed from 0/0s to 20/1s
[2024-02-02T16:08:10.190+0000] {logging_mixin.py:188} INFO - [2024-02-02T16:08:10.190+0000] {Limits.py:87} INFO - rate limit changed from 0/0s to 100/120s
[2024-02-02T16:08:10.190+0000] {logging_mixin.py:188} INFO - [2024-02-02T16:08:10.190+0000] {Limits.py:87} INFO - rate limit changed from 0/0s to 2000/60s
[2024-02-02T16:08:10.355+0000] {logging_mixin.py:188} INFO - [2024-02-02T16:08:10.355+0000] {Limits.py:87} INFO - rate limit changed from 0/0s to 20/1s
[2024-02-02T16:08:10.356+0000] {logging_mixin.py:188} INFO - [2024-02-02T16:08:10.356+0000] {Limits.py:87} INFO - rate limit changed from 0/0s to 100/120s
[2024-02-02T16:08:10.356+0000] {logging_mixin.py:188} INFO - [2024-02-02T16:08:10.356+0000] {Limits.py:87} INFO - rate limit changed from 0/0s to 400/10s
[2024-02-02T16:08:10.425+0000] {logging_mixin.py:188} INFO - [2024-02-02T16:08:10.425+0000] {Limits.py:87} INFO - rate limit changed from 0/0s to 200/10s
[2024-02-02T16:08:12.009+0000] {logging_mixin.py:188} INFO - augments     object
placement     int64
units        object
level         int64
dtype: object
[2024-02-02T16:08:12.087+0000] {processor.py:840} INFO - DAG(s) 'tft_pipeline' retrieved from /opt/airflow/dags/tft_sp_stats.py
[2024-02-02T16:08:12.105+0000] {logging_mixin.py:188} INFO - [2024-02-02T16:08:12.105+0000] {dag.py:3036} INFO - Sync 1 DAGs
[2024-02-02T16:08:12.120+0000] {logging_mixin.py:188} INFO - [2024-02-02T16:08:12.120+0000] {dag.py:3823} INFO - Setting next_dagrun for tft_pipeline to 2024-02-02 00:00:00+00:00, run_after=2024-02-03 00:00:00+00:00
[2024-02-02T16:08:12.131+0000] {processor.py:183} INFO - Processing /opt/airflow/dags/tft_sp_stats.py took 2.337 seconds
[2024-02-02T16:08:42.257+0000] {processor.py:161} INFO - Started process (PID=286) to work on /opt/airflow/dags/tft_sp_stats.py
[2024-02-02T16:08:42.257+0000] {processor.py:830} INFO - Processing file /opt/airflow/dags/tft_sp_stats.py for tasks to queue
[2024-02-02T16:08:42.258+0000] {logging_mixin.py:188} INFO - [2024-02-02T16:08:42.258+0000] {dagbag.py:538} INFO - Filling up the DagBag from /opt/airflow/dags/tft_sp_stats.py
[2024-02-02T16:08:42.701+0000] {logging_mixin.py:188} INFO - [2024-02-02T16:08:42.700+0000] {Limits.py:87} INFO - rate limit changed from 0/0s to 20/1s
[2024-02-02T16:08:42.701+0000] {logging_mixin.py:188} INFO - [2024-02-02T16:08:42.701+0000] {Limits.py:87} INFO - rate limit changed from 0/0s to 100/120s
[2024-02-02T16:08:42.701+0000] {logging_mixin.py:188} INFO - [2024-02-02T16:08:42.701+0000] {Limits.py:87} INFO - rate limit changed from 0/0s to 2000/60s
[2024-02-02T16:08:42.872+0000] {logging_mixin.py:188} INFO - [2024-02-02T16:08:42.871+0000] {Limits.py:87} INFO - rate limit changed from 0/0s to 20/1s
[2024-02-02T16:08:42.872+0000] {logging_mixin.py:188} INFO - [2024-02-02T16:08:42.872+0000] {Limits.py:87} INFO - rate limit changed from 0/0s to 100/120s
[2024-02-02T16:08:42.872+0000] {logging_mixin.py:188} INFO - [2024-02-02T16:08:42.872+0000] {Limits.py:87} INFO - rate limit changed from 0/0s to 400/10s
[2024-02-02T16:08:42.944+0000] {logging_mixin.py:188} INFO - [2024-02-02T16:08:42.944+0000] {Limits.py:87} INFO - rate limit changed from 0/0s to 200/10s
[2024-02-02T16:08:44.795+0000] {logging_mixin.py:188} INFO - augments     object
placement     int64
units        object
level         int64
dtype: object
[2024-02-02T16:08:44.873+0000] {processor.py:840} INFO - DAG(s) 'tft_pipeline' retrieved from /opt/airflow/dags/tft_sp_stats.py
[2024-02-02T16:08:44.892+0000] {logging_mixin.py:188} INFO - [2024-02-02T16:08:44.892+0000] {dag.py:3036} INFO - Sync 1 DAGs
[2024-02-02T16:08:44.906+0000] {logging_mixin.py:188} INFO - [2024-02-02T16:08:44.906+0000] {dag.py:3823} INFO - Setting next_dagrun for tft_pipeline to 2024-02-02 00:00:00+00:00, run_after=2024-02-03 00:00:00+00:00
[2024-02-02T16:08:44.922+0000] {processor.py:183} INFO - Processing /opt/airflow/dags/tft_sp_stats.py took 2.667 seconds
[2024-02-02T16:09:20.111+0000] {processor.py:161} INFO - Started process (PID=59) to work on /opt/airflow/dags/tft_sp_stats.py
[2024-02-02T16:09:20.111+0000] {processor.py:830} INFO - Processing file /opt/airflow/dags/tft_sp_stats.py for tasks to queue
[2024-02-02T16:09:20.112+0000] {logging_mixin.py:188} INFO - [2024-02-02T16:09:20.112+0000] {dagbag.py:538} INFO - Filling up the DagBag from /opt/airflow/dags/tft_sp_stats.py
[2024-02-02T16:09:20.428+0000] {logging_mixin.py:188} INFO - [2024-02-02T16:09:20.428+0000] {Limits.py:87} INFO - rate limit changed from 0/0s to 20/1s
[2024-02-02T16:09:20.428+0000] {logging_mixin.py:188} INFO - [2024-02-02T16:09:20.428+0000] {Limits.py:87} INFO - rate limit changed from 0/0s to 100/120s
[2024-02-02T16:09:20.428+0000] {logging_mixin.py:188} INFO - [2024-02-02T16:09:20.428+0000] {Limits.py:87} INFO - rate limit changed from 0/0s to 2000/60s
[2024-02-02T16:09:20.587+0000] {logging_mixin.py:188} INFO - [2024-02-02T16:09:20.587+0000] {Limits.py:87} INFO - rate limit changed from 0/0s to 20/1s
[2024-02-02T16:09:20.587+0000] {logging_mixin.py:188} INFO - [2024-02-02T16:09:20.587+0000] {Limits.py:87} INFO - rate limit changed from 0/0s to 100/120s
[2024-02-02T16:09:20.587+0000] {logging_mixin.py:188} INFO - [2024-02-02T16:09:20.587+0000] {Limits.py:87} INFO - rate limit changed from 0/0s to 400/10s
[2024-02-02T16:09:20.665+0000] {logging_mixin.py:188} INFO - [2024-02-02T16:09:20.665+0000] {Limits.py:87} INFO - rate limit changed from 0/0s to 200/10s
[2024-02-02T16:09:22.582+0000] {logging_mixin.py:188} INFO - augments     object
placement     int64
units        object
level         int64
dtype: object
[2024-02-02T16:09:22.665+0000] {processor.py:840} INFO - DAG(s) 'tft_pipeline' retrieved from /opt/airflow/dags/tft_sp_stats.py
[2024-02-02T16:09:22.790+0000] {logging_mixin.py:188} INFO - [2024-02-02T16:09:22.790+0000] {dag.py:3036} INFO - Sync 1 DAGs
[2024-02-02T16:09:22.805+0000] {logging_mixin.py:188} INFO - [2024-02-02T16:09:22.805+0000] {dag.py:3823} INFO - Setting next_dagrun for tft_pipeline to 2024-02-02 00:00:00+00:00, run_after=2024-02-03 00:00:00+00:00
[2024-02-02T16:09:22.817+0000] {processor.py:183} INFO - Processing /opt/airflow/dags/tft_sp_stats.py took 2.707 seconds
[2024-02-02T16:09:52.975+0000] {processor.py:161} INFO - Started process (PID=146) to work on /opt/airflow/dags/tft_sp_stats.py
[2024-02-02T16:09:52.975+0000] {processor.py:830} INFO - Processing file /opt/airflow/dags/tft_sp_stats.py for tasks to queue
[2024-02-02T16:09:52.976+0000] {logging_mixin.py:188} INFO - [2024-02-02T16:09:52.976+0000] {dagbag.py:538} INFO - Filling up the DagBag from /opt/airflow/dags/tft_sp_stats.py
[2024-02-02T16:09:53.535+0000] {logging_mixin.py:188} INFO - [2024-02-02T16:09:53.535+0000] {Limits.py:87} INFO - rate limit changed from 0/0s to 20/1s
[2024-02-02T16:09:53.536+0000] {logging_mixin.py:188} INFO - [2024-02-02T16:09:53.536+0000] {Limits.py:87} INFO - rate limit changed from 0/0s to 100/120s
[2024-02-02T16:09:53.536+0000] {logging_mixin.py:188} INFO - [2024-02-02T16:09:53.536+0000] {Limits.py:87} INFO - rate limit changed from 0/0s to 2000/60s
[2024-02-02T16:09:53.750+0000] {logging_mixin.py:188} INFO - [2024-02-02T16:09:53.750+0000] {Limits.py:87} INFO - rate limit changed from 0/0s to 20/1s
[2024-02-02T16:09:53.750+0000] {logging_mixin.py:188} INFO - [2024-02-02T16:09:53.750+0000] {Limits.py:87} INFO - rate limit changed from 0/0s to 100/120s
[2024-02-02T16:09:53.750+0000] {logging_mixin.py:188} INFO - [2024-02-02T16:09:53.750+0000] {Limits.py:87} INFO - rate limit changed from 0/0s to 400/10s
[2024-02-02T16:09:53.822+0000] {logging_mixin.py:188} INFO - [2024-02-02T16:09:53.822+0000] {Limits.py:87} INFO - rate limit changed from 0/0s to 200/10s
[2024-02-02T16:09:55.364+0000] {logging_mixin.py:188} INFO - augments     object
placement     int64
units        object
level         int64
dtype: object
[2024-02-02T16:09:55.451+0000] {processor.py:840} INFO - DAG(s) 'tft_pipeline' retrieved from /opt/airflow/dags/tft_sp_stats.py
[2024-02-02T16:09:55.471+0000] {logging_mixin.py:188} INFO - [2024-02-02T16:09:55.471+0000] {dag.py:3036} INFO - Sync 1 DAGs
[2024-02-02T16:09:55.489+0000] {logging_mixin.py:188} INFO - [2024-02-02T16:09:55.489+0000] {dag.py:3823} INFO - Setting next_dagrun for tft_pipeline to 2024-02-02 00:00:00+00:00, run_after=2024-02-03 00:00:00+00:00
[2024-02-02T16:09:55.509+0000] {processor.py:183} INFO - Processing /opt/airflow/dags/tft_sp_stats.py took 2.535 seconds
[2024-02-02T16:10:25.818+0000] {processor.py:161} INFO - Started process (PID=227) to work on /opt/airflow/dags/tft_sp_stats.py
[2024-02-02T16:10:25.818+0000] {processor.py:830} INFO - Processing file /opt/airflow/dags/tft_sp_stats.py for tasks to queue
[2024-02-02T16:10:25.819+0000] {logging_mixin.py:188} INFO - [2024-02-02T16:10:25.819+0000] {dagbag.py:538} INFO - Filling up the DagBag from /opt/airflow/dags/tft_sp_stats.py
[2024-02-02T16:10:26.219+0000] {logging_mixin.py:188} INFO - [2024-02-02T16:10:26.219+0000] {Limits.py:87} INFO - rate limit changed from 0/0s to 20/1s
[2024-02-02T16:10:26.220+0000] {logging_mixin.py:188} INFO - [2024-02-02T16:10:26.220+0000] {Limits.py:87} INFO - rate limit changed from 0/0s to 100/120s
[2024-02-02T16:10:26.220+0000] {logging_mixin.py:188} INFO - [2024-02-02T16:10:26.220+0000] {Limits.py:87} INFO - rate limit changed from 0/0s to 2000/60s
[2024-02-02T16:10:26.376+0000] {logging_mixin.py:188} INFO - [2024-02-02T16:10:26.376+0000] {Limits.py:87} INFO - rate limit changed from 0/0s to 20/1s
[2024-02-02T16:10:26.377+0000] {logging_mixin.py:188} INFO - [2024-02-02T16:10:26.377+0000] {Limits.py:87} INFO - rate limit changed from 0/0s to 100/120s
[2024-02-02T16:10:26.377+0000] {logging_mixin.py:188} INFO - [2024-02-02T16:10:26.377+0000] {Limits.py:87} INFO - rate limit changed from 0/0s to 400/10s
[2024-02-02T16:10:26.443+0000] {logging_mixin.py:188} INFO - [2024-02-02T16:10:26.443+0000] {Limits.py:87} INFO - rate limit changed from 0/0s to 200/10s
[2024-02-02T16:10:27.924+0000] {logging_mixin.py:188} INFO - augments     object
placement     int64
units        object
level         int64
dtype: object
[2024-02-02T16:10:28.000+0000] {processor.py:840} INFO - DAG(s) 'tft_pipeline' retrieved from /opt/airflow/dags/tft_sp_stats.py
[2024-02-02T16:10:28.019+0000] {logging_mixin.py:188} INFO - [2024-02-02T16:10:28.019+0000] {dag.py:3036} INFO - Sync 1 DAGs
[2024-02-02T16:10:28.034+0000] {logging_mixin.py:188} INFO - [2024-02-02T16:10:28.034+0000] {dag.py:3823} INFO - Setting next_dagrun for tft_pipeline to 2024-02-02 00:00:00+00:00, run_after=2024-02-03 00:00:00+00:00
[2024-02-02T16:10:28.047+0000] {processor.py:183} INFO - Processing /opt/airflow/dags/tft_sp_stats.py took 2.231 seconds
[2024-02-02T16:10:58.232+0000] {processor.py:161} INFO - Started process (PID=286) to work on /opt/airflow/dags/tft_sp_stats.py
[2024-02-02T16:10:58.233+0000] {processor.py:830} INFO - Processing file /opt/airflow/dags/tft_sp_stats.py for tasks to queue
[2024-02-02T16:10:58.234+0000] {logging_mixin.py:188} INFO - [2024-02-02T16:10:58.233+0000] {dagbag.py:538} INFO - Filling up the DagBag from /opt/airflow/dags/tft_sp_stats.py
[2024-02-02T16:10:58.668+0000] {logging_mixin.py:188} INFO - [2024-02-02T16:10:58.668+0000] {Limits.py:87} INFO - rate limit changed from 0/0s to 20/1s
[2024-02-02T16:10:58.668+0000] {logging_mixin.py:188} INFO - [2024-02-02T16:10:58.668+0000] {Limits.py:87} INFO - rate limit changed from 0/0s to 100/120s
[2024-02-02T16:10:58.669+0000] {logging_mixin.py:188} INFO - [2024-02-02T16:10:58.669+0000] {Limits.py:87} INFO - rate limit changed from 0/0s to 2000/60s
[2024-02-02T16:10:58.845+0000] {logging_mixin.py:188} INFO - [2024-02-02T16:10:58.845+0000] {Limits.py:87} INFO - rate limit changed from 0/0s to 20/1s
[2024-02-02T16:10:58.845+0000] {logging_mixin.py:188} INFO - [2024-02-02T16:10:58.845+0000] {Limits.py:87} INFO - rate limit changed from 0/0s to 100/120s
[2024-02-02T16:10:58.846+0000] {logging_mixin.py:188} INFO - [2024-02-02T16:10:58.846+0000] {Limits.py:87} INFO - rate limit changed from 0/0s to 400/10s
[2024-02-02T16:10:58.949+0000] {logging_mixin.py:188} INFO - [2024-02-02T16:10:58.948+0000] {Limits.py:87} INFO - rate limit changed from 0/0s to 200/10s
[2024-02-02T16:11:00.667+0000] {logging_mixin.py:188} INFO - augments     object
placement     int64
units        object
level         int64
dtype: object
[2024-02-02T16:11:00.751+0000] {processor.py:840} INFO - DAG(s) 'tft_pipeline' retrieved from /opt/airflow/dags/tft_sp_stats.py
[2024-02-02T16:11:00.770+0000] {logging_mixin.py:188} INFO - [2024-02-02T16:11:00.770+0000] {dag.py:3036} INFO - Sync 1 DAGs
[2024-02-02T16:11:00.784+0000] {logging_mixin.py:188} INFO - [2024-02-02T16:11:00.784+0000] {dag.py:3823} INFO - Setting next_dagrun for tft_pipeline to 2024-02-02 00:00:00+00:00, run_after=2024-02-03 00:00:00+00:00
[2024-02-02T16:11:00.799+0000] {processor.py:183} INFO - Processing /opt/airflow/dags/tft_sp_stats.py took 2.568 seconds
[2024-02-02T16:11:57.984+0000] {processor.py:161} INFO - Started process (PID=59) to work on /opt/airflow/dags/tft_sp_stats.py
[2024-02-02T16:11:57.984+0000] {processor.py:830} INFO - Processing file /opt/airflow/dags/tft_sp_stats.py for tasks to queue
[2024-02-02T16:11:57.985+0000] {logging_mixin.py:188} INFO - [2024-02-02T16:11:57.985+0000] {dagbag.py:538} INFO - Filling up the DagBag from /opt/airflow/dags/tft_sp_stats.py
[2024-02-02T16:11:58.295+0000] {logging_mixin.py:188} INFO - [2024-02-02T16:11:58.295+0000] {Limits.py:87} INFO - rate limit changed from 0/0s to 20/1s
[2024-02-02T16:11:58.295+0000] {logging_mixin.py:188} INFO - [2024-02-02T16:11:58.295+0000] {Limits.py:87} INFO - rate limit changed from 0/0s to 100/120s
[2024-02-02T16:11:58.296+0000] {logging_mixin.py:188} INFO - [2024-02-02T16:11:58.296+0000] {Limits.py:87} INFO - rate limit changed from 0/0s to 2000/60s
[2024-02-02T16:11:58.537+0000] {logging_mixin.py:188} INFO - [2024-02-02T16:11:58.537+0000] {Limits.py:87} INFO - rate limit changed from 0/0s to 20/1s
[2024-02-02T16:11:58.538+0000] {logging_mixin.py:188} INFO - [2024-02-02T16:11:58.538+0000] {Limits.py:87} INFO - rate limit changed from 0/0s to 100/120s
[2024-02-02T16:11:58.538+0000] {logging_mixin.py:188} INFO - [2024-02-02T16:11:58.538+0000] {Limits.py:87} INFO - rate limit changed from 0/0s to 400/10s
[2024-02-02T16:11:58.625+0000] {logging_mixin.py:188} INFO - [2024-02-02T16:11:58.624+0000] {Limits.py:87} INFO - rate limit changed from 0/0s to 200/10s
[2024-02-02T16:12:00.131+0000] {logging_mixin.py:188} INFO - augments     object
placement     int64
units        object
level         int64
dtype: object
[2024-02-02T16:12:00.249+0000] {processor.py:840} INFO - DAG(s) 'tft_pipeline' retrieved from /opt/airflow/dags/tft_sp_stats.py
[2024-02-02T16:12:00.379+0000] {logging_mixin.py:188} INFO - [2024-02-02T16:12:00.379+0000] {dag.py:3036} INFO - Sync 1 DAGs
[2024-02-02T16:12:00.393+0000] {logging_mixin.py:188} INFO - [2024-02-02T16:12:00.393+0000] {dag.py:3823} INFO - Setting next_dagrun for tft_pipeline to 2024-02-02 00:00:00+00:00, run_after=2024-02-03 00:00:00+00:00
[2024-02-02T16:12:00.406+0000] {processor.py:183} INFO - Processing /opt/airflow/dags/tft_sp_stats.py took 2.424 seconds
[2024-02-02T16:12:30.687+0000] {processor.py:161} INFO - Started process (PID=141) to work on /opt/airflow/dags/tft_sp_stats.py
[2024-02-02T16:12:30.687+0000] {processor.py:830} INFO - Processing file /opt/airflow/dags/tft_sp_stats.py for tasks to queue
[2024-02-02T16:12:30.688+0000] {logging_mixin.py:188} INFO - [2024-02-02T16:12:30.688+0000] {dagbag.py:538} INFO - Filling up the DagBag from /opt/airflow/dags/tft_sp_stats.py
[2024-02-02T16:12:31.100+0000] {logging_mixin.py:188} INFO - [2024-02-02T16:12:31.100+0000] {Limits.py:87} INFO - rate limit changed from 0/0s to 20/1s
[2024-02-02T16:12:31.101+0000] {logging_mixin.py:188} INFO - [2024-02-02T16:12:31.101+0000] {Limits.py:87} INFO - rate limit changed from 0/0s to 100/120s
[2024-02-02T16:12:31.101+0000] {logging_mixin.py:188} INFO - [2024-02-02T16:12:31.101+0000] {Limits.py:87} INFO - rate limit changed from 0/0s to 2000/60s
[2024-02-02T16:12:31.259+0000] {logging_mixin.py:188} INFO - [2024-02-02T16:12:31.258+0000] {Limits.py:87} INFO - rate limit changed from 0/0s to 20/1s
[2024-02-02T16:12:31.259+0000] {logging_mixin.py:188} INFO - [2024-02-02T16:12:31.259+0000] {Limits.py:87} INFO - rate limit changed from 0/0s to 100/120s
[2024-02-02T16:12:31.259+0000] {logging_mixin.py:188} INFO - [2024-02-02T16:12:31.259+0000] {Limits.py:87} INFO - rate limit changed from 0/0s to 400/10s
[2024-02-02T16:12:31.329+0000] {logging_mixin.py:188} INFO - [2024-02-02T16:12:31.329+0000] {Limits.py:87} INFO - rate limit changed from 0/0s to 200/10s
[2024-02-02T16:12:32.982+0000] {logging_mixin.py:188} INFO - augments     object
placement     int64
units        object
level         int64
dtype: object
[2024-02-02T16:12:33.067+0000] {processor.py:840} INFO - DAG(s) 'tft_pipeline' retrieved from /opt/airflow/dags/tft_sp_stats.py
[2024-02-02T16:12:33.086+0000] {logging_mixin.py:188} INFO - [2024-02-02T16:12:33.085+0000] {dag.py:3036} INFO - Sync 1 DAGs
[2024-02-02T16:12:33.100+0000] {logging_mixin.py:188} INFO - [2024-02-02T16:12:33.100+0000] {dag.py:3823} INFO - Setting next_dagrun for tft_pipeline to 2024-02-02 00:00:00+00:00, run_after=2024-02-03 00:00:00+00:00
[2024-02-02T16:12:33.115+0000] {processor.py:183} INFO - Processing /opt/airflow/dags/tft_sp_stats.py took 2.430 seconds
[2024-02-02T16:13:03.803+0000] {processor.py:161} INFO - Started process (PID=227) to work on /opt/airflow/dags/tft_sp_stats.py
[2024-02-02T16:13:03.804+0000] {processor.py:830} INFO - Processing file /opt/airflow/dags/tft_sp_stats.py for tasks to queue
[2024-02-02T16:13:03.804+0000] {logging_mixin.py:188} INFO - [2024-02-02T16:13:03.804+0000] {dagbag.py:538} INFO - Filling up the DagBag from /opt/airflow/dags/tft_sp_stats.py
[2024-02-02T16:13:04.257+0000] {logging_mixin.py:188} INFO - [2024-02-02T16:13:04.257+0000] {Limits.py:87} INFO - rate limit changed from 0/0s to 20/1s
[2024-02-02T16:13:04.257+0000] {logging_mixin.py:188} INFO - [2024-02-02T16:13:04.257+0000] {Limits.py:87} INFO - rate limit changed from 0/0s to 100/120s
[2024-02-02T16:13:04.257+0000] {logging_mixin.py:188} INFO - [2024-02-02T16:13:04.257+0000] {Limits.py:87} INFO - rate limit changed from 0/0s to 2000/60s
[2024-02-02T16:13:04.430+0000] {logging_mixin.py:188} INFO - [2024-02-02T16:13:04.430+0000] {Limits.py:87} INFO - rate limit changed from 0/0s to 20/1s
[2024-02-02T16:13:04.431+0000] {logging_mixin.py:188} INFO - [2024-02-02T16:13:04.431+0000] {Limits.py:87} INFO - rate limit changed from 0/0s to 100/120s
[2024-02-02T16:13:04.431+0000] {logging_mixin.py:188} INFO - [2024-02-02T16:13:04.431+0000] {Limits.py:87} INFO - rate limit changed from 0/0s to 400/10s
[2024-02-02T16:13:04.573+0000] {logging_mixin.py:188} INFO - [2024-02-02T16:13:04.573+0000] {Limits.py:87} INFO - rate limit changed from 0/0s to 200/10s
[2024-02-02T16:13:04.693+0000] {logging_mixin.py:188} INFO - [2024-02-02T16:13:04.689+0000] {dagbag.py:348} ERROR - Failed to import: /opt/airflow/dags/tft_sp_stats.py
Traceback (most recent call last):
  File "/home/airflow/.local/lib/python3.8/site-packages/riotwatcher/Handlers/ThrowOnErrorHandler.py", line 18, in after_request
    response.raise_for_status()
  File "/home/airflow/.local/lib/python3.8/site-packages/requests/models.py", line 1021, in raise_for_status
    raise HTTPError(http_error_msg, response=self)
requests.exceptions.HTTPError: 500 Server Error: Server Error for url: https://europe.api.riotgames.com/tft/match/v1/matches/EUW1_6785090888

During handling of the above exception, another exception occurred:

Traceback (most recent call last):
  File "/home/airflow/.local/lib/python3.8/site-packages/airflow/models/dagbag.py", line 344, in parse
    loader.exec_module(new_module)
  File "<frozen importlib._bootstrap_external>", line 843, in exec_module
  File "<frozen importlib._bootstrap>", line 219, in _call_with_frames_removed
  File "/opt/airflow/dags/tft_sp_stats.py", line 92, in <module>
    tft_dag = tft_pipeline()
  File "/home/airflow/.local/lib/python3.8/site-packages/airflow/models/dag.py", line 3944, in factory
    f(**f_kwargs)
  File "/opt/airflow/dags/tft_sp_stats.py", line 37, in tft_pipeline
    matches = [watcher.match.by_id(my_region, item) for item in matches_ids]
  File "/opt/airflow/dags/tft_sp_stats.py", line 37, in <listcomp>
    matches = [watcher.match.by_id(my_region, item) for item in matches_ids]
  File "/home/airflow/.local/lib/python3.8/site-packages/riotwatcher/_apis/helpers.py", line 37, in remapper
    return api_call(*nargs, **kwargs)
  File "/home/airflow/.local/lib/python3.8/site-packages/riotwatcher/_apis/team_fight_tactics/MatchApi.py", line 75, in by_id
    return self._request_endpoint(
  File "/home/airflow/.local/lib/python3.8/site-packages/riotwatcher/_apis/NamedEndpoint.py", line 36, in _request_endpoint
    return self._base_api.raw_request(
  File "/home/airflow/.local/lib/python3.8/site-packages/riotwatcher/_apis/BaseApi.py", line 51, in raw_request
    mod = handler.after_request(
  File "/home/airflow/.local/lib/python3.8/site-packages/riotwatcher/Handlers/ThrowOnErrorHandler.py", line 20, in after_request
    raise ApiError(*err.args, request=err.request, response=err.response)
requests.exceptions.HTTPError: 500 Server Error: Server Error for url: https://europe.api.riotgames.com/tft/match/v1/matches/EUW1_6785090888
[2024-02-02T16:13:04.695+0000] {processor.py:842} WARNING - No viable dags retrieved from /opt/airflow/dags/tft_sp_stats.py
[2024-02-02T16:13:04.721+0000] {processor.py:183} INFO - Processing /opt/airflow/dags/tft_sp_stats.py took 0.919 seconds
[2024-02-02T16:14:06.626+0000] {processor.py:161} INFO - Started process (PID=59) to work on /opt/airflow/dags/tft_sp_stats.py
[2024-02-02T16:14:06.626+0000] {processor.py:830} INFO - Processing file /opt/airflow/dags/tft_sp_stats.py for tasks to queue
[2024-02-02T16:14:06.627+0000] {logging_mixin.py:188} INFO - [2024-02-02T16:14:06.627+0000] {dagbag.py:538} INFO - Filling up the DagBag from /opt/airflow/dags/tft_sp_stats.py
[2024-02-02T16:14:06.986+0000] {logging_mixin.py:188} INFO - [2024-02-02T16:14:06.986+0000] {Limits.py:87} INFO - rate limit changed from 0/0s to 20/1s
[2024-02-02T16:14:06.987+0000] {logging_mixin.py:188} INFO - [2024-02-02T16:14:06.987+0000] {Limits.py:87} INFO - rate limit changed from 0/0s to 100/120s
[2024-02-02T16:14:06.987+0000] {logging_mixin.py:188} INFO - [2024-02-02T16:14:06.987+0000] {Limits.py:87} INFO - rate limit changed from 0/0s to 2000/60s
[2024-02-02T16:14:07.183+0000] {logging_mixin.py:188} INFO - [2024-02-02T16:14:07.182+0000] {Limits.py:87} INFO - rate limit changed from 0/0s to 20/1s
[2024-02-02T16:14:07.183+0000] {logging_mixin.py:188} INFO - [2024-02-02T16:14:07.183+0000] {Limits.py:87} INFO - rate limit changed from 0/0s to 100/120s
[2024-02-02T16:14:07.184+0000] {logging_mixin.py:188} INFO - [2024-02-02T16:14:07.183+0000] {Limits.py:87} INFO - rate limit changed from 0/0s to 400/10s
[2024-02-02T16:14:07.251+0000] {logging_mixin.py:188} INFO - [2024-02-02T16:14:07.251+0000] {Limits.py:87} INFO - rate limit changed from 0/0s to 200/10s
[2024-02-02T16:14:08.840+0000] {logging_mixin.py:188} INFO - augments     object
placement     int64
units        object
level         int64
dtype: object
[2024-02-02T16:14:08.967+0000] {processor.py:840} INFO - DAG(s) 'tft_pipeline' retrieved from /opt/airflow/dags/tft_sp_stats.py
[2024-02-02T16:14:09.119+0000] {logging_mixin.py:188} INFO - [2024-02-02T16:14:09.119+0000] {dag.py:3036} INFO - Sync 1 DAGs
[2024-02-02T16:14:09.140+0000] {logging_mixin.py:188} INFO - [2024-02-02T16:14:09.139+0000] {dag.py:3823} INFO - Setting next_dagrun for tft_pipeline to 2024-02-02 00:00:00+00:00, run_after=2024-02-03 00:00:00+00:00
[2024-02-02T16:14:09.161+0000] {processor.py:183} INFO - Processing /opt/airflow/dags/tft_sp_stats.py took 2.536 seconds
[2024-02-02T16:14:39.229+0000] {processor.py:161} INFO - Started process (PID=140) to work on /opt/airflow/dags/tft_sp_stats.py
[2024-02-02T16:14:39.229+0000] {processor.py:830} INFO - Processing file /opt/airflow/dags/tft_sp_stats.py for tasks to queue
[2024-02-02T16:14:39.230+0000] {logging_mixin.py:188} INFO - [2024-02-02T16:14:39.230+0000] {dagbag.py:538} INFO - Filling up the DagBag from /opt/airflow/dags/tft_sp_stats.py
[2024-02-02T16:14:39.626+0000] {logging_mixin.py:188} INFO - [2024-02-02T16:14:39.626+0000] {Limits.py:87} INFO - rate limit changed from 0/0s to 20/1s
[2024-02-02T16:14:39.626+0000] {logging_mixin.py:188} INFO - [2024-02-02T16:14:39.626+0000] {Limits.py:87} INFO - rate limit changed from 0/0s to 100/120s
[2024-02-02T16:14:39.627+0000] {logging_mixin.py:188} INFO - [2024-02-02T16:14:39.626+0000] {Limits.py:87} INFO - rate limit changed from 0/0s to 2000/60s
[2024-02-02T16:14:39.779+0000] {logging_mixin.py:188} INFO - [2024-02-02T16:14:39.778+0000] {Limits.py:87} INFO - rate limit changed from 0/0s to 20/1s
[2024-02-02T16:14:39.779+0000] {logging_mixin.py:188} INFO - [2024-02-02T16:14:39.779+0000] {Limits.py:87} INFO - rate limit changed from 0/0s to 100/120s
[2024-02-02T16:14:39.779+0000] {logging_mixin.py:188} INFO - [2024-02-02T16:14:39.779+0000] {Limits.py:87} INFO - rate limit changed from 0/0s to 400/10s
[2024-02-02T16:14:39.851+0000] {logging_mixin.py:188} INFO - [2024-02-02T16:14:39.851+0000] {Limits.py:87} INFO - rate limit changed from 0/0s to 200/10s
[2024-02-02T16:14:41.276+0000] {logging_mixin.py:188} INFO - augments     object
placement     int64
units        object
level         int64
dtype: object
[2024-02-02T16:14:41.362+0000] {processor.py:840} INFO - DAG(s) 'tft_pipeline' retrieved from /opt/airflow/dags/tft_sp_stats.py
[2024-02-02T16:14:41.381+0000] {logging_mixin.py:188} INFO - [2024-02-02T16:14:41.381+0000] {dag.py:3036} INFO - Sync 1 DAGs
[2024-02-02T16:14:41.398+0000] {logging_mixin.py:188} INFO - [2024-02-02T16:14:41.398+0000] {dag.py:3823} INFO - Setting next_dagrun for tft_pipeline to 2024-02-02 00:00:00+00:00, run_after=2024-02-03 00:00:00+00:00
[2024-02-02T16:14:41.414+0000] {processor.py:183} INFO - Processing /opt/airflow/dags/tft_sp_stats.py took 2.186 seconds
[2024-02-02T16:15:11.433+0000] {processor.py:161} INFO - Started process (PID=226) to work on /opt/airflow/dags/tft_sp_stats.py
[2024-02-02T16:15:11.433+0000] {processor.py:830} INFO - Processing file /opt/airflow/dags/tft_sp_stats.py for tasks to queue
[2024-02-02T16:15:11.434+0000] {logging_mixin.py:188} INFO - [2024-02-02T16:15:11.434+0000] {dagbag.py:538} INFO - Filling up the DagBag from /opt/airflow/dags/tft_sp_stats.py
[2024-02-02T16:15:11.886+0000] {logging_mixin.py:188} INFO - [2024-02-02T16:15:11.885+0000] {Limits.py:87} INFO - rate limit changed from 0/0s to 20/1s
[2024-02-02T16:15:11.886+0000] {logging_mixin.py:188} INFO - [2024-02-02T16:15:11.886+0000] {Limits.py:87} INFO - rate limit changed from 0/0s to 100/120s
[2024-02-02T16:15:11.886+0000] {logging_mixin.py:188} INFO - [2024-02-02T16:15:11.886+0000] {Limits.py:87} INFO - rate limit changed from 0/0s to 2000/60s
[2024-02-02T16:15:12.051+0000] {logging_mixin.py:188} INFO - [2024-02-02T16:15:12.051+0000] {Limits.py:87} INFO - rate limit changed from 0/0s to 20/1s
[2024-02-02T16:15:12.051+0000] {logging_mixin.py:188} INFO - [2024-02-02T16:15:12.051+0000] {Limits.py:87} INFO - rate limit changed from 0/0s to 100/120s
[2024-02-02T16:15:12.051+0000] {logging_mixin.py:188} INFO - [2024-02-02T16:15:12.051+0000] {Limits.py:87} INFO - rate limit changed from 0/0s to 400/10s
[2024-02-02T16:15:12.125+0000] {logging_mixin.py:188} INFO - [2024-02-02T16:15:12.125+0000] {Limits.py:87} INFO - rate limit changed from 0/0s to 200/10s
[2024-02-02T16:15:13.834+0000] {logging_mixin.py:188} INFO - augments     object
placement     int64
units        object
level         int64
dtype: object
[2024-02-02T16:15:13.917+0000] {processor.py:840} INFO - DAG(s) 'tft_pipeline' retrieved from /opt/airflow/dags/tft_sp_stats.py
[2024-02-02T16:15:13.936+0000] {logging_mixin.py:188} INFO - [2024-02-02T16:15:13.935+0000] {dag.py:3036} INFO - Sync 1 DAGs
[2024-02-02T16:15:13.950+0000] {logging_mixin.py:188} INFO - [2024-02-02T16:15:13.949+0000] {dag.py:3823} INFO - Setting next_dagrun for tft_pipeline to 2024-02-02 00:00:00+00:00, run_after=2024-02-03 00:00:00+00:00
[2024-02-02T16:15:13.965+0000] {processor.py:183} INFO - Processing /opt/airflow/dags/tft_sp_stats.py took 2.534 seconds
[2024-02-02T16:15:44.628+0000] {processor.py:161} INFO - Started process (PID=286) to work on /opt/airflow/dags/tft_sp_stats.py
[2024-02-02T16:15:44.628+0000] {processor.py:830} INFO - Processing file /opt/airflow/dags/tft_sp_stats.py for tasks to queue
[2024-02-02T16:15:44.629+0000] {logging_mixin.py:188} INFO - [2024-02-02T16:15:44.629+0000] {dagbag.py:538} INFO - Filling up the DagBag from /opt/airflow/dags/tft_sp_stats.py
[2024-02-02T16:15:45.063+0000] {logging_mixin.py:188} INFO - [2024-02-02T16:15:45.063+0000] {Limits.py:87} INFO - rate limit changed from 0/0s to 20/1s
[2024-02-02T16:15:45.063+0000] {logging_mixin.py:188} INFO - [2024-02-02T16:15:45.063+0000] {Limits.py:87} INFO - rate limit changed from 0/0s to 100/120s
[2024-02-02T16:15:45.064+0000] {logging_mixin.py:188} INFO - [2024-02-02T16:15:45.063+0000] {Limits.py:87} INFO - rate limit changed from 0/0s to 2000/60s
[2024-02-02T16:15:45.226+0000] {logging_mixin.py:188} INFO - [2024-02-02T16:15:45.226+0000] {Limits.py:87} INFO - rate limit changed from 0/0s to 20/1s
[2024-02-02T16:15:45.226+0000] {logging_mixin.py:188} INFO - [2024-02-02T16:15:45.226+0000] {Limits.py:87} INFO - rate limit changed from 0/0s to 100/120s
[2024-02-02T16:15:45.227+0000] {logging_mixin.py:188} INFO - [2024-02-02T16:15:45.227+0000] {Limits.py:87} INFO - rate limit changed from 0/0s to 400/10s
[2024-02-02T16:15:45.297+0000] {logging_mixin.py:188} INFO - [2024-02-02T16:15:45.297+0000] {Limits.py:87} INFO - rate limit changed from 0/0s to 200/10s
[2024-02-02T16:15:47.036+0000] {logging_mixin.py:188} INFO - augments     object
placement     int64
units        object
level         int64
dtype: object
[2024-02-02T16:15:47.118+0000] {processor.py:840} INFO - DAG(s) 'tft_pipeline' retrieved from /opt/airflow/dags/tft_sp_stats.py
[2024-02-02T16:15:47.137+0000] {logging_mixin.py:188} INFO - [2024-02-02T16:15:47.137+0000] {dag.py:3036} INFO - Sync 1 DAGs
[2024-02-02T16:15:47.152+0000] {logging_mixin.py:188} INFO - [2024-02-02T16:15:47.152+0000] {dag.py:3823} INFO - Setting next_dagrun for tft_pipeline to 2024-02-02 00:00:00+00:00, run_after=2024-02-03 00:00:00+00:00
[2024-02-02T16:15:47.170+0000] {processor.py:183} INFO - Processing /opt/airflow/dags/tft_sp_stats.py took 2.543 seconds
[2024-02-02T16:16:17.811+0000] {processor.py:161} INFO - Started process (PID=345) to work on /opt/airflow/dags/tft_sp_stats.py
[2024-02-02T16:16:17.811+0000] {processor.py:830} INFO - Processing file /opt/airflow/dags/tft_sp_stats.py for tasks to queue
[2024-02-02T16:16:17.812+0000] {logging_mixin.py:188} INFO - [2024-02-02T16:16:17.812+0000] {dagbag.py:538} INFO - Filling up the DagBag from /opt/airflow/dags/tft_sp_stats.py
[2024-02-02T16:16:18.248+0000] {logging_mixin.py:188} INFO - [2024-02-02T16:16:18.248+0000] {Limits.py:87} INFO - rate limit changed from 0/0s to 20/1s
[2024-02-02T16:16:18.248+0000] {logging_mixin.py:188} INFO - [2024-02-02T16:16:18.248+0000] {Limits.py:87} INFO - rate limit changed from 0/0s to 100/120s
[2024-02-02T16:16:18.249+0000] {logging_mixin.py:188} INFO - [2024-02-02T16:16:18.248+0000] {Limits.py:87} INFO - rate limit changed from 0/0s to 2000/60s
[2024-02-02T16:16:18.438+0000] {logging_mixin.py:188} INFO - [2024-02-02T16:16:18.438+0000] {Limits.py:87} INFO - rate limit changed from 0/0s to 20/1s
[2024-02-02T16:16:18.438+0000] {logging_mixin.py:188} INFO - [2024-02-02T16:16:18.438+0000] {Limits.py:87} INFO - rate limit changed from 0/0s to 100/120s
[2024-02-02T16:16:18.439+0000] {logging_mixin.py:188} INFO - [2024-02-02T16:16:18.439+0000] {Limits.py:87} INFO - rate limit changed from 0/0s to 400/10s
[2024-02-02T16:16:18.510+0000] {logging_mixin.py:188} INFO - [2024-02-02T16:16:18.510+0000] {Limits.py:87} INFO - rate limit changed from 0/0s to 200/10s
[2024-02-02T16:16:20.150+0000] {logging_mixin.py:188} INFO - augments     object
placement     int64
units        object
level         int64
dtype: object
[2024-02-02T16:16:20.228+0000] {processor.py:840} INFO - DAG(s) 'tft_pipeline' retrieved from /opt/airflow/dags/tft_sp_stats.py
[2024-02-02T16:16:20.247+0000] {logging_mixin.py:188} INFO - [2024-02-02T16:16:20.247+0000] {dag.py:3036} INFO - Sync 1 DAGs
[2024-02-02T16:16:20.262+0000] {logging_mixin.py:188} INFO - [2024-02-02T16:16:20.262+0000] {dag.py:3823} INFO - Setting next_dagrun for tft_pipeline to 2024-02-02 00:00:00+00:00, run_after=2024-02-03 00:00:00+00:00
[2024-02-02T16:16:20.278+0000] {processor.py:183} INFO - Processing /opt/airflow/dags/tft_sp_stats.py took 2.469 seconds
[2024-02-02T16:16:45.904+0000] {processor.py:161} INFO - Started process (PID=59) to work on /opt/airflow/dags/tft_sp_stats.py
[2024-02-02T16:16:45.905+0000] {processor.py:830} INFO - Processing file /opt/airflow/dags/tft_sp_stats.py for tasks to queue
[2024-02-02T16:16:45.906+0000] {logging_mixin.py:188} INFO - [2024-02-02T16:16:45.905+0000] {dagbag.py:538} INFO - Filling up the DagBag from /opt/airflow/dags/tft_sp_stats.py
[2024-02-02T16:16:46.283+0000] {logging_mixin.py:188} INFO - [2024-02-02T16:16:46.283+0000] {Limits.py:87} INFO - rate limit changed from 0/0s to 20/1s
[2024-02-02T16:16:46.283+0000] {logging_mixin.py:188} INFO - [2024-02-02T16:16:46.283+0000] {Limits.py:87} INFO - rate limit changed from 0/0s to 100/120s
[2024-02-02T16:16:46.283+0000] {logging_mixin.py:188} INFO - [2024-02-02T16:16:46.283+0000] {Limits.py:87} INFO - rate limit changed from 0/0s to 2000/60s
[2024-02-02T16:16:46.489+0000] {logging_mixin.py:188} INFO - [2024-02-02T16:16:46.489+0000] {Limits.py:87} INFO - rate limit changed from 0/0s to 20/1s
[2024-02-02T16:16:46.489+0000] {logging_mixin.py:188} INFO - [2024-02-02T16:16:46.489+0000] {Limits.py:87} INFO - rate limit changed from 0/0s to 100/120s
[2024-02-02T16:16:46.489+0000] {logging_mixin.py:188} INFO - [2024-02-02T16:16:46.489+0000] {Limits.py:87} INFO - rate limit changed from 0/0s to 400/10s
[2024-02-02T16:16:46.556+0000] {logging_mixin.py:188} INFO - [2024-02-02T16:16:46.556+0000] {Limits.py:87} INFO - rate limit changed from 0/0s to 200/10s
[2024-02-02T16:16:48.086+0000] {logging_mixin.py:188} INFO - augments     object
placement     int64
units        object
level         int64
dtype: object
[2024-02-02T16:16:48.184+0000] {processor.py:840} INFO - DAG(s) 'tft_pipeline' retrieved from /opt/airflow/dags/tft_sp_stats.py
[2024-02-02T16:16:48.310+0000] {logging_mixin.py:188} INFO - [2024-02-02T16:16:48.310+0000] {dag.py:3036} INFO - Sync 1 DAGs
[2024-02-02T16:16:48.325+0000] {logging_mixin.py:188} INFO - [2024-02-02T16:16:48.325+0000] {dag.py:3823} INFO - Setting next_dagrun for tft_pipeline to 2024-02-02 00:00:00+00:00, run_after=2024-02-03 00:00:00+00:00
[2024-02-02T16:16:48.341+0000] {processor.py:183} INFO - Processing /opt/airflow/dags/tft_sp_stats.py took 2.438 seconds
[2024-02-02T16:17:18.435+0000] {processor.py:161} INFO - Started process (PID=144) to work on /opt/airflow/dags/tft_sp_stats.py
[2024-02-02T16:17:18.435+0000] {processor.py:830} INFO - Processing file /opt/airflow/dags/tft_sp_stats.py for tasks to queue
[2024-02-02T16:17:18.436+0000] {logging_mixin.py:188} INFO - [2024-02-02T16:17:18.436+0000] {dagbag.py:538} INFO - Filling up the DagBag from /opt/airflow/dags/tft_sp_stats.py
[2024-02-02T16:17:18.904+0000] {logging_mixin.py:188} INFO - [2024-02-02T16:17:18.904+0000] {Limits.py:87} INFO - rate limit changed from 0/0s to 20/1s
[2024-02-02T16:17:18.904+0000] {logging_mixin.py:188} INFO - [2024-02-02T16:17:18.904+0000] {Limits.py:87} INFO - rate limit changed from 0/0s to 100/120s
[2024-02-02T16:17:18.905+0000] {logging_mixin.py:188} INFO - [2024-02-02T16:17:18.905+0000] {Limits.py:87} INFO - rate limit changed from 0/0s to 2000/60s
[2024-02-02T16:17:19.082+0000] {logging_mixin.py:188} INFO - [2024-02-02T16:17:19.082+0000] {Limits.py:87} INFO - rate limit changed from 0/0s to 20/1s
[2024-02-02T16:17:19.082+0000] {logging_mixin.py:188} INFO - [2024-02-02T16:17:19.082+0000] {Limits.py:87} INFO - rate limit changed from 0/0s to 100/120s
[2024-02-02T16:17:19.083+0000] {logging_mixin.py:188} INFO - [2024-02-02T16:17:19.082+0000] {Limits.py:87} INFO - rate limit changed from 0/0s to 400/10s
[2024-02-02T16:17:19.162+0000] {logging_mixin.py:188} INFO - [2024-02-02T16:17:19.162+0000] {Limits.py:87} INFO - rate limit changed from 0/0s to 200/10s
[2024-02-02T16:17:20.638+0000] {logging_mixin.py:188} INFO - augments     object
placement     int64
units        object
level         int64
dtype: object
[2024-02-02T16:17:20.715+0000] {processor.py:840} INFO - DAG(s) 'tft_pipeline' retrieved from /opt/airflow/dags/tft_sp_stats.py
[2024-02-02T16:17:20.734+0000] {logging_mixin.py:188} INFO - [2024-02-02T16:17:20.733+0000] {dag.py:3036} INFO - Sync 1 DAGs
[2024-02-02T16:17:20.748+0000] {logging_mixin.py:188} INFO - [2024-02-02T16:17:20.748+0000] {dag.py:3823} INFO - Setting next_dagrun for tft_pipeline to 2024-02-02 00:00:00+00:00, run_after=2024-02-03 00:00:00+00:00
[2024-02-02T16:17:20.762+0000] {processor.py:183} INFO - Processing /opt/airflow/dags/tft_sp_stats.py took 2.329 seconds
[2024-02-02T16:17:50.851+0000] {processor.py:161} INFO - Started process (PID=235) to work on /opt/airflow/dags/tft_sp_stats.py
[2024-02-02T16:17:50.852+0000] {processor.py:830} INFO - Processing file /opt/airflow/dags/tft_sp_stats.py for tasks to queue
[2024-02-02T16:17:50.853+0000] {logging_mixin.py:188} INFO - [2024-02-02T16:17:50.852+0000] {dagbag.py:538} INFO - Filling up the DagBag from /opt/airflow/dags/tft_sp_stats.py
[2024-02-02T16:17:51.256+0000] {logging_mixin.py:188} INFO - [2024-02-02T16:17:51.256+0000] {Limits.py:87} INFO - rate limit changed from 0/0s to 20/1s
[2024-02-02T16:17:51.257+0000] {logging_mixin.py:188} INFO - [2024-02-02T16:17:51.256+0000] {Limits.py:87} INFO - rate limit changed from 0/0s to 100/120s
[2024-02-02T16:17:51.257+0000] {logging_mixin.py:188} INFO - [2024-02-02T16:17:51.257+0000] {Limits.py:87} INFO - rate limit changed from 0/0s to 2000/60s
[2024-02-02T16:17:51.413+0000] {logging_mixin.py:188} INFO - [2024-02-02T16:17:51.413+0000] {Limits.py:87} INFO - rate limit changed from 0/0s to 20/1s
[2024-02-02T16:17:51.414+0000] {logging_mixin.py:188} INFO - [2024-02-02T16:17:51.414+0000] {Limits.py:87} INFO - rate limit changed from 0/0s to 100/120s
[2024-02-02T16:17:51.414+0000] {logging_mixin.py:188} INFO - [2024-02-02T16:17:51.414+0000] {Limits.py:87} INFO - rate limit changed from 0/0s to 400/10s
[2024-02-02T16:17:51.512+0000] {logging_mixin.py:188} INFO - [2024-02-02T16:17:51.512+0000] {Limits.py:87} INFO - rate limit changed from 0/0s to 200/10s
[2024-02-02T16:17:52.984+0000] {logging_mixin.py:188} INFO - augments     object
placement     int64
units        object
level         int64
dtype: object
[2024-02-02T16:17:53.067+0000] {processor.py:840} INFO - DAG(s) 'tft_pipeline' retrieved from /opt/airflow/dags/tft_sp_stats.py
[2024-02-02T16:17:53.087+0000] {logging_mixin.py:188} INFO - [2024-02-02T16:17:53.087+0000] {dag.py:3036} INFO - Sync 1 DAGs
[2024-02-02T16:17:53.101+0000] {logging_mixin.py:188} INFO - [2024-02-02T16:17:53.101+0000] {dag.py:3823} INFO - Setting next_dagrun for tft_pipeline to 2024-02-02 00:00:00+00:00, run_after=2024-02-03 00:00:00+00:00
[2024-02-02T16:17:53.119+0000] {processor.py:183} INFO - Processing /opt/airflow/dags/tft_sp_stats.py took 2.269 seconds
[2024-02-02T16:18:17.389+0000] {processor.py:161} INFO - Started process (PID=59) to work on /opt/airflow/dags/tft_sp_stats.py
[2024-02-02T16:18:17.390+0000] {processor.py:830} INFO - Processing file /opt/airflow/dags/tft_sp_stats.py for tasks to queue
[2024-02-02T16:18:17.391+0000] {logging_mixin.py:188} INFO - [2024-02-02T16:18:17.390+0000] {dagbag.py:538} INFO - Filling up the DagBag from /opt/airflow/dags/tft_sp_stats.py
[2024-02-02T16:18:17.778+0000] {logging_mixin.py:188} INFO - [2024-02-02T16:18:17.778+0000] {Limits.py:87} INFO - rate limit changed from 0/0s to 20/1s
[2024-02-02T16:18:17.779+0000] {logging_mixin.py:188} INFO - [2024-02-02T16:18:17.779+0000] {Limits.py:87} INFO - rate limit changed from 0/0s to 100/120s
[2024-02-02T16:18:17.779+0000] {logging_mixin.py:188} INFO - [2024-02-02T16:18:17.779+0000] {Limits.py:87} INFO - rate limit changed from 0/0s to 2000/60s
[2024-02-02T16:18:39.457+0000] {logging_mixin.py:188} INFO - [2024-02-02T16:18:39.454+0000] {dagbag.py:348} ERROR - Failed to import: /opt/airflow/dags/tft_sp_stats.py
Traceback (most recent call last):
  File "/home/airflow/.local/lib/python3.8/site-packages/urllib3/connectionpool.py", line 715, in urlopen
    httplib_response = self._make_request(
  File "/home/airflow/.local/lib/python3.8/site-packages/urllib3/connectionpool.py", line 404, in _make_request
    self._validate_conn(conn)
  File "/home/airflow/.local/lib/python3.8/site-packages/urllib3/connectionpool.py", line 1058, in _validate_conn
    conn.connect()
  File "/home/airflow/.local/lib/python3.8/site-packages/urllib3/connection.py", line 419, in connect
    self.sock = ssl_wrap_socket(
  File "/home/airflow/.local/lib/python3.8/site-packages/urllib3/util/ssl_.py", line 449, in ssl_wrap_socket
    ssl_sock = _ssl_wrap_socket_impl(
  File "/home/airflow/.local/lib/python3.8/site-packages/urllib3/util/ssl_.py", line 493, in _ssl_wrap_socket_impl
    return ssl_context.wrap_socket(sock, server_hostname=server_hostname)
  File "/usr/local/lib/python3.8/ssl.py", line 500, in wrap_socket
    return self.sslsocket_class._create(
  File "/usr/local/lib/python3.8/ssl.py", line 1073, in _create
    self.do_handshake()
  File "/usr/local/lib/python3.8/ssl.py", line 1342, in do_handshake
    self._sslobj.do_handshake()
ssl.SSLZeroReturnError: TLS/SSL connection has been closed (EOF) (_ssl.c:1131)

During handling of the above exception, another exception occurred:

Traceback (most recent call last):
  File "/home/airflow/.local/lib/python3.8/site-packages/requests/adapters.py", line 486, in send
    resp = conn.urlopen(
  File "/home/airflow/.local/lib/python3.8/site-packages/urllib3/connectionpool.py", line 799, in urlopen
    retries = retries.increment(
  File "/home/airflow/.local/lib/python3.8/site-packages/urllib3/util/retry.py", line 592, in increment
    raise MaxRetryError(_pool, url, error or ResponseError(cause))
urllib3.exceptions.MaxRetryError: HTTPSConnectionPool(host='europe.api.riotgames.com', port=443): Max retries exceeded with url: /tft/match/v1/matches/by-puuid/4jpgTs-h6xiV9k2zdXpC8PFeAD5ss4wYKjUJDzcZFx6gNL_XbU4dFWAXVbv733-Z0yJ4DsI36yRe0w/ids?count=20&start=0 (Caused by SSLError(SSLZeroReturnError(6, 'TLS/SSL connection has been closed (EOF) (_ssl.c:1131)')))

During handling of the above exception, another exception occurred:

Traceback (most recent call last):
  File "/home/airflow/.local/lib/python3.8/site-packages/airflow/models/dagbag.py", line 344, in parse
    loader.exec_module(new_module)
  File "<frozen importlib._bootstrap_external>", line 843, in exec_module
  File "<frozen importlib._bootstrap>", line 219, in _call_with_frames_removed
  File "/opt/airflow/dags/tft_sp_stats.py", line 92, in <module>
    tft_dag = tft_pipeline()
  File "/home/airflow/.local/lib/python3.8/site-packages/airflow/models/dag.py", line 3944, in factory
    f(**f_kwargs)
  File "/opt/airflow/dags/tft_sp_stats.py", line 35, in tft_pipeline
    matches_ids = watcher.match.by_puuid(my_region, me["puuid"], count=20)
  File "/home/airflow/.local/lib/python3.8/site-packages/riotwatcher/_apis/helpers.py", line 37, in remapper
    return api_call(*nargs, **kwargs)
  File "/home/airflow/.local/lib/python3.8/site-packages/riotwatcher/_apis/team_fight_tactics/MatchApi.py", line 57, in by_puuid
    return self._request_endpoint(
  File "/home/airflow/.local/lib/python3.8/site-packages/riotwatcher/_apis/NamedEndpoint.py", line 36, in _request_endpoint
    return self._base_api.raw_request(
  File "/home/airflow/.local/lib/python3.8/site-packages/riotwatcher/_apis/BaseApi.py", line 42, in raw_request
    response = self._session.get(
  File "/home/airflow/.local/lib/python3.8/site-packages/requests/sessions.py", line 602, in get
    return self.request("GET", url, **kwargs)
  File "/home/airflow/.local/lib/python3.8/site-packages/requests/sessions.py", line 589, in request
    resp = self.send(prep, **send_kwargs)
  File "/home/airflow/.local/lib/python3.8/site-packages/requests/sessions.py", line 703, in send
    r = adapter.send(request, **kwargs)
  File "/home/airflow/.local/lib/python3.8/site-packages/requests/adapters.py", line 517, in send
    raise SSLError(e, request=request)
requests.exceptions.SSLError: HTTPSConnectionPool(host='europe.api.riotgames.com', port=443): Max retries exceeded with url: /tft/match/v1/matches/by-puuid/4jpgTs-h6xiV9k2zdXpC8PFeAD5ss4wYKjUJDzcZFx6gNL_XbU4dFWAXVbv733-Z0yJ4DsI36yRe0w/ids?count=20&start=0 (Caused by SSLError(SSLZeroReturnError(6, 'TLS/SSL connection has been closed (EOF) (_ssl.c:1131)')))
[2024-02-02T16:18:39.459+0000] {processor.py:842} WARNING - No viable dags retrieved from /opt/airflow/dags/tft_sp_stats.py
[2024-02-02T16:18:39.484+0000] {processor.py:183} INFO - Processing /opt/airflow/dags/tft_sp_stats.py took 22.096 seconds
[2024-02-02T16:19:11.456+0000] {processor.py:161} INFO - Started process (PID=59) to work on /opt/airflow/dags/tft_sp_stats.py
[2024-02-02T16:19:11.456+0000] {processor.py:830} INFO - Processing file /opt/airflow/dags/tft_sp_stats.py for tasks to queue
[2024-02-02T16:19:11.457+0000] {logging_mixin.py:188} INFO - [2024-02-02T16:19:11.457+0000] {dagbag.py:538} INFO - Filling up the DagBag from /opt/airflow/dags/tft_sp_stats.py
[2024-02-02T16:19:11.773+0000] {logging_mixin.py:188} INFO - [2024-02-02T16:19:11.773+0000] {Limits.py:87} INFO - rate limit changed from 0/0s to 20/1s
[2024-02-02T16:19:11.773+0000] {logging_mixin.py:188} INFO - [2024-02-02T16:19:11.773+0000] {Limits.py:87} INFO - rate limit changed from 0/0s to 100/120s
[2024-02-02T16:19:11.773+0000] {logging_mixin.py:188} INFO - [2024-02-02T16:19:11.773+0000] {Limits.py:87} INFO - rate limit changed from 0/0s to 2000/60s
[2024-02-02T16:19:11.922+0000] {logging_mixin.py:188} INFO - [2024-02-02T16:19:11.922+0000] {Limits.py:87} INFO - rate limit changed from 0/0s to 20/1s
[2024-02-02T16:19:11.922+0000] {logging_mixin.py:188} INFO - [2024-02-02T16:19:11.922+0000] {Limits.py:87} INFO - rate limit changed from 0/0s to 100/120s
[2024-02-02T16:19:11.922+0000] {logging_mixin.py:188} INFO - [2024-02-02T16:19:11.922+0000] {Limits.py:87} INFO - rate limit changed from 0/0s to 400/10s
[2024-02-02T16:19:11.987+0000] {logging_mixin.py:188} INFO - [2024-02-02T16:19:11.987+0000] {Limits.py:87} INFO - rate limit changed from 0/0s to 200/10s
[2024-02-02T16:19:13.467+0000] {logging_mixin.py:188} INFO - augments     object
placement     int64
units        object
level         int64
dtype: object
[2024-02-02T16:19:13.549+0000] {processor.py:840} INFO - DAG(s) 'tft_pipeline' retrieved from /opt/airflow/dags/tft_sp_stats.py
[2024-02-02T16:19:13.679+0000] {logging_mixin.py:188} INFO - [2024-02-02T16:19:13.679+0000] {dag.py:3036} INFO - Sync 1 DAGs
[2024-02-02T16:19:13.694+0000] {logging_mixin.py:188} INFO - [2024-02-02T16:19:13.693+0000] {dag.py:3823} INFO - Setting next_dagrun for tft_pipeline to 2024-02-02 00:00:00+00:00, run_after=2024-02-03 00:00:00+00:00
[2024-02-02T16:19:13.706+0000] {processor.py:183} INFO - Processing /opt/airflow/dags/tft_sp_stats.py took 2.252 seconds
[2024-02-02T16:19:43.774+0000] {processor.py:161} INFO - Started process (PID=141) to work on /opt/airflow/dags/tft_sp_stats.py
[2024-02-02T16:19:43.775+0000] {processor.py:830} INFO - Processing file /opt/airflow/dags/tft_sp_stats.py for tasks to queue
[2024-02-02T16:19:43.776+0000] {logging_mixin.py:188} INFO - [2024-02-02T16:19:43.775+0000] {dagbag.py:538} INFO - Filling up the DagBag from /opt/airflow/dags/tft_sp_stats.py
[2024-02-02T16:19:44.265+0000] {logging_mixin.py:188} INFO - [2024-02-02T16:19:44.265+0000] {Limits.py:87} INFO - rate limit changed from 0/0s to 20/1s
[2024-02-02T16:19:44.266+0000] {logging_mixin.py:188} INFO - [2024-02-02T16:19:44.266+0000] {Limits.py:87} INFO - rate limit changed from 0/0s to 100/120s
[2024-02-02T16:19:44.266+0000] {logging_mixin.py:188} INFO - [2024-02-02T16:19:44.266+0000] {Limits.py:87} INFO - rate limit changed from 0/0s to 2000/60s
[2024-02-02T16:19:44.439+0000] {logging_mixin.py:188} INFO - [2024-02-02T16:19:44.439+0000] {Limits.py:87} INFO - rate limit changed from 0/0s to 20/1s
[2024-02-02T16:19:44.439+0000] {logging_mixin.py:188} INFO - [2024-02-02T16:19:44.439+0000] {Limits.py:87} INFO - rate limit changed from 0/0s to 100/120s
[2024-02-02T16:19:44.440+0000] {logging_mixin.py:188} INFO - [2024-02-02T16:19:44.440+0000] {Limits.py:87} INFO - rate limit changed from 0/0s to 400/10s
[2024-02-02T16:19:44.508+0000] {logging_mixin.py:188} INFO - [2024-02-02T16:19:44.508+0000] {Limits.py:87} INFO - rate limit changed from 0/0s to 200/10s
[2024-02-02T16:19:46.152+0000] {logging_mixin.py:188} INFO - augments     object
placement     int64
units        object
level         int64
dtype: object
[2024-02-02T16:19:46.231+0000] {processor.py:840} INFO - DAG(s) 'tft_pipeline' retrieved from /opt/airflow/dags/tft_sp_stats.py
[2024-02-02T16:19:46.250+0000] {logging_mixin.py:188} INFO - [2024-02-02T16:19:46.249+0000] {dag.py:3036} INFO - Sync 1 DAGs
[2024-02-02T16:19:46.264+0000] {logging_mixin.py:188} INFO - [2024-02-02T16:19:46.264+0000] {dag.py:3823} INFO - Setting next_dagrun for tft_pipeline to 2024-02-02 00:00:00+00:00, run_after=2024-02-03 00:00:00+00:00
[2024-02-02T16:19:46.280+0000] {processor.py:183} INFO - Processing /opt/airflow/dags/tft_sp_stats.py took 2.508 seconds
[2024-02-02T16:20:16.384+0000] {processor.py:161} INFO - Started process (PID=227) to work on /opt/airflow/dags/tft_sp_stats.py
[2024-02-02T16:20:16.385+0000] {processor.py:830} INFO - Processing file /opt/airflow/dags/tft_sp_stats.py for tasks to queue
[2024-02-02T16:20:16.386+0000] {logging_mixin.py:188} INFO - [2024-02-02T16:20:16.386+0000] {dagbag.py:538} INFO - Filling up the DagBag from /opt/airflow/dags/tft_sp_stats.py
[2024-02-02T16:20:16.806+0000] {logging_mixin.py:188} INFO - [2024-02-02T16:20:16.806+0000] {Limits.py:87} INFO - rate limit changed from 0/0s to 20/1s
[2024-02-02T16:20:16.807+0000] {logging_mixin.py:188} INFO - [2024-02-02T16:20:16.807+0000] {Limits.py:87} INFO - rate limit changed from 0/0s to 100/120s
[2024-02-02T16:20:16.807+0000] {logging_mixin.py:188} INFO - [2024-02-02T16:20:16.807+0000] {Limits.py:87} INFO - rate limit changed from 0/0s to 2000/60s
[2024-02-02T16:20:16.962+0000] {logging_mixin.py:188} INFO - [2024-02-02T16:20:16.962+0000] {Limits.py:87} INFO - rate limit changed from 0/0s to 20/1s
[2024-02-02T16:20:16.963+0000] {logging_mixin.py:188} INFO - [2024-02-02T16:20:16.963+0000] {Limits.py:87} INFO - rate limit changed from 0/0s to 100/120s
[2024-02-02T16:20:16.963+0000] {logging_mixin.py:188} INFO - [2024-02-02T16:20:16.963+0000] {Limits.py:87} INFO - rate limit changed from 0/0s to 400/10s
[2024-02-02T16:20:17.033+0000] {logging_mixin.py:188} INFO - [2024-02-02T16:20:17.032+0000] {Limits.py:87} INFO - rate limit changed from 0/0s to 200/10s
[2024-02-02T16:20:18.862+0000] {logging_mixin.py:188} INFO - augments     object
placement     int64
units        object
level         int64
dtype: object
[2024-02-02T16:20:18.957+0000] {processor.py:840} INFO - DAG(s) 'tft_pipeline' retrieved from /opt/airflow/dags/tft_sp_stats.py
[2024-02-02T16:20:18.981+0000] {logging_mixin.py:188} INFO - [2024-02-02T16:20:18.981+0000] {dag.py:3036} INFO - Sync 1 DAGs
[2024-02-02T16:20:18.998+0000] {logging_mixin.py:188} INFO - [2024-02-02T16:20:18.998+0000] {dag.py:3823} INFO - Setting next_dagrun for tft_pipeline to 2024-02-02 00:00:00+00:00, run_after=2024-02-03 00:00:00+00:00
[2024-02-02T16:20:19.011+0000] {processor.py:183} INFO - Processing /opt/airflow/dags/tft_sp_stats.py took 2.628 seconds
[2024-02-02T16:20:49.478+0000] {processor.py:161} INFO - Started process (PID=286) to work on /opt/airflow/dags/tft_sp_stats.py
[2024-02-02T16:20:49.479+0000] {processor.py:830} INFO - Processing file /opt/airflow/dags/tft_sp_stats.py for tasks to queue
[2024-02-02T16:20:49.480+0000] {logging_mixin.py:188} INFO - [2024-02-02T16:20:49.479+0000] {dagbag.py:538} INFO - Filling up the DagBag from /opt/airflow/dags/tft_sp_stats.py
[2024-02-02T16:20:49.942+0000] {logging_mixin.py:188} INFO - [2024-02-02T16:20:49.941+0000] {Limits.py:87} INFO - rate limit changed from 0/0s to 20/1s
[2024-02-02T16:20:49.942+0000] {logging_mixin.py:188} INFO - [2024-02-02T16:20:49.942+0000] {Limits.py:87} INFO - rate limit changed from 0/0s to 100/120s
[2024-02-02T16:20:49.943+0000] {logging_mixin.py:188} INFO - [2024-02-02T16:20:49.942+0000] {Limits.py:87} INFO - rate limit changed from 0/0s to 2000/60s
[2024-02-02T16:20:50.103+0000] {logging_mixin.py:188} INFO - [2024-02-02T16:20:50.103+0000] {Limits.py:87} INFO - rate limit changed from 0/0s to 20/1s
[2024-02-02T16:20:50.104+0000] {logging_mixin.py:188} INFO - [2024-02-02T16:20:50.104+0000] {Limits.py:87} INFO - rate limit changed from 0/0s to 100/120s
[2024-02-02T16:20:50.104+0000] {logging_mixin.py:188} INFO - [2024-02-02T16:20:50.104+0000] {Limits.py:87} INFO - rate limit changed from 0/0s to 400/10s
[2024-02-02T16:20:50.171+0000] {logging_mixin.py:188} INFO - [2024-02-02T16:20:50.171+0000] {Limits.py:87} INFO - rate limit changed from 0/0s to 200/10s
[2024-02-02T16:20:51.545+0000] {logging_mixin.py:188} INFO - augments     object
placement     int64
units        object
level         int64
dtype: object
[2024-02-02T16:20:51.623+0000] {processor.py:840} INFO - DAG(s) 'tft_pipeline' retrieved from /opt/airflow/dags/tft_sp_stats.py
[2024-02-02T16:20:51.643+0000] {logging_mixin.py:188} INFO - [2024-02-02T16:20:51.642+0000] {dag.py:3036} INFO - Sync 1 DAGs
[2024-02-02T16:20:51.658+0000] {logging_mixin.py:188} INFO - [2024-02-02T16:20:51.658+0000] {dag.py:3823} INFO - Setting next_dagrun for tft_pipeline to 2024-02-02 00:00:00+00:00, run_after=2024-02-03 00:00:00+00:00
[2024-02-02T16:20:51.671+0000] {processor.py:183} INFO - Processing /opt/airflow/dags/tft_sp_stats.py took 2.195 seconds
[2024-02-02T16:21:21.877+0000] {processor.py:161} INFO - Started process (PID=345) to work on /opt/airflow/dags/tft_sp_stats.py
[2024-02-02T16:21:21.877+0000] {processor.py:830} INFO - Processing file /opt/airflow/dags/tft_sp_stats.py for tasks to queue
[2024-02-02T16:21:21.878+0000] {logging_mixin.py:188} INFO - [2024-02-02T16:21:21.878+0000] {dagbag.py:538} INFO - Filling up the DagBag from /opt/airflow/dags/tft_sp_stats.py
[2024-02-02T16:21:22.292+0000] {logging_mixin.py:188} INFO - [2024-02-02T16:21:22.291+0000] {Limits.py:87} INFO - rate limit changed from 0/0s to 20/1s
[2024-02-02T16:21:22.292+0000] {logging_mixin.py:188} INFO - [2024-02-02T16:21:22.292+0000] {Limits.py:87} INFO - rate limit changed from 0/0s to 100/120s
[2024-02-02T16:21:22.292+0000] {logging_mixin.py:188} INFO - [2024-02-02T16:21:22.292+0000] {Limits.py:87} INFO - rate limit changed from 0/0s to 2000/60s
[2024-02-02T16:21:22.448+0000] {logging_mixin.py:188} INFO - [2024-02-02T16:21:22.447+0000] {Limits.py:87} INFO - rate limit changed from 0/0s to 20/1s
[2024-02-02T16:21:22.448+0000] {logging_mixin.py:188} INFO - [2024-02-02T16:21:22.448+0000] {Limits.py:87} INFO - rate limit changed from 0/0s to 100/120s
[2024-02-02T16:21:22.448+0000] {logging_mixin.py:188} INFO - [2024-02-02T16:21:22.448+0000] {Limits.py:87} INFO - rate limit changed from 0/0s to 400/10s
[2024-02-02T16:21:22.515+0000] {logging_mixin.py:188} INFO - [2024-02-02T16:21:22.515+0000] {Limits.py:87} INFO - rate limit changed from 0/0s to 200/10s
[2024-02-02T16:21:24.031+0000] {logging_mixin.py:188} INFO - augments     object
placement     int64
units        object
level         int64
dtype: object
[2024-02-02T16:21:24.120+0000] {processor.py:840} INFO - DAG(s) 'tft_pipeline' retrieved from /opt/airflow/dags/tft_sp_stats.py
[2024-02-02T16:21:24.139+0000] {logging_mixin.py:188} INFO - [2024-02-02T16:21:24.139+0000] {dag.py:3036} INFO - Sync 1 DAGs
[2024-02-02T16:21:24.153+0000] {logging_mixin.py:188} INFO - [2024-02-02T16:21:24.153+0000] {dag.py:3823} INFO - Setting next_dagrun for tft_pipeline to 2024-02-02 00:00:00+00:00, run_after=2024-02-03 00:00:00+00:00
[2024-02-02T16:21:24.167+0000] {processor.py:183} INFO - Processing /opt/airflow/dags/tft_sp_stats.py took 2.292 seconds
[2024-02-02T16:21:54.906+0000] {processor.py:161} INFO - Started process (PID=405) to work on /opt/airflow/dags/tft_sp_stats.py
[2024-02-02T16:21:54.907+0000] {processor.py:830} INFO - Processing file /opt/airflow/dags/tft_sp_stats.py for tasks to queue
[2024-02-02T16:21:54.908+0000] {logging_mixin.py:188} INFO - [2024-02-02T16:21:54.908+0000] {dagbag.py:538} INFO - Filling up the DagBag from /opt/airflow/dags/tft_sp_stats.py
[2024-02-02T16:21:55.335+0000] {logging_mixin.py:188} INFO - [2024-02-02T16:21:55.335+0000] {Limits.py:87} INFO - rate limit changed from 0/0s to 20/1s
[2024-02-02T16:21:55.336+0000] {logging_mixin.py:188} INFO - [2024-02-02T16:21:55.336+0000] {Limits.py:87} INFO - rate limit changed from 0/0s to 100/120s
[2024-02-02T16:21:55.336+0000] {logging_mixin.py:188} INFO - [2024-02-02T16:21:55.336+0000] {Limits.py:87} INFO - rate limit changed from 0/0s to 2000/60s
[2024-02-02T16:21:55.502+0000] {logging_mixin.py:188} INFO - [2024-02-02T16:21:55.502+0000] {Limits.py:87} INFO - rate limit changed from 0/0s to 20/1s
[2024-02-02T16:21:55.503+0000] {logging_mixin.py:188} INFO - [2024-02-02T16:21:55.503+0000] {Limits.py:87} INFO - rate limit changed from 0/0s to 100/120s
[2024-02-02T16:21:55.503+0000] {logging_mixin.py:188} INFO - [2024-02-02T16:21:55.503+0000] {Limits.py:87} INFO - rate limit changed from 0/0s to 400/10s
[2024-02-02T16:21:55.570+0000] {logging_mixin.py:188} INFO - [2024-02-02T16:21:55.570+0000] {Limits.py:87} INFO - rate limit changed from 0/0s to 200/10s
[2024-02-02T16:21:57.404+0000] {logging_mixin.py:188} INFO - augments     object
placement     int64
units        object
level         int64
dtype: object
[2024-02-02T16:21:57.494+0000] {processor.py:840} INFO - DAG(s) 'tft_pipeline' retrieved from /opt/airflow/dags/tft_sp_stats.py
[2024-02-02T16:21:57.512+0000] {logging_mixin.py:188} INFO - [2024-02-02T16:21:57.512+0000] {dag.py:3036} INFO - Sync 1 DAGs
[2024-02-02T16:21:57.528+0000] {logging_mixin.py:188} INFO - [2024-02-02T16:21:57.528+0000] {dag.py:3823} INFO - Setting next_dagrun for tft_pipeline to 2024-02-02 00:00:00+00:00, run_after=2024-02-03 00:00:00+00:00
[2024-02-02T16:21:57.540+0000] {processor.py:183} INFO - Processing /opt/airflow/dags/tft_sp_stats.py took 2.635 seconds
[2024-02-02T16:22:28.242+0000] {processor.py:161} INFO - Started process (PID=466) to work on /opt/airflow/dags/tft_sp_stats.py
[2024-02-02T16:22:28.242+0000] {processor.py:830} INFO - Processing file /opt/airflow/dags/tft_sp_stats.py for tasks to queue
[2024-02-02T16:22:28.243+0000] {logging_mixin.py:188} INFO - [2024-02-02T16:22:28.243+0000] {dagbag.py:538} INFO - Filling up the DagBag from /opt/airflow/dags/tft_sp_stats.py
[2024-02-02T16:22:28.660+0000] {logging_mixin.py:188} INFO - [2024-02-02T16:22:28.659+0000] {Limits.py:87} INFO - rate limit changed from 0/0s to 20/1s
[2024-02-02T16:22:28.660+0000] {logging_mixin.py:188} INFO - [2024-02-02T16:22:28.660+0000] {Limits.py:87} INFO - rate limit changed from 0/0s to 100/120s
[2024-02-02T16:22:28.660+0000] {logging_mixin.py:188} INFO - [2024-02-02T16:22:28.660+0000] {Limits.py:87} INFO - rate limit changed from 0/0s to 2000/60s
[2024-02-02T16:22:28.816+0000] {logging_mixin.py:188} INFO - [2024-02-02T16:22:28.816+0000] {Limits.py:87} INFO - rate limit changed from 0/0s to 20/1s
[2024-02-02T16:22:28.816+0000] {logging_mixin.py:188} INFO - [2024-02-02T16:22:28.816+0000] {Limits.py:87} INFO - rate limit changed from 0/0s to 100/120s
[2024-02-02T16:22:28.817+0000] {logging_mixin.py:188} INFO - [2024-02-02T16:22:28.817+0000] {Limits.py:87} INFO - rate limit changed from 0/0s to 400/10s
[2024-02-02T16:22:28.903+0000] {logging_mixin.py:188} INFO - [2024-02-02T16:22:28.903+0000] {Limits.py:87} INFO - rate limit changed from 0/0s to 200/10s
[2024-02-02T16:22:30.867+0000] {logging_mixin.py:188} INFO - augments     object
placement     int64
units        object
level         int64
dtype: object
[2024-02-02T16:22:30.951+0000] {processor.py:840} INFO - DAG(s) 'tft_pipeline' retrieved from /opt/airflow/dags/tft_sp_stats.py
[2024-02-02T16:22:30.971+0000] {logging_mixin.py:188} INFO - [2024-02-02T16:22:30.971+0000] {dag.py:3036} INFO - Sync 1 DAGs
[2024-02-02T16:22:30.986+0000] {logging_mixin.py:188} INFO - [2024-02-02T16:22:30.985+0000] {dag.py:3823} INFO - Setting next_dagrun for tft_pipeline to 2024-02-02 00:00:00+00:00, run_after=2024-02-03 00:00:00+00:00
[2024-02-02T16:22:31.000+0000] {processor.py:183} INFO - Processing /opt/airflow/dags/tft_sp_stats.py took 2.760 seconds
[2024-02-02T16:22:45.886+0000] {processor.py:161} INFO - Started process (PID=59) to work on /opt/airflow/dags/tft_sp_stats.py
[2024-02-02T16:22:45.886+0000] {processor.py:830} INFO - Processing file /opt/airflow/dags/tft_sp_stats.py for tasks to queue
[2024-02-02T16:22:45.887+0000] {logging_mixin.py:188} INFO - [2024-02-02T16:22:45.887+0000] {dagbag.py:538} INFO - Filling up the DagBag from /opt/airflow/dags/tft_sp_stats.py
[2024-02-02T16:22:46.239+0000] {logging_mixin.py:188} INFO - [2024-02-02T16:22:46.238+0000] {Limits.py:87} INFO - rate limit changed from 0/0s to 20/1s
[2024-02-02T16:22:46.239+0000] {logging_mixin.py:188} INFO - [2024-02-02T16:22:46.239+0000] {Limits.py:87} INFO - rate limit changed from 0/0s to 100/120s
[2024-02-02T16:22:46.240+0000] {logging_mixin.py:188} INFO - [2024-02-02T16:22:46.239+0000] {Limits.py:87} INFO - rate limit changed from 0/0s to 2000/60s
[2024-02-02T16:22:46.404+0000] {logging_mixin.py:188} INFO - [2024-02-02T16:22:46.404+0000] {Limits.py:87} INFO - rate limit changed from 0/0s to 20/1s
[2024-02-02T16:22:46.404+0000] {logging_mixin.py:188} INFO - [2024-02-02T16:22:46.404+0000] {Limits.py:87} INFO - rate limit changed from 0/0s to 100/120s
[2024-02-02T16:22:46.405+0000] {logging_mixin.py:188} INFO - [2024-02-02T16:22:46.405+0000] {Limits.py:87} INFO - rate limit changed from 0/0s to 400/10s
[2024-02-02T16:22:46.477+0000] {logging_mixin.py:188} INFO - [2024-02-02T16:22:46.477+0000] {Limits.py:87} INFO - rate limit changed from 0/0s to 200/10s
[2024-02-02T16:22:48.259+0000] {logging_mixin.py:188} INFO - augments     object
placement     int64
units        object
level         int64
dtype: object
[2024-02-02T16:22:48.381+0000] {processor.py:840} INFO - DAG(s) 'tft_pipeline' retrieved from /opt/airflow/dags/tft_sp_stats.py
[2024-02-02T16:22:48.533+0000] {logging_mixin.py:188} INFO - [2024-02-02T16:22:48.533+0000] {dag.py:3036} INFO - Sync 1 DAGs
[2024-02-02T16:22:48.549+0000] {logging_mixin.py:188} INFO - [2024-02-02T16:22:48.549+0000] {dag.py:3823} INFO - Setting next_dagrun for tft_pipeline to 2024-02-02 00:00:00+00:00, run_after=2024-02-03 00:00:00+00:00
[2024-02-02T16:22:48.569+0000] {processor.py:183} INFO - Processing /opt/airflow/dags/tft_sp_stats.py took 2.684 seconds
[2024-02-02T16:23:18.791+0000] {processor.py:161} INFO - Started process (PID=143) to work on /opt/airflow/dags/tft_sp_stats.py
[2024-02-02T16:23:18.792+0000] {processor.py:830} INFO - Processing file /opt/airflow/dags/tft_sp_stats.py for tasks to queue
[2024-02-02T16:23:18.793+0000] {logging_mixin.py:188} INFO - [2024-02-02T16:23:18.792+0000] {dagbag.py:538} INFO - Filling up the DagBag from /opt/airflow/dags/tft_sp_stats.py
[2024-02-02T16:23:19.231+0000] {logging_mixin.py:188} INFO - [2024-02-02T16:23:19.231+0000] {Limits.py:87} INFO - rate limit changed from 0/0s to 20/1s
[2024-02-02T16:23:19.232+0000] {logging_mixin.py:188} INFO - [2024-02-02T16:23:19.232+0000] {Limits.py:87} INFO - rate limit changed from 0/0s to 100/120s
[2024-02-02T16:23:19.232+0000] {logging_mixin.py:188} INFO - [2024-02-02T16:23:19.232+0000] {Limits.py:87} INFO - rate limit changed from 0/0s to 2000/60s
[2024-02-02T16:23:19.420+0000] {logging_mixin.py:188} INFO - [2024-02-02T16:23:19.420+0000] {Limits.py:87} INFO - rate limit changed from 0/0s to 20/1s
[2024-02-02T16:23:19.421+0000] {logging_mixin.py:188} INFO - [2024-02-02T16:23:19.421+0000] {Limits.py:87} INFO - rate limit changed from 0/0s to 100/120s
[2024-02-02T16:23:19.421+0000] {logging_mixin.py:188} INFO - [2024-02-02T16:23:19.421+0000] {Limits.py:87} INFO - rate limit changed from 0/0s to 400/10s
[2024-02-02T16:23:19.492+0000] {logging_mixin.py:188} INFO - [2024-02-02T16:23:19.492+0000] {Limits.py:87} INFO - rate limit changed from 0/0s to 200/10s
[2024-02-02T16:23:20.988+0000] {logging_mixin.py:188} INFO - [2024-02-02T16:23:20.987+0000] {RateLimiterAdapter.py:41} INFO - waiting for 118.433308 seconds...
[2024-02-02T16:23:48.798+0000] {logging_mixin.py:188} INFO - [2024-02-02T16:23:48.797+0000] {timeout.py:68} ERROR - Process timed out, PID: 143
[2024-02-02T16:23:48.801+0000] {logging_mixin.py:188} INFO - [2024-02-02T16:23:48.798+0000] {dagbag.py:348} ERROR - Failed to import: /opt/airflow/dags/tft_sp_stats.py
Traceback (most recent call last):
  File "/home/airflow/.local/lib/python3.8/site-packages/airflow/models/dagbag.py", line 344, in parse
    loader.exec_module(new_module)
  File "<frozen importlib._bootstrap_external>", line 843, in exec_module
  File "<frozen importlib._bootstrap>", line 219, in _call_with_frames_removed
  File "/opt/airflow/dags/tft_sp_stats.py", line 92, in <module>
    tft_dag = tft_pipeline()
  File "/home/airflow/.local/lib/python3.8/site-packages/airflow/models/dag.py", line 3944, in factory
    f(**f_kwargs)
  File "/opt/airflow/dags/tft_sp_stats.py", line 37, in tft_pipeline
    matches = [watcher.match.by_id(my_region, item) for item in matches_ids]
  File "/opt/airflow/dags/tft_sp_stats.py", line 37, in <listcomp>
    matches = [watcher.match.by_id(my_region, item) for item in matches_ids]
  File "/home/airflow/.local/lib/python3.8/site-packages/riotwatcher/_apis/helpers.py", line 37, in remapper
    return api_call(*nargs, **kwargs)
  File "/home/airflow/.local/lib/python3.8/site-packages/riotwatcher/_apis/team_fight_tactics/MatchApi.py", line 75, in by_id
    return self._request_endpoint(
  File "/home/airflow/.local/lib/python3.8/site-packages/riotwatcher/_apis/NamedEndpoint.py", line 36, in _request_endpoint
    return self._base_api.raw_request(
  File "/home/airflow/.local/lib/python3.8/site-packages/riotwatcher/_apis/BaseApi.py", line 30, in raw_request
    response = handler.preview_request(
  File "/home/airflow/.local/lib/python3.8/site-packages/riotwatcher/Handlers/RateLimiterAdapter.py", line 44, in preview_request
    time.sleep(to_wait.total_seconds())
  File "/home/airflow/.local/lib/python3.8/site-packages/airflow/utils/timeout.py", line 69, in handle_timeout
    raise AirflowTaskTimeout(self.error_message)
airflow.exceptions.AirflowTaskTimeout: DagBag import timeout for /opt/airflow/dags/tft_sp_stats.py after 30.0s.
Please take a look at these docs to improve your DAG import time:
* https://airflow.apache.org/docs/apache-airflow/2.8.1/best-practices.html#top-level-python-code
* https://airflow.apache.org/docs/apache-airflow/2.8.1/best-practices.html#reducing-dag-complexity, PID: 143
[2024-02-02T16:23:48.803+0000] {processor.py:842} WARNING - No viable dags retrieved from /opt/airflow/dags/tft_sp_stats.py
[2024-02-02T16:23:48.827+0000] {processor.py:183} INFO - Processing /opt/airflow/dags/tft_sp_stats.py took 30.037 seconds
[2024-02-02T16:24:19.176+0000] {processor.py:161} INFO - Started process (PID=249) to work on /opt/airflow/dags/tft_sp_stats.py
[2024-02-02T16:24:19.176+0000] {processor.py:830} INFO - Processing file /opt/airflow/dags/tft_sp_stats.py for tasks to queue
[2024-02-02T16:24:19.177+0000] {logging_mixin.py:188} INFO - [2024-02-02T16:24:19.177+0000] {dagbag.py:538} INFO - Filling up the DagBag from /opt/airflow/dags/tft_sp_stats.py
[2024-02-02T16:24:19.646+0000] {logging_mixin.py:188} INFO - [2024-02-02T16:24:19.646+0000] {Limits.py:87} INFO - rate limit changed from 0/0s to 20/1s
[2024-02-02T16:24:19.646+0000] {logging_mixin.py:188} INFO - [2024-02-02T16:24:19.646+0000] {Limits.py:87} INFO - rate limit changed from 0/0s to 100/120s
[2024-02-02T16:24:19.647+0000] {logging_mixin.py:188} INFO - [2024-02-02T16:24:19.647+0000] {Limits.py:87} INFO - rate limit changed from 0/0s to 2000/60s
[2024-02-02T16:24:19.816+0000] {logging_mixin.py:188} INFO - [2024-02-02T16:24:19.816+0000] {Limits.py:87} INFO - rate limit changed from 0/0s to 20/1s
[2024-02-02T16:24:19.816+0000] {logging_mixin.py:188} INFO - [2024-02-02T16:24:19.816+0000] {Limits.py:87} INFO - rate limit changed from 0/0s to 100/120s
[2024-02-02T16:24:19.817+0000] {logging_mixin.py:188} INFO - [2024-02-02T16:24:19.816+0000] {Limits.py:87} INFO - rate limit changed from 0/0s to 400/10s
[2024-02-02T16:24:19.884+0000] {logging_mixin.py:188} INFO - [2024-02-02T16:24:19.884+0000] {Limits.py:87} INFO - rate limit changed from 0/0s to 200/10s
[2024-02-02T16:24:21.367+0000] {logging_mixin.py:188} INFO - augments     object
placement     int64
units        object
level         int64
dtype: object
[2024-02-02T16:24:21.451+0000] {processor.py:840} INFO - DAG(s) 'tft_pipeline' retrieved from /opt/airflow/dags/tft_sp_stats.py
[2024-02-02T16:24:21.470+0000] {logging_mixin.py:188} INFO - [2024-02-02T16:24:21.469+0000] {dag.py:3036} INFO - Sync 1 DAGs
[2024-02-02T16:24:21.485+0000] {logging_mixin.py:188} INFO - [2024-02-02T16:24:21.484+0000] {dag.py:3823} INFO - Setting next_dagrun for tft_pipeline to 2024-02-02 00:00:00+00:00, run_after=2024-02-03 00:00:00+00:00
[2024-02-02T16:24:21.497+0000] {processor.py:183} INFO - Processing /opt/airflow/dags/tft_sp_stats.py took 2.322 seconds
[2024-02-02T16:24:51.901+0000] {processor.py:161} INFO - Started process (PID=327) to work on /opt/airflow/dags/tft_sp_stats.py
[2024-02-02T16:24:51.902+0000] {processor.py:830} INFO - Processing file /opt/airflow/dags/tft_sp_stats.py for tasks to queue
[2024-02-02T16:24:51.903+0000] {logging_mixin.py:188} INFO - [2024-02-02T16:24:51.903+0000] {dagbag.py:538} INFO - Filling up the DagBag from /opt/airflow/dags/tft_sp_stats.py
[2024-02-02T16:24:52.314+0000] {logging_mixin.py:188} INFO - [2024-02-02T16:24:52.314+0000] {Limits.py:87} INFO - rate limit changed from 0/0s to 20/1s
[2024-02-02T16:24:52.315+0000] {logging_mixin.py:188} INFO - [2024-02-02T16:24:52.315+0000] {Limits.py:87} INFO - rate limit changed from 0/0s to 100/120s
[2024-02-02T16:24:52.315+0000] {logging_mixin.py:188} INFO - [2024-02-02T16:24:52.315+0000] {Limits.py:87} INFO - rate limit changed from 0/0s to 2000/60s
[2024-02-02T16:24:52.472+0000] {logging_mixin.py:188} INFO - [2024-02-02T16:24:52.471+0000] {Limits.py:87} INFO - rate limit changed from 0/0s to 20/1s
[2024-02-02T16:24:52.472+0000] {logging_mixin.py:188} INFO - [2024-02-02T16:24:52.472+0000] {Limits.py:87} INFO - rate limit changed from 0/0s to 100/120s
[2024-02-02T16:24:52.472+0000] {logging_mixin.py:188} INFO - [2024-02-02T16:24:52.472+0000] {Limits.py:87} INFO - rate limit changed from 0/0s to 400/10s
[2024-02-02T16:24:52.544+0000] {logging_mixin.py:188} INFO - [2024-02-02T16:24:52.544+0000] {Limits.py:87} INFO - rate limit changed from 0/0s to 200/10s
[2024-02-02T16:24:53.961+0000] {logging_mixin.py:188} INFO - augments     object
placement     int64
units        object
level         int64
dtype: object
[2024-02-02T16:24:54.040+0000] {processor.py:840} INFO - DAG(s) 'tft_pipeline' retrieved from /opt/airflow/dags/tft_sp_stats.py
[2024-02-02T16:24:54.060+0000] {logging_mixin.py:188} INFO - [2024-02-02T16:24:54.059+0000] {dag.py:3036} INFO - Sync 1 DAGs
[2024-02-02T16:24:54.075+0000] {logging_mixin.py:188} INFO - [2024-02-02T16:24:54.075+0000] {dag.py:3823} INFO - Setting next_dagrun for tft_pipeline to 2024-02-02 00:00:00+00:00, run_after=2024-02-03 00:00:00+00:00
[2024-02-02T16:24:54.092+0000] {processor.py:183} INFO - Processing /opt/airflow/dags/tft_sp_stats.py took 2.192 seconds
[2024-02-02T16:25:24.136+0000] {processor.py:161} INFO - Started process (PID=408) to work on /opt/airflow/dags/tft_sp_stats.py
[2024-02-02T16:25:24.137+0000] {processor.py:830} INFO - Processing file /opt/airflow/dags/tft_sp_stats.py for tasks to queue
[2024-02-02T16:25:24.138+0000] {logging_mixin.py:188} INFO - [2024-02-02T16:25:24.138+0000] {dagbag.py:538} INFO - Filling up the DagBag from /opt/airflow/dags/tft_sp_stats.py
[2024-02-02T16:25:24.604+0000] {logging_mixin.py:188} INFO - [2024-02-02T16:25:24.604+0000] {Limits.py:87} INFO - rate limit changed from 0/0s to 20/1s
[2024-02-02T16:25:24.605+0000] {logging_mixin.py:188} INFO - [2024-02-02T16:25:24.605+0000] {Limits.py:87} INFO - rate limit changed from 0/0s to 100/120s
[2024-02-02T16:25:24.605+0000] {logging_mixin.py:188} INFO - [2024-02-02T16:25:24.605+0000] {Limits.py:87} INFO - rate limit changed from 0/0s to 2000/60s
[2024-02-02T16:25:24.773+0000] {logging_mixin.py:188} INFO - [2024-02-02T16:25:24.772+0000] {Limits.py:87} INFO - rate limit changed from 0/0s to 20/1s
[2024-02-02T16:25:24.773+0000] {logging_mixin.py:188} INFO - [2024-02-02T16:25:24.773+0000] {Limits.py:87} INFO - rate limit changed from 0/0s to 100/120s
[2024-02-02T16:25:24.773+0000] {logging_mixin.py:188} INFO - [2024-02-02T16:25:24.773+0000] {Limits.py:87} INFO - rate limit changed from 0/0s to 400/10s
[2024-02-02T16:25:24.846+0000] {logging_mixin.py:188} INFO - [2024-02-02T16:25:24.845+0000] {Limits.py:87} INFO - rate limit changed from 0/0s to 200/10s
[2024-02-02T16:25:26.387+0000] {logging_mixin.py:188} INFO - augments     object
placement     int64
units        object
level         int64
dtype: object
[2024-02-02T16:25:26.466+0000] {processor.py:840} INFO - DAG(s) 'tft_pipeline' retrieved from /opt/airflow/dags/tft_sp_stats.py
[2024-02-02T16:25:26.486+0000] {logging_mixin.py:188} INFO - [2024-02-02T16:25:26.486+0000] {dag.py:3036} INFO - Sync 1 DAGs
[2024-02-02T16:25:26.501+0000] {logging_mixin.py:188} INFO - [2024-02-02T16:25:26.501+0000] {dag.py:3823} INFO - Setting next_dagrun for tft_pipeline to 2024-02-02 00:00:00+00:00, run_after=2024-02-03 00:00:00+00:00
[2024-02-02T16:25:26.517+0000] {processor.py:183} INFO - Processing /opt/airflow/dags/tft_sp_stats.py took 2.383 seconds
[2024-02-02T16:25:38.527+0000] {processor.py:161} INFO - Started process (PID=59) to work on /opt/airflow/dags/tft_sp_stats.py
[2024-02-02T16:25:38.527+0000] {processor.py:830} INFO - Processing file /opt/airflow/dags/tft_sp_stats.py for tasks to queue
[2024-02-02T16:25:38.528+0000] {logging_mixin.py:188} INFO - [2024-02-02T16:25:38.528+0000] {dagbag.py:538} INFO - Filling up the DagBag from /opt/airflow/dags/tft_sp_stats.py
[2024-02-02T16:25:38.836+0000] {logging_mixin.py:188} INFO - [2024-02-02T16:25:38.836+0000] {Limits.py:87} INFO - rate limit changed from 0/0s to 20/1s
[2024-02-02T16:25:38.836+0000] {logging_mixin.py:188} INFO - [2024-02-02T16:25:38.836+0000] {Limits.py:87} INFO - rate limit changed from 0/0s to 100/120s
[2024-02-02T16:25:38.837+0000] {logging_mixin.py:188} INFO - [2024-02-02T16:25:38.837+0000] {Limits.py:87} INFO - rate limit changed from 0/0s to 2000/60s
[2024-02-02T16:25:38.993+0000] {logging_mixin.py:188} INFO - [2024-02-02T16:25:38.993+0000] {Limits.py:87} INFO - rate limit changed from 0/0s to 20/1s
[2024-02-02T16:25:38.994+0000] {logging_mixin.py:188} INFO - [2024-02-02T16:25:38.994+0000] {Limits.py:87} INFO - rate limit changed from 0/0s to 100/120s
[2024-02-02T16:25:38.994+0000] {logging_mixin.py:188} INFO - [2024-02-02T16:25:38.994+0000] {Limits.py:87} INFO - rate limit changed from 0/0s to 400/10s
[2024-02-02T16:25:39.091+0000] {logging_mixin.py:188} INFO - [2024-02-02T16:25:39.090+0000] {Limits.py:87} INFO - rate limit changed from 0/0s to 200/10s
[2024-02-02T16:25:40.704+0000] {logging_mixin.py:188} INFO - augments     object
placement     int64
units        object
level         int64
dtype: object
[2024-02-02T16:25:40.785+0000] {processor.py:840} INFO - DAG(s) 'tft_pipeline' retrieved from /opt/airflow/dags/tft_sp_stats.py
[2024-02-02T16:25:40.918+0000] {logging_mixin.py:188} INFO - [2024-02-02T16:25:40.918+0000] {dag.py:3036} INFO - Sync 1 DAGs
[2024-02-02T16:25:40.933+0000] {logging_mixin.py:188} INFO - [2024-02-02T16:25:40.933+0000] {dag.py:3823} INFO - Setting next_dagrun for tft_pipeline to 2024-02-02 00:00:00+00:00, run_after=2024-02-03 00:00:00+00:00
[2024-02-02T16:25:40.945+0000] {processor.py:183} INFO - Processing /opt/airflow/dags/tft_sp_stats.py took 2.420 seconds
[2024-02-02T16:26:10.999+0000] {processor.py:161} INFO - Started process (PID=144) to work on /opt/airflow/dags/tft_sp_stats.py
[2024-02-02T16:26:10.999+0000] {processor.py:830} INFO - Processing file /opt/airflow/dags/tft_sp_stats.py for tasks to queue
[2024-02-02T16:26:11.000+0000] {logging_mixin.py:188} INFO - [2024-02-02T16:26:11.000+0000] {dagbag.py:538} INFO - Filling up the DagBag from /opt/airflow/dags/tft_sp_stats.py
[2024-02-02T16:26:11.403+0000] {logging_mixin.py:188} INFO - [2024-02-02T16:26:11.402+0000] {Limits.py:87} INFO - rate limit changed from 0/0s to 20/1s
[2024-02-02T16:26:11.403+0000] {logging_mixin.py:188} INFO - [2024-02-02T16:26:11.403+0000] {Limits.py:87} INFO - rate limit changed from 0/0s to 100/120s
[2024-02-02T16:26:11.403+0000] {logging_mixin.py:188} INFO - [2024-02-02T16:26:11.403+0000] {Limits.py:87} INFO - rate limit changed from 0/0s to 2000/60s
[2024-02-02T16:26:11.559+0000] {logging_mixin.py:188} INFO - [2024-02-02T16:26:11.559+0000] {Limits.py:87} INFO - rate limit changed from 0/0s to 20/1s
[2024-02-02T16:26:11.559+0000] {logging_mixin.py:188} INFO - [2024-02-02T16:26:11.559+0000] {Limits.py:87} INFO - rate limit changed from 0/0s to 100/120s
[2024-02-02T16:26:11.559+0000] {logging_mixin.py:188} INFO - [2024-02-02T16:26:11.559+0000] {Limits.py:87} INFO - rate limit changed from 0/0s to 400/10s
[2024-02-02T16:26:11.628+0000] {logging_mixin.py:188} INFO - [2024-02-02T16:26:11.628+0000] {Limits.py:87} INFO - rate limit changed from 0/0s to 200/10s
[2024-02-02T16:26:12.746+0000] {logging_mixin.py:188} INFO - [2024-02-02T16:26:12.746+0000] {RateLimiterAdapter.py:41} INFO - waiting for 118.812943 seconds...
[2024-02-02T16:26:41.004+0000] {logging_mixin.py:188} INFO - [2024-02-02T16:26:41.004+0000] {timeout.py:68} ERROR - Process timed out, PID: 144
[2024-02-02T16:26:41.007+0000] {logging_mixin.py:188} INFO - [2024-02-02T16:26:41.005+0000] {dagbag.py:348} ERROR - Failed to import: /opt/airflow/dags/tft_sp_stats.py
Traceback (most recent call last):
  File "/home/airflow/.local/lib/python3.8/site-packages/airflow/models/dagbag.py", line 344, in parse
    loader.exec_module(new_module)
  File "<frozen importlib._bootstrap_external>", line 843, in exec_module
  File "<frozen importlib._bootstrap>", line 219, in _call_with_frames_removed
  File "/opt/airflow/dags/tft_sp_stats.py", line 92, in <module>
    tft_dag = tft_pipeline()
  File "/home/airflow/.local/lib/python3.8/site-packages/airflow/models/dag.py", line 3944, in factory
    f(**f_kwargs)
  File "/opt/airflow/dags/tft_sp_stats.py", line 37, in tft_pipeline
    matches = [watcher.match.by_id(my_region, item) for item in matches_ids]
  File "/opt/airflow/dags/tft_sp_stats.py", line 37, in <listcomp>
    matches = [watcher.match.by_id(my_region, item) for item in matches_ids]
  File "/home/airflow/.local/lib/python3.8/site-packages/riotwatcher/_apis/helpers.py", line 37, in remapper
    return api_call(*nargs, **kwargs)
  File "/home/airflow/.local/lib/python3.8/site-packages/riotwatcher/_apis/team_fight_tactics/MatchApi.py", line 75, in by_id
    return self._request_endpoint(
  File "/home/airflow/.local/lib/python3.8/site-packages/riotwatcher/_apis/NamedEndpoint.py", line 36, in _request_endpoint
    return self._base_api.raw_request(
  File "/home/airflow/.local/lib/python3.8/site-packages/riotwatcher/_apis/BaseApi.py", line 30, in raw_request
    response = handler.preview_request(
  File "/home/airflow/.local/lib/python3.8/site-packages/riotwatcher/Handlers/RateLimiterAdapter.py", line 44, in preview_request
    time.sleep(to_wait.total_seconds())
  File "/home/airflow/.local/lib/python3.8/site-packages/airflow/utils/timeout.py", line 69, in handle_timeout
    raise AirflowTaskTimeout(self.error_message)
airflow.exceptions.AirflowTaskTimeout: DagBag import timeout for /opt/airflow/dags/tft_sp_stats.py after 30.0s.
Please take a look at these docs to improve your DAG import time:
* https://airflow.apache.org/docs/apache-airflow/2.8.1/best-practices.html#top-level-python-code
* https://airflow.apache.org/docs/apache-airflow/2.8.1/best-practices.html#reducing-dag-complexity, PID: 144
[2024-02-02T16:26:41.009+0000] {processor.py:842} WARNING - No viable dags retrieved from /opt/airflow/dags/tft_sp_stats.py
[2024-02-02T16:26:41.030+0000] {processor.py:183} INFO - Processing /opt/airflow/dags/tft_sp_stats.py took 30.033 seconds
[2024-02-02T16:27:11.093+0000] {processor.py:161} INFO - Started process (PID=244) to work on /opt/airflow/dags/tft_sp_stats.py
[2024-02-02T16:27:11.094+0000] {processor.py:830} INFO - Processing file /opt/airflow/dags/tft_sp_stats.py for tasks to queue
[2024-02-02T16:27:11.095+0000] {logging_mixin.py:188} INFO - [2024-02-02T16:27:11.095+0000] {dagbag.py:538} INFO - Filling up the DagBag from /opt/airflow/dags/tft_sp_stats.py
[2024-02-02T16:27:11.560+0000] {logging_mixin.py:188} INFO - [2024-02-02T16:27:11.560+0000] {Limits.py:87} INFO - rate limit changed from 0/0s to 20/1s
[2024-02-02T16:27:11.561+0000] {logging_mixin.py:188} INFO - [2024-02-02T16:27:11.560+0000] {Limits.py:87} INFO - rate limit changed from 0/0s to 100/120s
[2024-02-02T16:27:11.561+0000] {logging_mixin.py:188} INFO - [2024-02-02T16:27:11.561+0000] {Limits.py:87} INFO - rate limit changed from 0/0s to 2000/60s
[2024-02-02T16:27:11.795+0000] {logging_mixin.py:188} INFO - [2024-02-02T16:27:11.795+0000] {Limits.py:87} INFO - rate limit changed from 0/0s to 20/1s
[2024-02-02T16:27:11.796+0000] {logging_mixin.py:188} INFO - [2024-02-02T16:27:11.795+0000] {Limits.py:87} INFO - rate limit changed from 0/0s to 100/120s
[2024-02-02T16:27:11.796+0000] {logging_mixin.py:188} INFO - [2024-02-02T16:27:11.796+0000] {Limits.py:87} INFO - rate limit changed from 0/0s to 400/10s
[2024-02-02T16:27:11.861+0000] {logging_mixin.py:188} INFO - [2024-02-02T16:27:11.861+0000] {Limits.py:87} INFO - rate limit changed from 0/0s to 200/10s
[2024-02-02T16:27:13.994+0000] {logging_mixin.py:188} INFO - augments     object
placement     int64
units        object
level         int64
dtype: object
[2024-02-02T16:27:14.063+0000] {processor.py:840} INFO - DAG(s) 'tft_pipeline' retrieved from /opt/airflow/dags/tft_sp_stats.py
[2024-02-02T16:27:14.082+0000] {logging_mixin.py:188} INFO - [2024-02-02T16:27:14.082+0000] {dag.py:3036} INFO - Sync 1 DAGs
[2024-02-02T16:27:14.097+0000] {logging_mixin.py:188} INFO - [2024-02-02T16:27:14.097+0000] {dag.py:3823} INFO - Setting next_dagrun for tft_pipeline to 2024-02-02 00:00:00+00:00, run_after=2024-02-03 00:00:00+00:00
[2024-02-02T16:27:14.109+0000] {processor.py:183} INFO - Processing /opt/airflow/dags/tft_sp_stats.py took 3.018 seconds
[2024-02-02T16:27:44.677+0000] {processor.py:161} INFO - Started process (PID=336) to work on /opt/airflow/dags/tft_sp_stats.py
[2024-02-02T16:27:44.678+0000] {processor.py:830} INFO - Processing file /opt/airflow/dags/tft_sp_stats.py for tasks to queue
[2024-02-02T16:27:44.679+0000] {logging_mixin.py:188} INFO - [2024-02-02T16:27:44.679+0000] {dagbag.py:538} INFO - Filling up the DagBag from /opt/airflow/dags/tft_sp_stats.py
[2024-02-02T16:27:45.087+0000] {logging_mixin.py:188} INFO - [2024-02-02T16:27:45.086+0000] {Limits.py:87} INFO - rate limit changed from 0/0s to 20/1s
[2024-02-02T16:27:45.087+0000] {logging_mixin.py:188} INFO - [2024-02-02T16:27:45.087+0000] {Limits.py:87} INFO - rate limit changed from 0/0s to 100/120s
[2024-02-02T16:27:45.087+0000] {logging_mixin.py:188} INFO - [2024-02-02T16:27:45.087+0000] {Limits.py:87} INFO - rate limit changed from 0/0s to 2000/60s
[2024-02-02T16:27:45.240+0000] {logging_mixin.py:188} INFO - [2024-02-02T16:27:45.240+0000] {Limits.py:87} INFO - rate limit changed from 0/0s to 20/1s
[2024-02-02T16:27:45.241+0000] {logging_mixin.py:188} INFO - [2024-02-02T16:27:45.241+0000] {Limits.py:87} INFO - rate limit changed from 0/0s to 100/120s
[2024-02-02T16:27:45.241+0000] {logging_mixin.py:188} INFO - [2024-02-02T16:27:45.241+0000] {Limits.py:87} INFO - rate limit changed from 0/0s to 400/10s
[2024-02-02T16:27:45.370+0000] {logging_mixin.py:188} INFO - [2024-02-02T16:27:45.370+0000] {Limits.py:87} INFO - rate limit changed from 0/0s to 200/10s
[2024-02-02T16:27:45.561+0000] {logging_mixin.py:188} INFO - [2024-02-02T16:27:45.559+0000] {dagbag.py:348} ERROR - Failed to import: /opt/airflow/dags/tft_sp_stats.py
Traceback (most recent call last):
  File "/home/airflow/.local/lib/python3.8/site-packages/riotwatcher/Handlers/ThrowOnErrorHandler.py", line 18, in after_request
    response.raise_for_status()
  File "/home/airflow/.local/lib/python3.8/site-packages/requests/models.py", line 1021, in raise_for_status
    raise HTTPError(http_error_msg, response=self)
requests.exceptions.HTTPError: 500 Server Error: Server Error for url: https://europe.api.riotgames.com/tft/match/v1/matches/EUW1_6780789220

During handling of the above exception, another exception occurred:

Traceback (most recent call last):
  File "/home/airflow/.local/lib/python3.8/site-packages/airflow/models/dagbag.py", line 344, in parse
    loader.exec_module(new_module)
  File "<frozen importlib._bootstrap_external>", line 843, in exec_module
  File "<frozen importlib._bootstrap>", line 219, in _call_with_frames_removed
  File "/opt/airflow/dags/tft_sp_stats.py", line 92, in <module>
    tft_dag = tft_pipeline()
  File "/home/airflow/.local/lib/python3.8/site-packages/airflow/models/dag.py", line 3944, in factory
    f(**f_kwargs)
  File "/opt/airflow/dags/tft_sp_stats.py", line 37, in tft_pipeline
    matches = [watcher.match.by_id(my_region, item) for item in matches_ids]
  File "/opt/airflow/dags/tft_sp_stats.py", line 37, in <listcomp>
    matches = [watcher.match.by_id(my_region, item) for item in matches_ids]
  File "/home/airflow/.local/lib/python3.8/site-packages/riotwatcher/_apis/helpers.py", line 37, in remapper
    return api_call(*nargs, **kwargs)
  File "/home/airflow/.local/lib/python3.8/site-packages/riotwatcher/_apis/team_fight_tactics/MatchApi.py", line 75, in by_id
    return self._request_endpoint(
  File "/home/airflow/.local/lib/python3.8/site-packages/riotwatcher/_apis/NamedEndpoint.py", line 36, in _request_endpoint
    return self._base_api.raw_request(
  File "/home/airflow/.local/lib/python3.8/site-packages/riotwatcher/_apis/BaseApi.py", line 51, in raw_request
    mod = handler.after_request(
  File "/home/airflow/.local/lib/python3.8/site-packages/riotwatcher/Handlers/ThrowOnErrorHandler.py", line 20, in after_request
    raise ApiError(*err.args, request=err.request, response=err.response)
requests.exceptions.HTTPError: 500 Server Error: Server Error for url: https://europe.api.riotgames.com/tft/match/v1/matches/EUW1_6780789220
[2024-02-02T16:27:45.563+0000] {processor.py:842} WARNING - No viable dags retrieved from /opt/airflow/dags/tft_sp_stats.py
[2024-02-02T16:27:45.585+0000] {processor.py:183} INFO - Processing /opt/airflow/dags/tft_sp_stats.py took 0.909 seconds
[2024-02-02T16:28:15.609+0000] {processor.py:161} INFO - Started process (PID=400) to work on /opt/airflow/dags/tft_sp_stats.py
[2024-02-02T16:28:15.609+0000] {processor.py:830} INFO - Processing file /opt/airflow/dags/tft_sp_stats.py for tasks to queue
[2024-02-02T16:28:15.610+0000] {logging_mixin.py:188} INFO - [2024-02-02T16:28:15.610+0000] {dagbag.py:538} INFO - Filling up the DagBag from /opt/airflow/dags/tft_sp_stats.py
[2024-02-02T16:28:16.067+0000] {logging_mixin.py:188} INFO - [2024-02-02T16:28:16.067+0000] {Limits.py:87} INFO - rate limit changed from 0/0s to 20/1s
[2024-02-02T16:28:16.067+0000] {logging_mixin.py:188} INFO - [2024-02-02T16:28:16.067+0000] {Limits.py:87} INFO - rate limit changed from 0/0s to 100/120s
[2024-02-02T16:28:16.067+0000] {logging_mixin.py:188} INFO - [2024-02-02T16:28:16.067+0000] {Limits.py:87} INFO - rate limit changed from 0/0s to 2000/60s
[2024-02-02T16:28:16.241+0000] {logging_mixin.py:188} INFO - [2024-02-02T16:28:16.241+0000] {Limits.py:87} INFO - rate limit changed from 0/0s to 20/1s
[2024-02-02T16:28:16.241+0000] {logging_mixin.py:188} INFO - [2024-02-02T16:28:16.241+0000] {Limits.py:87} INFO - rate limit changed from 0/0s to 100/120s
[2024-02-02T16:28:16.242+0000] {logging_mixin.py:188} INFO - [2024-02-02T16:28:16.242+0000] {Limits.py:87} INFO - rate limit changed from 0/0s to 400/10s
[2024-02-02T16:28:16.312+0000] {logging_mixin.py:188} INFO - [2024-02-02T16:28:16.312+0000] {Limits.py:87} INFO - rate limit changed from 0/0s to 200/10s
[2024-02-02T16:28:17.757+0000] {logging_mixin.py:188} INFO - augments     object
placement     int64
units        object
level         int64
dtype: object
[2024-02-02T16:28:17.835+0000] {processor.py:840} INFO - DAG(s) 'tft_pipeline' retrieved from /opt/airflow/dags/tft_sp_stats.py
[2024-02-02T16:28:17.856+0000] {logging_mixin.py:188} INFO - [2024-02-02T16:28:17.856+0000] {dag.py:3036} INFO - Sync 1 DAGs
[2024-02-02T16:28:17.872+0000] {logging_mixin.py:188} INFO - [2024-02-02T16:28:17.871+0000] {dag.py:3823} INFO - Setting next_dagrun for tft_pipeline to 2024-02-02 00:00:00+00:00, run_after=2024-02-03 00:00:00+00:00
[2024-02-02T16:28:17.889+0000] {processor.py:183} INFO - Processing /opt/airflow/dags/tft_sp_stats.py took 2.282 seconds
[2024-02-02T16:28:48.079+0000] {processor.py:161} INFO - Started process (PID=467) to work on /opt/airflow/dags/tft_sp_stats.py
[2024-02-02T16:28:48.079+0000] {processor.py:830} INFO - Processing file /opt/airflow/dags/tft_sp_stats.py for tasks to queue
[2024-02-02T16:28:48.080+0000] {logging_mixin.py:188} INFO - [2024-02-02T16:28:48.080+0000] {dagbag.py:538} INFO - Filling up the DagBag from /opt/airflow/dags/tft_sp_stats.py
[2024-02-02T16:28:48.513+0000] {logging_mixin.py:188} INFO - [2024-02-02T16:28:48.513+0000] {Limits.py:87} INFO - rate limit changed from 0/0s to 20/1s
[2024-02-02T16:28:48.513+0000] {logging_mixin.py:188} INFO - [2024-02-02T16:28:48.513+0000] {Limits.py:87} INFO - rate limit changed from 0/0s to 100/120s
[2024-02-02T16:28:48.514+0000] {logging_mixin.py:188} INFO - [2024-02-02T16:28:48.513+0000] {Limits.py:87} INFO - rate limit changed from 0/0s to 2000/60s
[2024-02-02T16:28:48.664+0000] {logging_mixin.py:188} INFO - [2024-02-02T16:28:48.664+0000] {Limits.py:87} INFO - rate limit changed from 0/0s to 20/1s
[2024-02-02T16:28:48.664+0000] {logging_mixin.py:188} INFO - [2024-02-02T16:28:48.664+0000] {Limits.py:87} INFO - rate limit changed from 0/0s to 100/120s
[2024-02-02T16:28:48.665+0000] {logging_mixin.py:188} INFO - [2024-02-02T16:28:48.665+0000] {Limits.py:87} INFO - rate limit changed from 0/0s to 400/10s
[2024-02-02T16:28:48.730+0000] {logging_mixin.py:188} INFO - [2024-02-02T16:28:48.730+0000] {Limits.py:87} INFO - rate limit changed from 0/0s to 200/10s
[2024-02-02T16:28:50.253+0000] {logging_mixin.py:188} INFO - augments     object
placement     int64
units        object
level         int64
dtype: object
[2024-02-02T16:28:50.360+0000] {processor.py:840} INFO - DAG(s) 'tft_pipeline' retrieved from /opt/airflow/dags/tft_sp_stats.py
[2024-02-02T16:28:50.384+0000] {logging_mixin.py:188} INFO - [2024-02-02T16:28:50.384+0000] {dag.py:3036} INFO - Sync 1 DAGs
[2024-02-02T16:28:50.425+0000] {logging_mixin.py:188} INFO - [2024-02-02T16:28:50.425+0000] {dag.py:3823} INFO - Setting next_dagrun for tft_pipeline to 2024-02-02 00:00:00+00:00, run_after=2024-02-03 00:00:00+00:00
[2024-02-02T16:28:50.440+0000] {processor.py:183} INFO - Processing /opt/airflow/dags/tft_sp_stats.py took 2.363 seconds
[2024-02-02T16:29:21.182+0000] {processor.py:161} INFO - Started process (PID=526) to work on /opt/airflow/dags/tft_sp_stats.py
[2024-02-02T16:29:21.183+0000] {processor.py:830} INFO - Processing file /opt/airflow/dags/tft_sp_stats.py for tasks to queue
[2024-02-02T16:29:21.183+0000] {logging_mixin.py:188} INFO - [2024-02-02T16:29:21.183+0000] {dagbag.py:538} INFO - Filling up the DagBag from /opt/airflow/dags/tft_sp_stats.py
[2024-02-02T16:29:21.636+0000] {logging_mixin.py:188} INFO - [2024-02-02T16:29:21.636+0000] {Limits.py:87} INFO - rate limit changed from 0/0s to 20/1s
[2024-02-02T16:29:21.636+0000] {logging_mixin.py:188} INFO - [2024-02-02T16:29:21.636+0000] {Limits.py:87} INFO - rate limit changed from 0/0s to 100/120s
[2024-02-02T16:29:21.637+0000] {logging_mixin.py:188} INFO - [2024-02-02T16:29:21.636+0000] {Limits.py:87} INFO - rate limit changed from 0/0s to 2000/60s
[2024-02-02T16:29:21.825+0000] {logging_mixin.py:188} INFO - [2024-02-02T16:29:21.825+0000] {Limits.py:87} INFO - rate limit changed from 0/0s to 20/1s
[2024-02-02T16:29:21.826+0000] {logging_mixin.py:188} INFO - [2024-02-02T16:29:21.826+0000] {Limits.py:87} INFO - rate limit changed from 0/0s to 100/120s
[2024-02-02T16:29:21.826+0000] {logging_mixin.py:188} INFO - [2024-02-02T16:29:21.826+0000] {Limits.py:87} INFO - rate limit changed from 0/0s to 400/10s
[2024-02-02T16:29:21.890+0000] {logging_mixin.py:188} INFO - [2024-02-02T16:29:21.890+0000] {Limits.py:87} INFO - rate limit changed from 0/0s to 200/10s
[2024-02-02T16:29:23.397+0000] {logging_mixin.py:188} INFO - augments     object
placement     int64
units        object
level         int64
dtype: object
[2024-02-02T16:29:23.472+0000] {processor.py:840} INFO - DAG(s) 'tft_pipeline' retrieved from /opt/airflow/dags/tft_sp_stats.py
[2024-02-02T16:29:23.491+0000] {logging_mixin.py:188} INFO - [2024-02-02T16:29:23.491+0000] {dag.py:3036} INFO - Sync 1 DAGs
[2024-02-02T16:29:23.506+0000] {logging_mixin.py:188} INFO - [2024-02-02T16:29:23.506+0000] {dag.py:3823} INFO - Setting next_dagrun for tft_pipeline to 2024-02-02 00:00:00+00:00, run_after=2024-02-03 00:00:00+00:00
[2024-02-02T16:29:23.521+0000] {processor.py:183} INFO - Processing /opt/airflow/dags/tft_sp_stats.py took 2.340 seconds
[2024-02-02T16:29:53.566+0000] {processor.py:161} INFO - Started process (PID=585) to work on /opt/airflow/dags/tft_sp_stats.py
[2024-02-02T16:29:53.567+0000] {processor.py:830} INFO - Processing file /opt/airflow/dags/tft_sp_stats.py for tasks to queue
[2024-02-02T16:29:53.568+0000] {logging_mixin.py:188} INFO - [2024-02-02T16:29:53.568+0000] {dagbag.py:538} INFO - Filling up the DagBag from /opt/airflow/dags/tft_sp_stats.py
[2024-02-02T16:29:53.965+0000] {logging_mixin.py:188} INFO - [2024-02-02T16:29:53.965+0000] {Limits.py:87} INFO - rate limit changed from 0/0s to 20/1s
[2024-02-02T16:29:53.965+0000] {logging_mixin.py:188} INFO - [2024-02-02T16:29:53.965+0000] {Limits.py:87} INFO - rate limit changed from 0/0s to 100/120s
[2024-02-02T16:29:53.965+0000] {logging_mixin.py:188} INFO - [2024-02-02T16:29:53.965+0000] {Limits.py:87} INFO - rate limit changed from 0/0s to 2000/60s
[2024-02-02T16:29:54.111+0000] {logging_mixin.py:188} INFO - [2024-02-02T16:29:54.111+0000] {Limits.py:87} INFO - rate limit changed from 0/0s to 20/1s
[2024-02-02T16:29:54.111+0000] {logging_mixin.py:188} INFO - [2024-02-02T16:29:54.111+0000] {Limits.py:87} INFO - rate limit changed from 0/0s to 100/120s
[2024-02-02T16:29:54.112+0000] {logging_mixin.py:188} INFO - [2024-02-02T16:29:54.111+0000] {Limits.py:87} INFO - rate limit changed from 0/0s to 400/10s
[2024-02-02T16:29:54.408+0000] {logging_mixin.py:188} INFO - [2024-02-02T16:29:54.407+0000] {Limits.py:87} INFO - rate limit changed from 0/0s to 200/10s
[2024-02-02T16:29:55.811+0000] {logging_mixin.py:188} INFO - augments     object
placement     int64
units        object
level         int64
dtype: object
[2024-02-02T16:29:55.890+0000] {processor.py:840} INFO - DAG(s) 'tft_pipeline' retrieved from /opt/airflow/dags/tft_sp_stats.py
[2024-02-02T16:29:55.909+0000] {logging_mixin.py:188} INFO - [2024-02-02T16:29:55.909+0000] {dag.py:3036} INFO - Sync 1 DAGs
[2024-02-02T16:29:55.924+0000] {logging_mixin.py:188} INFO - [2024-02-02T16:29:55.924+0000] {dag.py:3823} INFO - Setting next_dagrun for tft_pipeline to 2024-02-02 00:00:00+00:00, run_after=2024-02-03 00:00:00+00:00
[2024-02-02T16:29:55.939+0000] {processor.py:183} INFO - Processing /opt/airflow/dags/tft_sp_stats.py took 2.374 seconds
[2024-02-02T16:30:26.248+0000] {processor.py:161} INFO - Started process (PID=644) to work on /opt/airflow/dags/tft_sp_stats.py
[2024-02-02T16:30:26.248+0000] {processor.py:830} INFO - Processing file /opt/airflow/dags/tft_sp_stats.py for tasks to queue
[2024-02-02T16:30:26.249+0000] {logging_mixin.py:188} INFO - [2024-02-02T16:30:26.249+0000] {dagbag.py:538} INFO - Filling up the DagBag from /opt/airflow/dags/tft_sp_stats.py
[2024-02-02T16:30:26.765+0000] {logging_mixin.py:188} INFO - [2024-02-02T16:30:26.765+0000] {Limits.py:87} INFO - rate limit changed from 0/0s to 20/1s
[2024-02-02T16:30:26.765+0000] {logging_mixin.py:188} INFO - [2024-02-02T16:30:26.765+0000] {Limits.py:87} INFO - rate limit changed from 0/0s to 100/120s
[2024-02-02T16:30:26.766+0000] {logging_mixin.py:188} INFO - [2024-02-02T16:30:26.766+0000] {Limits.py:87} INFO - rate limit changed from 0/0s to 2000/60s
[2024-02-02T16:30:26.983+0000] {logging_mixin.py:188} INFO - [2024-02-02T16:30:26.983+0000] {Limits.py:87} INFO - rate limit changed from 0/0s to 20/1s
[2024-02-02T16:30:26.983+0000] {logging_mixin.py:188} INFO - [2024-02-02T16:30:26.983+0000] {Limits.py:87} INFO - rate limit changed from 0/0s to 100/120s
[2024-02-02T16:30:26.984+0000] {logging_mixin.py:188} INFO - [2024-02-02T16:30:26.984+0000] {Limits.py:87} INFO - rate limit changed from 0/0s to 400/10s
[2024-02-02T16:30:27.052+0000] {logging_mixin.py:188} INFO - [2024-02-02T16:30:27.052+0000] {Limits.py:87} INFO - rate limit changed from 0/0s to 200/10s
[2024-02-02T16:30:28.556+0000] {logging_mixin.py:188} INFO - augments     object
placement     int64
units        object
level         int64
dtype: object
[2024-02-02T16:30:28.627+0000] {processor.py:840} INFO - DAG(s) 'tft_pipeline' retrieved from /opt/airflow/dags/tft_sp_stats.py
[2024-02-02T16:30:28.647+0000] {logging_mixin.py:188} INFO - [2024-02-02T16:30:28.647+0000] {dag.py:3036} INFO - Sync 1 DAGs
[2024-02-02T16:30:28.661+0000] {logging_mixin.py:188} INFO - [2024-02-02T16:30:28.661+0000] {dag.py:3823} INFO - Setting next_dagrun for tft_pipeline to 2024-02-02 00:00:00+00:00, run_after=2024-02-03 00:00:00+00:00
[2024-02-02T16:30:28.676+0000] {processor.py:183} INFO - Processing /opt/airflow/dags/tft_sp_stats.py took 2.429 seconds
[2024-02-02T16:30:59.377+0000] {processor.py:161} INFO - Started process (PID=703) to work on /opt/airflow/dags/tft_sp_stats.py
[2024-02-02T16:30:59.378+0000] {processor.py:830} INFO - Processing file /opt/airflow/dags/tft_sp_stats.py for tasks to queue
[2024-02-02T16:30:59.379+0000] {logging_mixin.py:188} INFO - [2024-02-02T16:30:59.379+0000] {dagbag.py:538} INFO - Filling up the DagBag from /opt/airflow/dags/tft_sp_stats.py
[2024-02-02T16:30:59.802+0000] {logging_mixin.py:188} INFO - [2024-02-02T16:30:59.802+0000] {Limits.py:87} INFO - rate limit changed from 0/0s to 20/1s
[2024-02-02T16:30:59.803+0000] {logging_mixin.py:188} INFO - [2024-02-02T16:30:59.803+0000] {Limits.py:87} INFO - rate limit changed from 0/0s to 100/120s
[2024-02-02T16:30:59.803+0000] {logging_mixin.py:188} INFO - [2024-02-02T16:30:59.803+0000] {Limits.py:87} INFO - rate limit changed from 0/0s to 2000/60s
[2024-02-02T16:30:59.962+0000] {logging_mixin.py:188} INFO - [2024-02-02T16:30:59.961+0000] {Limits.py:87} INFO - rate limit changed from 0/0s to 20/1s
[2024-02-02T16:30:59.962+0000] {logging_mixin.py:188} INFO - [2024-02-02T16:30:59.962+0000] {Limits.py:87} INFO - rate limit changed from 0/0s to 100/120s
[2024-02-02T16:30:59.962+0000] {logging_mixin.py:188} INFO - [2024-02-02T16:30:59.962+0000] {Limits.py:87} INFO - rate limit changed from 0/0s to 400/10s
[2024-02-02T16:31:00.030+0000] {logging_mixin.py:188} INFO - [2024-02-02T16:31:00.030+0000] {Limits.py:87} INFO - rate limit changed from 0/0s to 200/10s
[2024-02-02T16:31:01.461+0000] {logging_mixin.py:188} INFO - augments     object
placement     int64
units        object
level         int64
dtype: object
[2024-02-02T16:31:01.555+0000] {processor.py:840} INFO - DAG(s) 'tft_pipeline' retrieved from /opt/airflow/dags/tft_sp_stats.py
[2024-02-02T16:31:01.575+0000] {logging_mixin.py:188} INFO - [2024-02-02T16:31:01.575+0000] {dag.py:3036} INFO - Sync 1 DAGs
[2024-02-02T16:31:01.590+0000] {logging_mixin.py:188} INFO - [2024-02-02T16:31:01.590+0000] {dag.py:3823} INFO - Setting next_dagrun for tft_pipeline to 2024-02-02 00:00:00+00:00, run_after=2024-02-03 00:00:00+00:00
[2024-02-02T16:31:01.605+0000] {processor.py:183} INFO - Processing /opt/airflow/dags/tft_sp_stats.py took 2.229 seconds
[2024-02-02T16:31:31.721+0000] {processor.py:161} INFO - Started process (PID=762) to work on /opt/airflow/dags/tft_sp_stats.py
[2024-02-02T16:31:31.722+0000] {processor.py:830} INFO - Processing file /opt/airflow/dags/tft_sp_stats.py for tasks to queue
[2024-02-02T16:31:31.723+0000] {logging_mixin.py:188} INFO - [2024-02-02T16:31:31.723+0000] {dagbag.py:538} INFO - Filling up the DagBag from /opt/airflow/dags/tft_sp_stats.py
[2024-02-02T16:31:32.195+0000] {logging_mixin.py:188} INFO - [2024-02-02T16:31:32.195+0000] {Limits.py:87} INFO - rate limit changed from 0/0s to 20/1s
[2024-02-02T16:31:32.195+0000] {logging_mixin.py:188} INFO - [2024-02-02T16:31:32.195+0000] {Limits.py:87} INFO - rate limit changed from 0/0s to 100/120s
[2024-02-02T16:31:32.196+0000] {logging_mixin.py:188} INFO - [2024-02-02T16:31:32.195+0000] {Limits.py:87} INFO - rate limit changed from 0/0s to 2000/60s
[2024-02-02T16:31:32.379+0000] {logging_mixin.py:188} INFO - [2024-02-02T16:31:32.379+0000] {Limits.py:87} INFO - rate limit changed from 0/0s to 20/1s
[2024-02-02T16:31:32.380+0000] {logging_mixin.py:188} INFO - [2024-02-02T16:31:32.379+0000] {Limits.py:87} INFO - rate limit changed from 0/0s to 100/120s
[2024-02-02T16:31:32.380+0000] {logging_mixin.py:188} INFO - [2024-02-02T16:31:32.380+0000] {Limits.py:87} INFO - rate limit changed from 0/0s to 400/10s
[2024-02-02T16:31:32.455+0000] {logging_mixin.py:188} INFO - [2024-02-02T16:31:32.455+0000] {Limits.py:87} INFO - rate limit changed from 0/0s to 200/10s
[2024-02-02T16:31:34.377+0000] {logging_mixin.py:188} INFO - augments     object
placement     int64
units        object
level         int64
dtype: object
[2024-02-02T16:31:34.455+0000] {processor.py:840} INFO - DAG(s) 'tft_pipeline' retrieved from /opt/airflow/dags/tft_sp_stats.py
[2024-02-02T16:31:34.475+0000] {logging_mixin.py:188} INFO - [2024-02-02T16:31:34.474+0000] {dag.py:3036} INFO - Sync 1 DAGs
[2024-02-02T16:31:34.489+0000] {logging_mixin.py:188} INFO - [2024-02-02T16:31:34.489+0000] {dag.py:3823} INFO - Setting next_dagrun for tft_pipeline to 2024-02-02 00:00:00+00:00, run_after=2024-02-03 00:00:00+00:00
[2024-02-02T16:31:34.505+0000] {processor.py:183} INFO - Processing /opt/airflow/dags/tft_sp_stats.py took 2.785 seconds
[2024-02-02T16:32:05.112+0000] {processor.py:161} INFO - Started process (PID=827) to work on /opt/airflow/dags/tft_sp_stats.py
[2024-02-02T16:32:05.112+0000] {processor.py:830} INFO - Processing file /opt/airflow/dags/tft_sp_stats.py for tasks to queue
[2024-02-02T16:32:05.113+0000] {logging_mixin.py:188} INFO - [2024-02-02T16:32:05.113+0000] {dagbag.py:538} INFO - Filling up the DagBag from /opt/airflow/dags/tft_sp_stats.py
[2024-02-02T16:32:05.506+0000] {logging_mixin.py:188} INFO - [2024-02-02T16:32:05.506+0000] {Limits.py:87} INFO - rate limit changed from 0/0s to 20/1s
[2024-02-02T16:32:05.507+0000] {logging_mixin.py:188} INFO - [2024-02-02T16:32:05.506+0000] {Limits.py:87} INFO - rate limit changed from 0/0s to 100/120s
[2024-02-02T16:32:05.507+0000] {logging_mixin.py:188} INFO - [2024-02-02T16:32:05.507+0000] {Limits.py:87} INFO - rate limit changed from 0/0s to 2000/60s
[2024-02-02T16:32:05.659+0000] {logging_mixin.py:188} INFO - [2024-02-02T16:32:05.659+0000] {Limits.py:87} INFO - rate limit changed from 0/0s to 20/1s
[2024-02-02T16:32:05.659+0000] {logging_mixin.py:188} INFO - [2024-02-02T16:32:05.659+0000] {Limits.py:87} INFO - rate limit changed from 0/0s to 100/120s
[2024-02-02T16:32:05.660+0000] {logging_mixin.py:188} INFO - [2024-02-02T16:32:05.660+0000] {Limits.py:87} INFO - rate limit changed from 0/0s to 400/10s
[2024-02-02T16:32:05.730+0000] {logging_mixin.py:188} INFO - [2024-02-02T16:32:05.730+0000] {Limits.py:87} INFO - rate limit changed from 0/0s to 200/10s
[2024-02-02T16:32:07.527+0000] {logging_mixin.py:188} INFO - augments     object
placement     int64
units        object
level         int64
dtype: object
[2024-02-02T16:32:07.603+0000] {processor.py:840} INFO - DAG(s) 'tft_pipeline' retrieved from /opt/airflow/dags/tft_sp_stats.py
[2024-02-02T16:32:07.622+0000] {logging_mixin.py:188} INFO - [2024-02-02T16:32:07.622+0000] {dag.py:3036} INFO - Sync 1 DAGs
[2024-02-02T16:32:07.637+0000] {logging_mixin.py:188} INFO - [2024-02-02T16:32:07.637+0000] {dag.py:3823} INFO - Setting next_dagrun for tft_pipeline to 2024-02-02 00:00:00+00:00, run_after=2024-02-03 00:00:00+00:00
[2024-02-02T16:32:07.649+0000] {processor.py:183} INFO - Processing /opt/airflow/dags/tft_sp_stats.py took 2.538 seconds
[2024-02-02T16:32:37.792+0000] {processor.py:161} INFO - Started process (PID=886) to work on /opt/airflow/dags/tft_sp_stats.py
[2024-02-02T16:32:37.793+0000] {processor.py:830} INFO - Processing file /opt/airflow/dags/tft_sp_stats.py for tasks to queue
[2024-02-02T16:32:37.794+0000] {logging_mixin.py:188} INFO - [2024-02-02T16:32:37.794+0000] {dagbag.py:538} INFO - Filling up the DagBag from /opt/airflow/dags/tft_sp_stats.py
[2024-02-02T16:32:38.231+0000] {logging_mixin.py:188} INFO - [2024-02-02T16:32:38.230+0000] {Limits.py:87} INFO - rate limit changed from 0/0s to 20/1s
[2024-02-02T16:32:38.231+0000] {logging_mixin.py:188} INFO - [2024-02-02T16:32:38.231+0000] {Limits.py:87} INFO - rate limit changed from 0/0s to 100/120s
[2024-02-02T16:32:38.231+0000] {logging_mixin.py:188} INFO - [2024-02-02T16:32:38.231+0000] {Limits.py:87} INFO - rate limit changed from 0/0s to 2000/60s
[2024-02-02T16:32:38.393+0000] {logging_mixin.py:188} INFO - [2024-02-02T16:32:38.392+0000] {Limits.py:87} INFO - rate limit changed from 0/0s to 20/1s
[2024-02-02T16:32:38.393+0000] {logging_mixin.py:188} INFO - [2024-02-02T16:32:38.393+0000] {Limits.py:87} INFO - rate limit changed from 0/0s to 100/120s
[2024-02-02T16:32:38.393+0000] {logging_mixin.py:188} INFO - [2024-02-02T16:32:38.393+0000] {Limits.py:87} INFO - rate limit changed from 0/0s to 400/10s
[2024-02-02T16:32:38.468+0000] {logging_mixin.py:188} INFO - [2024-02-02T16:32:38.467+0000] {Limits.py:87} INFO - rate limit changed from 0/0s to 200/10s
[2024-02-02T16:32:39.978+0000] {logging_mixin.py:188} INFO - augments     object
placement     int64
units        object
level         int64
dtype: object
[2024-02-02T16:32:40.060+0000] {processor.py:840} INFO - DAG(s) 'tft_pipeline' retrieved from /opt/airflow/dags/tft_sp_stats.py
[2024-02-02T16:32:40.080+0000] {logging_mixin.py:188} INFO - [2024-02-02T16:32:40.079+0000] {dag.py:3036} INFO - Sync 1 DAGs
[2024-02-02T16:32:40.096+0000] {logging_mixin.py:188} INFO - [2024-02-02T16:32:40.096+0000] {dag.py:3823} INFO - Setting next_dagrun for tft_pipeline to 2024-02-02 00:00:00+00:00, run_after=2024-02-03 00:00:00+00:00
[2024-02-02T16:32:40.108+0000] {processor.py:183} INFO - Processing /opt/airflow/dags/tft_sp_stats.py took 2.318 seconds
[2024-02-02T16:33:10.197+0000] {processor.py:161} INFO - Started process (PID=945) to work on /opt/airflow/dags/tft_sp_stats.py
[2024-02-02T16:33:10.197+0000] {processor.py:830} INFO - Processing file /opt/airflow/dags/tft_sp_stats.py for tasks to queue
[2024-02-02T16:33:10.198+0000] {logging_mixin.py:188} INFO - [2024-02-02T16:33:10.198+0000] {dagbag.py:538} INFO - Filling up the DagBag from /opt/airflow/dags/tft_sp_stats.py
[2024-02-02T16:33:10.599+0000] {logging_mixin.py:188} INFO - [2024-02-02T16:33:10.599+0000] {Limits.py:87} INFO - rate limit changed from 0/0s to 20/1s
[2024-02-02T16:33:10.599+0000] {logging_mixin.py:188} INFO - [2024-02-02T16:33:10.599+0000] {Limits.py:87} INFO - rate limit changed from 0/0s to 100/120s
[2024-02-02T16:33:10.600+0000] {logging_mixin.py:188} INFO - [2024-02-02T16:33:10.600+0000] {Limits.py:87} INFO - rate limit changed from 0/0s to 2000/60s
[2024-02-02T16:33:10.754+0000] {logging_mixin.py:188} INFO - [2024-02-02T16:33:10.754+0000] {Limits.py:87} INFO - rate limit changed from 0/0s to 20/1s
[2024-02-02T16:33:10.754+0000] {logging_mixin.py:188} INFO - [2024-02-02T16:33:10.754+0000] {Limits.py:87} INFO - rate limit changed from 0/0s to 100/120s
[2024-02-02T16:33:10.755+0000] {logging_mixin.py:188} INFO - [2024-02-02T16:33:10.754+0000] {Limits.py:87} INFO - rate limit changed from 0/0s to 400/10s
[2024-02-02T16:33:10.825+0000] {logging_mixin.py:188} INFO - [2024-02-02T16:33:10.825+0000] {Limits.py:87} INFO - rate limit changed from 0/0s to 200/10s
[2024-02-02T16:33:12.267+0000] {logging_mixin.py:188} INFO - augments     object
placement     int64
units        object
level         int64
dtype: object
[2024-02-02T16:33:12.357+0000] {processor.py:840} INFO - DAG(s) 'tft_pipeline' retrieved from /opt/airflow/dags/tft_sp_stats.py
[2024-02-02T16:33:12.377+0000] {logging_mixin.py:188} INFO - [2024-02-02T16:33:12.377+0000] {dag.py:3036} INFO - Sync 1 DAGs
[2024-02-02T16:33:12.395+0000] {logging_mixin.py:188} INFO - [2024-02-02T16:33:12.395+0000] {dag.py:3823} INFO - Setting next_dagrun for tft_pipeline to 2024-02-02 00:00:00+00:00, run_after=2024-02-03 00:00:00+00:00
[2024-02-02T16:33:12.408+0000] {processor.py:183} INFO - Processing /opt/airflow/dags/tft_sp_stats.py took 2.213 seconds
